<?xml version="1.0" encoding="UTF-8"?>
<coverage generated="1696877421214" clover="3.2.0">
  <project timestamp="1696877421215" name="All files">
    <metrics statements="310" coveredstatements="175" conditionals="28" coveredconditionals="27" methods="99" coveredmethods="48" elements="437" coveredelements="250" complexity="0" loc="310" ncloc="310" packages="14" files="68" classes="68"/>
    <package name="data.usecases.add-user">
      <metrics statements="4" coveredstatements="4" conditionals="0" coveredconditionals="0" methods="2" coveredmethods="2"/>
      <file name="db-add-user.ts" path="C:\Users\sjoao\Workspace\Projeto1-S107\src\data\usecases\add-user\db-add-user.ts">
        <metrics statements="4" coveredstatements="4" conditionals="0" coveredconditionals="0" methods="2" coveredmethods="2"/>
        <line num="5" count="1" type="stmt"/>
        <line num="8" count="4" type="stmt"/>
        <line num="12" count="4" type="stmt"/>
        <line num="13" count="3" type="stmt"/>
      </file>
    </package>
    <package name="data.usecases.delete-user">
      <metrics statements="3" coveredstatements="3" conditionals="0" coveredconditionals="0" methods="2" coveredmethods="2"/>
      <file name="db-delete-user.ts" path="C:\Users\sjoao\Workspace\Projeto1-S107\src\data\usecases\delete-user\db-delete-user.ts">
        <metrics statements="3" coveredstatements="3" conditionals="0" coveredconditionals="0" methods="2" coveredmethods="2"/>
        <line num="4" count="1" type="stmt"/>
        <line num="7" count="5" type="stmt"/>
        <line num="11" count="5" type="stmt"/>
      </file>
    </package>
    <package name="data.usecases.load-user-by-id">
      <metrics statements="3" coveredstatements="3" conditionals="0" coveredconditionals="0" methods="2" coveredmethods="2"/>
      <file name="db-load-user-by-id.ts" path="C:\Users\sjoao\Workspace\Projeto1-S107\src\data\usecases\load-user-by-id\db-load-user-by-id.ts">
        <metrics statements="3" coveredstatements="3" conditionals="0" coveredconditionals="0" methods="2" coveredmethods="2"/>
        <line num="4" count="1" type="stmt"/>
        <line num="7" count="5" type="stmt"/>
        <line num="11" count="5" type="stmt"/>
      </file>
    </package>
    <package name="data.usecases.update-user">
      <metrics statements="3" coveredstatements="3" conditionals="0" coveredconditionals="0" methods="2" coveredmethods="2"/>
      <file name="db-update-user.ts" path="C:\Users\sjoao\Workspace\Projeto1-S107\src\data\usecases\update-user\db-update-user.ts">
        <metrics statements="3" coveredstatements="3" conditionals="0" coveredconditionals="0" methods="2" coveredmethods="2"/>
        <line num="4" count="1" type="stmt"/>
        <line num="7" count="5" type="stmt"/>
        <line num="11" count="5" type="stmt"/>
      </file>
    </package>
    <package name="domain.mocks.user">
      <metrics statements="17" coveredstatements="15" conditionals="0" coveredconditionals="0" methods="11" coveredmethods="8"/>
      <file name="index.ts" path="C:\Users\sjoao\Workspace\Projeto1-S107\src\domain\mocks\user\index.ts">
        <metrics statements="17" coveredstatements="15" conditionals="0" coveredconditionals="0" methods="11" coveredmethods="8"/>
        <line num="9" count="9" type="stmt"/>
        <line num="11" count="7" type="stmt"/>
        <line num="13" count="12" type="stmt"/>
        <line num="21" count="7" type="stmt"/>
        <line num="22" count="0" type="stmt"/>
        <line num="31" count="7" type="stmt"/>
        <line num="32" count="12" type="stmt"/>
        <line num="42" count="7" type="stmt"/>
        <line num="43" count="20" type="stmt"/>
        <line num="51" count="7" type="stmt"/>
        <line num="52" count="10" type="stmt"/>
        <line num="60" count="7" type="stmt"/>
        <line num="61" count="20" type="stmt"/>
        <line num="71" count="10" type="stmt"/>
        <line num="73" count="9" type="stmt"/>
        <line num="75" count="7" type="stmt"/>
        <line num="76" count="0" type="stmt"/>
      </file>
    </package>
    <package name="infra.user">
      <metrics statements="4" coveredstatements="0" conditionals="0" coveredconditionals="0" methods="3" coveredmethods="0"/>
      <file name="user-mysql-repository.ts" path="C:\Users\sjoao\Workspace\Projeto1-S107\src\infra\user\user-mysql-repository.ts">
        <metrics statements="4" coveredstatements="0" conditionals="0" coveredconditionals="0" methods="3" coveredmethods="0"/>
        <line num="8" count="0" type="stmt"/>
        <line num="14" count="0" type="stmt"/>
        <line num="17" count="0" type="stmt"/>
        <line num="23" count="0" type="stmt"/>
      </file>
    </package>
    <package name="presentation.controller.add-user">
      <metrics statements="13" coveredstatements="13" conditionals="2" coveredconditionals="1" methods="2" coveredmethods="2"/>
      <file name="add-user-controller.ts" path="C:\Users\sjoao\Workspace\Projeto1-S107\src\presentation\controller\add-user\add-user-controller.ts">
        <metrics statements="13" coveredstatements="13" conditionals="2" coveredconditionals="1" methods="2" coveredmethods="2"/>
        <line num="2" count="1" type="stmt"/>
        <line num="4" count="1" type="stmt"/>
        <line num="6" count="1" type="stmt"/>
        <line num="11" count="8" type="stmt"/>
        <line num="12" count="8" type="stmt"/>
        <line num="16" count="8" type="stmt"/>
        <line num="17" count="8" type="cond" truecount="0" falsecount="1"/>
        <line num="19" count="8" type="stmt"/>
        <line num="20" count="8" type="stmt"/>
        <line num="21" count="8" type="cond" truecount="1" falsecount="0"/>
        <line num="23" count="7" type="stmt"/>
        <line num="24" count="6" type="stmt"/>
        <line num="26" count="1" type="stmt"/>
      </file>
    </package>
    <package name="presentation.controller.delete-user">
      <metrics statements="14" coveredstatements="14" conditionals="3" coveredconditionals="3" methods="2" coveredmethods="2"/>
      <file name="delete-user-controller.ts" path="C:\Users\sjoao\Workspace\Projeto1-S107\src\presentation\controller\delete-user\delete-user-controller.ts">
        <metrics statements="14" coveredstatements="14" conditionals="3" coveredconditionals="3" methods="2" coveredmethods="2"/>
        <line num="3" count="1" type="stmt"/>
        <line num="4" count="1" type="stmt"/>
        <line num="5" count="1" type="stmt"/>
        <line num="8" count="1" type="stmt"/>
        <line num="12" count="10" type="stmt"/>
        <line num="13" count="10" type="stmt"/>
        <line num="17" count="10" type="stmt"/>
        <line num="18" count="10" type="cond" truecount="1" falsecount="0"/>
        <line num="19" count="9" type="stmt"/>
        <line num="20" count="9" type="cond" truecount="1" falsecount="0"/>
        <line num="21" count="8" type="stmt"/>
        <line num="22" count="7" type="cond" truecount="1" falsecount="0"/>
        <line num="23" count="6" type="stmt"/>
        <line num="25" count="1" type="stmt"/>
      </file>
    </package>
    <package name="presentation.controller.load-user-by-id">
      <metrics statements="12" coveredstatements="12" conditionals="2" coveredconditionals="2" methods="2" coveredmethods="2"/>
      <file name="load-user-by-id-controller.ts" path="C:\Users\sjoao\Workspace\Projeto1-S107\src\presentation\controller\load-user-by-id\load-user-by-id-controller.ts">
        <metrics statements="12" coveredstatements="12" conditionals="2" coveredconditionals="2" methods="2" coveredmethods="2"/>
        <line num="2" count="1" type="stmt"/>
        <line num="3" count="1" type="stmt"/>
        <line num="6" count="1" type="stmt"/>
        <line num="10" count="9" type="stmt"/>
        <line num="11" count="9" type="stmt"/>
        <line num="15" count="9" type="stmt"/>
        <line num="16" count="9" type="stmt"/>
        <line num="17" count="9" type="cond" truecount="1" falsecount="0"/>
        <line num="18" count="8" type="stmt"/>
        <line num="19" count="7" type="cond" truecount="1" falsecount="0"/>
        <line num="20" count="6" type="stmt"/>
        <line num="22" count="1" type="stmt"/>
      </file>
    </package>
    <package name="presentation.controller.update-user">
      <metrics statements="19" coveredstatements="19" conditionals="5" coveredconditionals="5" methods="2" coveredmethods="2"/>
      <file name="update-user-controller.ts" path="C:\Users\sjoao\Workspace\Projeto1-S107\src\presentation\controller\update-user\update-user-controller.ts">
        <metrics statements="19" coveredstatements="19" conditionals="5" coveredconditionals="5" methods="2" coveredmethods="2"/>
        <line num="1" count="1" type="stmt"/>
        <line num="4" count="1" type="stmt"/>
        <line num="5" count="1" type="stmt"/>
        <line num="6" count="1" type="stmt"/>
        <line num="8" count="1" type="stmt"/>
        <line num="13" count="15" type="stmt"/>
        <line num="14" count="15" type="stmt"/>
        <line num="15" count="15" type="stmt"/>
        <line num="19" count="15" type="stmt"/>
        <line num="20" count="15" type="cond" truecount="1" falsecount="0"/>
        <line num="21" count="14" type="cond" truecount="1" falsecount="0"/>
        <line num="22" count="13" type="stmt"/>
        <line num="23" count="13" type="stmt"/>
        <line num="24" count="13" type="cond" truecount="1" falsecount="0"/>
        <line num="25" count="12" type="cond" truecount="1" falsecount="0"/>
        <line num="27" count="11" type="stmt"/>
        <line num="28" count="10" type="cond" truecount="1" falsecount="0"/>
        <line num="29" count="9" type="stmt"/>
        <line num="31" count="1" type="stmt"/>
      </file>
    </package>
    <package name="presentation.errors">
      <metrics statements="148" coveredstatements="32" conditionals="0" coveredconditionals="0" methods="46" coveredmethods="5"/>
      <file name="access-denied.ts" path="C:\Users\sjoao\Workspace\Projeto1-S107\src\presentation\errors\access-denied.ts">
        <metrics statements="3" coveredstatements="1" conditionals="0" coveredconditionals="0" methods="1" coveredmethods="0"/>
        <line num="1" count="16" type="stmt"/>
        <line num="3" count="0" type="stmt"/>
        <line num="4" count="0" type="stmt"/>
      </file>
      <file name="company-already- exists-error.ts" path="C:\Users\sjoao\Workspace\Projeto1-S107\src\presentation\errors\company-already- exists-error.ts">
        <metrics statements="3" coveredstatements="0" conditionals="0" coveredconditionals="0" methods="1" coveredmethods="0"/>
        <line num="1" count="0" type="stmt"/>
        <line num="3" count="0" type="stmt"/>
        <line num="4" count="0" type="stmt"/>
      </file>
      <file name="company-not-found-error.ts" path="C:\Users\sjoao\Workspace\Projeto1-S107\src\presentation\errors\company-not-found-error.ts">
        <metrics statements="3" coveredstatements="1" conditionals="0" coveredconditionals="0" methods="1" coveredmethods="0"/>
        <line num="1" count="16" type="stmt"/>
        <line num="3" count="0" type="stmt"/>
        <line num="4" count="0" type="stmt"/>
      </file>
      <file name="configs-not-found-error.ts" path="C:\Users\sjoao\Workspace\Projeto1-S107\src\presentation\errors\configs-not-found-error.ts">
        <metrics statements="3" coveredstatements="1" conditionals="0" coveredconditionals="0" methods="1" coveredmethods="0"/>
        <line num="1" count="16" type="stmt"/>
        <line num="3" count="0" type="stmt"/>
        <line num="4" count="0" type="stmt"/>
      </file>
      <file name="cookbook-creation-error.ts" path="C:\Users\sjoao\Workspace\Projeto1-S107\src\presentation\errors\cookbook-creation-error.ts">
        <metrics statements="3" coveredstatements="0" conditionals="0" coveredconditionals="0" methods="1" coveredmethods="0"/>
        <line num="1" count="0" type="stmt"/>
        <line num="3" count="0" type="stmt"/>
        <line num="4" count="0" type="stmt"/>
      </file>
      <file name="creat-recipe-error.ts" path="C:\Users\sjoao\Workspace\Projeto1-S107\src\presentation\errors\creat-recipe-error.ts">
        <metrics statements="3" coveredstatements="0" conditionals="0" coveredconditionals="0" methods="1" coveredmethods="0"/>
        <line num="1" count="0" type="stmt"/>
        <line num="3" count="0" type="stmt"/>
        <line num="4" count="0" type="stmt"/>
      </file>
      <file name="creat-user-error.ts" path="C:\Users\sjoao\Workspace\Projeto1-S107\src\presentation\errors\creat-user-error.ts">
        <metrics statements="3" coveredstatements="0" conditionals="0" coveredconditionals="0" methods="1" coveredmethods="0"/>
        <line num="1" count="0" type="stmt"/>
        <line num="3" count="0" type="stmt"/>
        <line num="4" count="0" type="stmt"/>
      </file>
      <file name="create-group-error.ts" path="C:\Users\sjoao\Workspace\Projeto1-S107\src\presentation\errors\create-group-error.ts">
        <metrics statements="3" coveredstatements="0" conditionals="0" coveredconditionals="0" methods="1" coveredmethods="0"/>
        <line num="1" count="0" type="stmt"/>
        <line num="3" count="0" type="stmt"/>
        <line num="4" count="0" type="stmt"/>
      </file>
      <file name="create-menu-error.ts" path="C:\Users\sjoao\Workspace\Projeto1-S107\src\presentation\errors\create-menu-error.ts">
        <metrics statements="3" coveredstatements="0" conditionals="0" coveredconditionals="0" methods="1" coveredmethods="0"/>
        <line num="1" count="0" type="stmt"/>
        <line num="3" count="0" type="stmt"/>
        <line num="4" count="0" type="stmt"/>
      </file>
      <file name="create-step-CombiOvenCMAX-error.ts" path="C:\Users\sjoao\Workspace\Projeto1-S107\src\presentation\errors\create-step-CombiOvenCMAX-error.ts">
        <metrics statements="3" coveredstatements="0" conditionals="0" coveredconditionals="0" methods="1" coveredmethods="0"/>
        <line num="1" count="0" type="stmt"/>
        <line num="3" count="0" type="stmt"/>
        <line num="4" count="0" type="stmt"/>
      </file>
      <file name="create-step-CombiOvenTSI-error.ts" path="C:\Users\sjoao\Workspace\Projeto1-S107\src\presentation\errors\create-step-CombiOvenTSI-error.ts">
        <metrics statements="3" coveredstatements="0" conditionals="0" coveredconditionals="0" methods="1" coveredmethods="0"/>
        <line num="1" count="0" type="stmt"/>
        <line num="3" count="0" type="stmt"/>
        <line num="4" count="0" type="stmt"/>
      </file>
      <file name="create-step-SpeedOven-error.ts" path="C:\Users\sjoao\Workspace\Projeto1-S107\src\presentation\errors\create-step-SpeedOven-error.ts">
        <metrics statements="3" coveredstatements="0" conditionals="0" coveredconditionals="0" methods="1" coveredmethods="0"/>
        <line num="1" count="0" type="stmt"/>
        <line num="3" count="0" type="stmt"/>
        <line num="4" count="0" type="stmt"/>
      </file>
      <file name="create-store-error.ts" path="C:\Users\sjoao\Workspace\Projeto1-S107\src\presentation\errors\create-store-error.ts">
        <metrics statements="3" coveredstatements="0" conditionals="0" coveredconditionals="0" methods="1" coveredmethods="0"/>
        <line num="1" count="0" type="stmt"/>
        <line num="3" count="0" type="stmt"/>
        <line num="4" count="0" type="stmt"/>
      </file>
      <file name="delete-error.ts" path="C:\Users\sjoao\Workspace\Projeto1-S107\src\presentation\errors\delete-error.ts">
        <metrics statements="3" coveredstatements="0" conditionals="0" coveredconditionals="0" methods="1" coveredmethods="0"/>
        <line num="1" count="0" type="stmt"/>
        <line num="3" count="0" type="stmt"/>
        <line num="4" count="0" type="stmt"/>
      </file>
      <file name="edit-user-data-error.ts" path="C:\Users\sjoao\Workspace\Projeto1-S107\src\presentation\errors\edit-user-data-error.ts">
        <metrics statements="3" coveredstatements="0" conditionals="0" coveredconditionals="0" methods="1" coveredmethods="0"/>
        <line num="1" count="0" type="stmt"/>
        <line num="3" count="0" type="stmt"/>
        <line num="4" count="0" type="stmt"/>
      </file>
      <file name="email-in-use-error.ts" path="C:\Users\sjoao\Workspace\Projeto1-S107\src\presentation\errors\email-in-use-error.ts">
        <metrics statements="3" coveredstatements="1" conditionals="0" coveredconditionals="0" methods="1" coveredmethods="0"/>
        <line num="1" count="16" type="stmt"/>
        <line num="3" count="0" type="stmt"/>
        <line num="4" count="0" type="stmt"/>
      </file>
      <file name="equipment-not-found-error.ts" path="C:\Users\sjoao\Workspace\Projeto1-S107\src\presentation\errors\equipment-not-found-error.ts">
        <metrics statements="3" coveredstatements="0" conditionals="0" coveredconditionals="0" methods="1" coveredmethods="0"/>
        <line num="1" count="0" type="stmt"/>
        <line num="3" count="0" type="stmt"/>
        <line num="4" count="0" type="stmt"/>
      </file>
      <file name="group-params-error.ts" path="C:\Users\sjoao\Workspace\Projeto1-S107\src\presentation\errors\group-params-error.ts">
        <metrics statements="3" coveredstatements="0" conditionals="0" coveredconditionals="0" methods="1" coveredmethods="0"/>
        <line num="1" count="0" type="stmt"/>
        <line num="3" count="0" type="stmt"/>
        <line num="4" count="0" type="stmt"/>
      </file>
      <file name="index.ts" path="C:\Users\sjoao\Workspace\Projeto1-S107\src\presentation\errors\index.ts">
        <metrics statements="9" coveredstatements="9" conditionals="0" coveredconditionals="0" methods="0" coveredmethods="0"/>
        <line num="1" count="16" type="stmt"/>
        <line num="2" count="16" type="stmt"/>
        <line num="3" count="16" type="stmt"/>
        <line num="4" count="16" type="stmt"/>
        <line num="5" count="16" type="stmt"/>
        <line num="6" count="16" type="stmt"/>
        <line num="7" count="16" type="stmt"/>
        <line num="8" count="16" type="stmt"/>
        <line num="9" count="16" type="stmt"/>
      </file>
      <file name="invalid-param-error.ts" path="C:\Users\sjoao\Workspace\Projeto1-S107\src\presentation\errors\invalid-param-error.ts">
        <metrics statements="3" coveredstatements="3" conditionals="0" coveredconditionals="0" methods="1" coveredmethods="1"/>
        <line num="1" count="16" type="stmt"/>
        <line num="3" count="15" type="stmt"/>
        <line num="4" count="15" type="stmt"/>
      </file>
      <file name="load-group-error.ts" path="C:\Users\sjoao\Workspace\Projeto1-S107\src\presentation\errors\load-group-error.ts">
        <metrics statements="3" coveredstatements="0" conditionals="0" coveredconditionals="0" methods="1" coveredmethods="0"/>
        <line num="1" count="0" type="stmt"/>
        <line num="3" count="0" type="stmt"/>
        <line num="4" count="0" type="stmt"/>
      </file>
      <file name="load-menu-error.ts" path="C:\Users\sjoao\Workspace\Projeto1-S107\src\presentation\errors\load-menu-error.ts">
        <metrics statements="3" coveredstatements="0" conditionals="0" coveredconditionals="0" methods="1" coveredmethods="0"/>
        <line num="1" count="0" type="stmt"/>
        <line num="3" count="0" type="stmt"/>
        <line num="4" count="0" type="stmt"/>
      </file>
      <file name="load-recipe-error.ts" path="C:\Users\sjoao\Workspace\Projeto1-S107\src\presentation\errors\load-recipe-error.ts">
        <metrics statements="3" coveredstatements="0" conditionals="0" coveredconditionals="0" methods="1" coveredmethods="0"/>
        <line num="1" count="0" type="stmt"/>
        <line num="3" count="0" type="stmt"/>
        <line num="4" count="0" type="stmt"/>
      </file>
      <file name="load-step-SpeedOven-error.ts" path="C:\Users\sjoao\Workspace\Projeto1-S107\src\presentation\errors\load-step-SpeedOven-error.ts">
        <metrics statements="3" coveredstatements="0" conditionals="0" coveredconditionals="0" methods="1" coveredmethods="0"/>
        <line num="1" count="0" type="stmt"/>
        <line num="3" count="0" type="stmt"/>
        <line num="4" count="0" type="stmt"/>
      </file>
      <file name="load-store-error.ts" path="C:\Users\sjoao\Workspace\Projeto1-S107\src\presentation\errors\load-store-error.ts">
        <metrics statements="3" coveredstatements="0" conditionals="0" coveredconditionals="0" methods="1" coveredmethods="0"/>
        <line num="1" count="0" type="stmt"/>
        <line num="3" count="0" type="stmt"/>
        <line num="4" count="0" type="stmt"/>
      </file>
      <file name="menu-config-params-error.ts" path="C:\Users\sjoao\Workspace\Projeto1-S107\src\presentation\errors\menu-config-params-error.ts">
        <metrics statements="3" coveredstatements="0" conditionals="0" coveredconditionals="0" methods="1" coveredmethods="0"/>
        <line num="1" count="0" type="stmt"/>
        <line num="3" count="0" type="stmt"/>
        <line num="4" count="0" type="stmt"/>
      </file>
      <file name="menu-params-error.ts" path="C:\Users\sjoao\Workspace\Projeto1-S107\src\presentation\errors\menu-params-error.ts">
        <metrics statements="3" coveredstatements="0" conditionals="0" coveredconditionals="0" methods="1" coveredmethods="0"/>
        <line num="1" count="0" type="stmt"/>
        <line num="3" count="0" type="stmt"/>
        <line num="4" count="0" type="stmt"/>
      </file>
      <file name="missing-param-error.ts" path="C:\Users\sjoao\Workspace\Projeto1-S107\src\presentation\errors\missing-param-error.ts">
        <metrics statements="3" coveredstatements="3" conditionals="0" coveredconditionals="0" methods="1" coveredmethods="1"/>
        <line num="1" count="16" type="stmt"/>
        <line num="3" count="16" type="stmt"/>
        <line num="4" count="16" type="stmt"/>
      </file>
      <file name="no-rows-affected-error.ts" path="C:\Users\sjoao\Workspace\Projeto1-S107\src\presentation\errors\no-rows-affected-error.ts">
        <metrics statements="3" coveredstatements="3" conditionals="0" coveredconditionals="0" methods="1" coveredmethods="1"/>
        <line num="1" count="2" type="stmt"/>
        <line num="3" count="4" type="stmt"/>
        <line num="4" count="4" type="stmt"/>
      </file>
      <file name="recipe-parameters-error.ts" path="C:\Users\sjoao\Workspace\Projeto1-S107\src\presentation\errors\recipe-parameters-error.ts">
        <metrics statements="3" coveredstatements="0" conditionals="0" coveredconditionals="0" methods="1" coveredmethods="0"/>
        <line num="1" count="0" type="stmt"/>
        <line num="3" count="0" type="stmt"/>
        <line num="4" count="0" type="stmt"/>
      </file>
      <file name="recipe-params-error.ts" path="C:\Users\sjoao\Workspace\Projeto1-S107\src\presentation\errors\recipe-params-error.ts">
        <metrics statements="3" coveredstatements="0" conditionals="0" coveredconditionals="0" methods="1" coveredmethods="0"/>
        <line num="1" count="0" type="stmt"/>
        <line num="3" count="0" type="stmt"/>
        <line num="4" count="0" type="stmt"/>
      </file>
      <file name="resource-not-found-error.ts" path="C:\Users\sjoao\Workspace\Projeto1-S107\src\presentation\errors\resource-not-found-error.ts">
        <metrics statements="3" coveredstatements="1" conditionals="0" coveredconditionals="0" methods="1" coveredmethods="0"/>
        <line num="1" count="4" type="stmt"/>
        <line num="3" count="0" type="stmt"/>
        <line num="4" count="0" type="stmt"/>
      </file>
      <file name="send-email-error.ts" path="C:\Users\sjoao\Workspace\Projeto1-S107\src\presentation\errors\send-email-error.ts">
        <metrics statements="3" coveredstatements="0" conditionals="0" coveredconditionals="0" methods="1" coveredmethods="0"/>
        <line num="1" count="0" type="stmt"/>
        <line num="3" count="0" type="stmt"/>
        <line num="4" count="0" type="stmt"/>
      </file>
      <file name="server-error.ts" path="C:\Users\sjoao\Workspace\Projeto1-S107\src\presentation\errors\server-error.ts">
        <metrics statements="4" coveredstatements="4" conditionals="0" coveredconditionals="0" methods="1" coveredmethods="1"/>
        <line num="1" count="16" type="stmt"/>
        <line num="3" count="11" type="stmt"/>
        <line num="4" count="11" type="stmt"/>
        <line num="5" count="11" type="stmt"/>
      </file>
      <file name="step-CombiOvenCMAX-params-error.ts" path="C:\Users\sjoao\Workspace\Projeto1-S107\src\presentation\errors\step-CombiOvenCMAX-params-error.ts">
        <metrics statements="3" coveredstatements="0" conditionals="0" coveredconditionals="0" methods="1" coveredmethods="0"/>
        <line num="1" count="0" type="stmt"/>
        <line num="3" count="0" type="stmt"/>
        <line num="4" count="0" type="stmt"/>
      </file>
      <file name="step-CombiOvenTSI-params-error.ts" path="C:\Users\sjoao\Workspace\Projeto1-S107\src\presentation\errors\step-CombiOvenTSI-params-error.ts">
        <metrics statements="3" coveredstatements="0" conditionals="0" coveredconditionals="0" methods="1" coveredmethods="0"/>
        <line num="1" count="0" type="stmt"/>
        <line num="3" count="0" type="stmt"/>
        <line num="4" count="0" type="stmt"/>
      </file>
      <file name="step-SpeedOven-params-error.ts" path="C:\Users\sjoao\Workspace\Projeto1-S107\src\presentation\errors\step-SpeedOven-params-error.ts">
        <metrics statements="3" coveredstatements="0" conditionals="0" coveredconditionals="0" methods="1" coveredmethods="0"/>
        <line num="1" count="0" type="stmt"/>
        <line num="3" count="0" type="stmt"/>
        <line num="4" count="0" type="stmt"/>
      </file>
      <file name="store-params-error.ts" path="C:\Users\sjoao\Workspace\Projeto1-S107\src\presentation\errors\store-params-error.ts">
        <metrics statements="3" coveredstatements="0" conditionals="0" coveredconditionals="0" methods="1" coveredmethods="0"/>
        <line num="1" count="0" type="stmt"/>
        <line num="3" count="0" type="stmt"/>
        <line num="4" count="0" type="stmt"/>
      </file>
      <file name="unauthorized-error.ts" path="C:\Users\sjoao\Workspace\Projeto1-S107\src\presentation\errors\unauthorized-error.ts">
        <metrics statements="3" coveredstatements="1" conditionals="0" coveredconditionals="0" methods="1" coveredmethods="0"/>
        <line num="1" count="16" type="stmt"/>
        <line num="3" count="0" type="stmt"/>
        <line num="4" count="0" type="stmt"/>
      </file>
      <file name="update-configs-error.ts" path="C:\Users\sjoao\Workspace\Projeto1-S107\src\presentation\errors\update-configs-error.ts">
        <metrics statements="3" coveredstatements="0" conditionals="0" coveredconditionals="0" methods="1" coveredmethods="0"/>
        <line num="1" count="0" type="stmt"/>
        <line num="3" count="0" type="stmt"/>
        <line num="4" count="0" type="stmt"/>
      </file>
      <file name="update-group-error.ts" path="C:\Users\sjoao\Workspace\Projeto1-S107\src\presentation\errors\update-group-error.ts">
        <metrics statements="3" coveredstatements="0" conditionals="0" coveredconditionals="0" methods="1" coveredmethods="0"/>
        <line num="1" count="0" type="stmt"/>
        <line num="3" count="0" type="stmt"/>
        <line num="4" count="0" type="stmt"/>
      </file>
      <file name="update-recipe-error.ts" path="C:\Users\sjoao\Workspace\Projeto1-S107\src\presentation\errors\update-recipe-error.ts">
        <metrics statements="3" coveredstatements="0" conditionals="0" coveredconditionals="0" methods="1" coveredmethods="0"/>
        <line num="1" count="0" type="stmt"/>
        <line num="3" count="0" type="stmt"/>
        <line num="4" count="0" type="stmt"/>
      </file>
      <file name="update-step-SpeedOven-error.ts" path="C:\Users\sjoao\Workspace\Projeto1-S107\src\presentation\errors\update-step-SpeedOven-error.ts">
        <metrics statements="3" coveredstatements="0" conditionals="0" coveredconditionals="0" methods="1" coveredmethods="0"/>
        <line num="1" count="0" type="stmt"/>
        <line num="3" count="0" type="stmt"/>
        <line num="4" count="0" type="stmt"/>
      </file>
      <file name="update-store-error.ts" path="C:\Users\sjoao\Workspace\Projeto1-S107\src\presentation\errors\update-store-error.ts">
        <metrics statements="3" coveredstatements="0" conditionals="0" coveredconditionals="0" methods="1" coveredmethods="0"/>
        <line num="1" count="0" type="stmt"/>
        <line num="3" count="0" type="stmt"/>
        <line num="4" count="0" type="stmt"/>
      </file>
      <file name="user-creation-error.ts" path="C:\Users\sjoao\Workspace\Projeto1-S107\src\presentation\errors\user-creation-error.ts">
        <metrics statements="3" coveredstatements="3" conditionals="0" coveredconditionals="0" methods="1" coveredmethods="1"/>
        <line num="1" count="1" type="stmt"/>
        <line num="3" count="1" type="stmt"/>
        <line num="4" count="1" type="stmt"/>
      </file>
      <file name="user-not-belong-user-error.ts" path="C:\Users\sjoao\Workspace\Projeto1-S107\src\presentation\errors\user-not-belong-user-error.ts">
        <metrics statements="3" coveredstatements="0" conditionals="0" coveredconditionals="0" methods="1" coveredmethods="0"/>
        <line num="1" count="0" type="stmt"/>
        <line num="3" count="0" type="stmt"/>
        <line num="4" count="0" type="stmt"/>
      </file>
      <file name="user-not-found-error.ts" path="C:\Users\sjoao\Workspace\Projeto1-S107\src\presentation\errors\user-not-found-error.ts">
        <metrics statements="3" coveredstatements="1" conditionals="0" coveredconditionals="0" methods="1" coveredmethods="0"/>
        <line num="1" count="16" type="stmt"/>
        <line num="3" count="0" type="stmt"/>
        <line num="4" count="0" type="stmt"/>
      </file>
    </package>
    <package name="presentation.helpers">
      <metrics statements="11" coveredstatements="11" conditionals="0" coveredconditionals="0" methods="9" coveredmethods="5"/>
      <file name="http-helper.ts" path="C:\Users\sjoao\Workspace\Projeto1-S107\src\presentation\helpers\http-helper.ts">
        <metrics statements="11" coveredstatements="11" conditionals="0" coveredconditionals="0" methods="9" coveredmethods="5"/>
        <line num="2" count="4" type="stmt"/>
        <line num="3" count="4" type="stmt"/>
        <line num="5" count="20" type="stmt"/>
        <line num="10" count="4" type="stmt"/>
        <line num="15" count="8" type="stmt"/>
        <line num="20" count="28" type="stmt"/>
        <line num="25" count="4" type="stmt"/>
        <line num="30" count="4" type="stmt"/>
        <line num="35" count="8" type="stmt"/>
        <line num="40" count="4" type="stmt"/>
        <line num="47" count="4" type="stmt"/>
      </file>
    </package>
    <package name="presentation.helpers.validators">
      <metrics statements="54" coveredstatements="46" conditionals="16" coveredconditionals="16" methods="14" coveredmethods="14"/>
      <file name="compare-fields-validation.ts" path="C:\Users\sjoao\Workspace\Projeto1-S107\src\presentation\helpers\validators\compare-fields-validation.ts">
        <metrics statements="6" coveredstatements="6" conditionals="1" coveredconditionals="1" methods="2" coveredmethods="2"/>
        <line num="1" count="1" type="stmt"/>
        <line num="4" count="1" type="stmt"/>
        <line num="9" count="2" type="stmt"/>
        <line num="10" count="2" type="stmt"/>
        <line num="14" count="2" type="cond" truecount="1" falsecount="0"/>
        <line num="15" count="1" type="stmt"/>
      </file>
      <file name="email-valdiation.ts" path="C:\Users\sjoao\Workspace\Projeto1-S107\src\presentation\helpers\validators\email-valdiation.ts">
        <metrics statements="7" coveredstatements="7" conditionals="1" coveredconditionals="1" methods="2" coveredmethods="2"/>
        <line num="2" count="1" type="stmt"/>
        <line num="5" count="1" type="stmt"/>
        <line num="10" count="3" type="stmt"/>
        <line num="11" count="3" type="stmt"/>
        <line num="15" count="3" type="stmt"/>
        <line num="16" count="2" type="cond" truecount="1" falsecount="0"/>
        <line num="17" count="1" type="stmt"/>
      </file>
      <file name="generation-validation.ts" path="C:\Users\sjoao\Workspace\Projeto1-S107\src\presentation\helpers\validators\generation-validation.ts">
        <metrics statements="5" coveredstatements="5" conditionals="5" coveredconditionals="5" methods="1" coveredmethods="1"/>
        <line num="1" count="1" type="stmt"/>
        <line num="4" count="1" type="stmt"/>
        <line num="6" count="5" type="stmt"/>
        <line num="7" count="5" type="cond" truecount="5" falsecount="0"/>
        <line num="8" count="3" type="stmt"/>
      </file>
      <file name="index.ts" path="C:\Users\sjoao\Workspace\Projeto1-S107\src\presentation\helpers\validators\index.ts">
        <metrics statements="8" coveredstatements="0" conditionals="0" coveredconditionals="0" methods="0" coveredmethods="0"/>
        <line num="1" count="0" type="stmt"/>
        <line num="2" count="0" type="stmt"/>
        <line num="3" count="0" type="stmt"/>
        <line num="4" count="0" type="stmt"/>
        <line num="5" count="0" type="stmt"/>
        <line num="6" count="0" type="stmt"/>
        <line num="7" count="0" type="stmt"/>
        <line num="8" count="0" type="stmt"/>
      </file>
      <file name="numeric-fields-validation.ts" path="C:\Users\sjoao\Workspace\Projeto1-S107\src\presentation\helpers\validators\numeric-fields-validation.ts">
        <metrics statements="5" coveredstatements="5" conditionals="1" coveredconditionals="1" methods="2" coveredmethods="2"/>
        <line num="1" count="4" type="stmt"/>
        <line num="4" count="4" type="stmt"/>
        <line num="8" count="9" type="stmt"/>
        <line num="12" count="3" type="cond" truecount="1" falsecount="0"/>
        <line num="13" count="1" type="stmt"/>
      </file>
      <file name="required-field-validation.ts" path="C:\Users\sjoao\Workspace\Projeto1-S107\src\presentation\helpers\validators\required-field-validation.ts">
        <metrics statements="5" coveredstatements="5" conditionals="3" coveredconditionals="3" methods="2" coveredmethods="2"/>
        <line num="1" count="5" type="stmt"/>
        <line num="4" count="5" type="stmt"/>
        <line num="8" count="22" type="stmt"/>
        <line num="12" count="2" type="cond" truecount="3" falsecount="0"/>
        <line num="13" count="1" type="stmt"/>
      </file>
      <file name="required-update-field-validation.ts" path="C:\Users\sjoao\Workspace\Projeto1-S107\src\presentation\helpers\validators\required-update-field-validation.ts">
        <metrics statements="6" coveredstatements="6" conditionals="3" coveredconditionals="3" methods="1" coveredmethods="1"/>
        <line num="1" count="2" type="stmt"/>
        <line num="4" count="2" type="stmt"/>
        <line num="6" count="2" type="stmt"/>
        <line num="7" count="2" type="stmt"/>
        <line num="8" count="2" type="cond" truecount="3" falsecount="0"/>
        <line num="9" count="1" type="stmt"/>
      </file>
      <file name="valid-table-fields-validations.ts" path="C:\Users\sjoao\Workspace\Projeto1-S107\src\presentation\helpers\validators\valid-table-fields-validations.ts">
        <metrics statements="6" coveredstatements="6" conditionals="1" coveredconditionals="1" methods="2" coveredmethods="2"/>
        <line num="1" count="1" type="stmt"/>
        <line num="4" count="1" type="stmt"/>
        <line num="8" count="2" type="stmt"/>
        <line num="12" count="2" type="stmt"/>
        <line num="13" count="2" type="cond" truecount="1" falsecount="0"/>
        <line num="14" count="1" type="stmt"/>
      </file>
      <file name="validator-composite.ts" path="C:\Users\sjoao\Workspace\Projeto1-S107\src\presentation\helpers\validators\validator-composite.ts">
        <metrics statements="6" coveredstatements="6" conditionals="1" coveredconditionals="1" methods="2" coveredmethods="2"/>
        <line num="3" count="5" type="stmt"/>
        <line num="7" count="3" type="stmt"/>
        <line num="11" count="3" type="stmt"/>
        <line num="12" count="5" type="stmt"/>
        <line num="13" count="5" type="cond" truecount="1" falsecount="0"/>
        <line num="14" count="2" type="stmt"/>
      </file>
    </package>
    <package name="presentation.protocols">
      <metrics statements="5" coveredstatements="0" conditionals="0" coveredconditionals="0" methods="0" coveredmethods="0"/>
      <file name="index.ts" path="C:\Users\sjoao\Workspace\Projeto1-S107\src\presentation\protocols\index.ts">
        <metrics statements="5" coveredstatements="0" conditionals="0" coveredconditionals="0" methods="0" coveredmethods="0"/>
        <line num="1" count="0" type="stmt"/>
        <line num="2" count="0" type="stmt"/>
        <line num="3" count="0" type="stmt"/>
        <line num="4" count="0" type="stmt"/>
        <line num="5" count="0" type="stmt"/>
      </file>
    </package>
  </project>
</coverage>
