{"C:\\Users\\sjoao\\Workspace\\Projeto1-S107\\src\\data\\usecases\\add-user\\db-add-user.ts": {"path":"C:\\Users\\sjoao\\Workspace\\Projeto1-S107\\src\\data\\usecases\\add-user\\db-add-user.ts","statementMap":{"0":{"start":{"line":8,"column":4},"end":{"line":8,"column":null}},"1":{"start":{"line":12,"column":25},"end":{"line":12,"column":60}},"2":{"start":{"line":13,"column":4},"end":{"line":13,"column":null}},"3":{"start":{"line":5,"column":0},"end":{"line":5,"column":13}}},"fnMap":{"0":{"name":"(anonymous_0)","decl":{"start":{"line":7,"column":2},"end":{"line":7,"column":14}},"loc":{"start":{"line":7,"column":43},"end":{"line":9,"column":3}}},"1":{"name":"(anonymous_1)","decl":{"start":{"line":11,"column":2},"end":{"line":11,"column":7}},"loc":{"start":{"line":11,"column":37},"end":{"line":14,"column":3}}}},"branchMap":{},"s":{"0":4,"1":4,"2":3,"3":1},"f":{"0":4,"1":4},"b":{}}
,"C:\\Users\\sjoao\\Workspace\\Projeto1-S107\\src\\data\\usecases\\delete-user\\db-delete-user.ts": {"path":"C:\\Users\\sjoao\\Workspace\\Projeto1-S107\\src\\data\\usecases\\delete-user\\db-delete-user.ts","statementMap":{"0":{"start":{"line":7,"column":4},"end":{"line":7,"column":null}},"1":{"start":{"line":11,"column":4},"end":{"line":11,"column":null}},"2":{"start":{"line":4,"column":0},"end":{"line":4,"column":13}}},"fnMap":{"0":{"name":"(anonymous_0)","decl":{"start":{"line":6,"column":2},"end":{"line":6,"column":14}},"loc":{"start":{"line":6,"column":46},"end":{"line":8,"column":3}}},"1":{"name":"(anonymous_1)","decl":{"start":{"line":10,"column":2},"end":{"line":10,"column":7}},"loc":{"start":{"line":10,"column":25},"end":{"line":12,"column":3}}}},"branchMap":{},"s":{"0":5,"1":5,"2":1},"f":{"0":5,"1":5},"b":{}}
,"C:\\Users\\sjoao\\Workspace\\Projeto1-S107\\src\\data\\usecases\\load-user-by-id\\db-load-user-by-id.ts": {"path":"C:\\Users\\sjoao\\Workspace\\Projeto1-S107\\src\\data\\usecases\\load-user-by-id\\db-load-user-by-id.ts","statementMap":{"0":{"start":{"line":7,"column":4},"end":{"line":7,"column":null}},"1":{"start":{"line":11,"column":4},"end":{"line":11,"column":null}},"2":{"start":{"line":4,"column":0},"end":{"line":4,"column":13}}},"fnMap":{"0":{"name":"(anonymous_0)","decl":{"start":{"line":6,"column":2},"end":{"line":6,"column":14}},"loc":{"start":{"line":6,"column":48},"end":{"line":8,"column":3}}},"1":{"name":"(anonymous_1)","decl":{"start":{"line":10,"column":2},"end":{"line":10,"column":7}},"loc":{"start":{"line":10,"column":23},"end":{"line":12,"column":3}}}},"branchMap":{},"s":{"0":5,"1":5,"2":1},"f":{"0":5,"1":5},"b":{}}
,"C:\\Users\\sjoao\\Workspace\\Projeto1-S107\\src\\data\\usecases\\update-user\\db-update-user.ts": {"path":"C:\\Users\\sjoao\\Workspace\\Projeto1-S107\\src\\data\\usecases\\update-user\\db-update-user.ts","statementMap":{"0":{"start":{"line":7,"column":4},"end":{"line":7,"column":null}},"1":{"start":{"line":11,"column":4},"end":{"line":11,"column":null}},"2":{"start":{"line":4,"column":0},"end":{"line":4,"column":13}}},"fnMap":{"0":{"name":"(anonymous_0)","decl":{"start":{"line":6,"column":2},"end":{"line":6,"column":14}},"loc":{"start":{"line":6,"column":46},"end":{"line":8,"column":3}}},"1":{"name":"(anonymous_1)","decl":{"start":{"line":10,"column":2},"end":{"line":10,"column":7}},"loc":{"start":{"line":10,"column":36},"end":{"line":12,"column":3}}}},"branchMap":{},"s":{"0":5,"1":5,"2":1},"f":{"0":5,"1":5},"b":{}}
,"C:\\Users\\sjoao\\Workspace\\Projeto1-S107\\src\\domain\\mocks\\user\\index.ts": {"path":"C:\\Users\\sjoao\\Workspace\\Projeto1-S107\\src\\domain\\mocks\\user\\index.ts","statementMap":{"0":{"start":{"line":9,"column":39},"end":{"line":9,"column":90}},"1":{"start":{"line":9,"column":68},"end":{"line":9,"column":89}},"2":{"start":{"line":9,"column":13},"end":{"line":9,"column":39}},"3":{"start":{"line":11,"column":44},"end":{"line":11,"column":132}},"4":{"start":{"line":11,"column":78},"end":{"line":11,"column":131}},"5":{"start":{"line":11,"column":13},"end":{"line":11,"column":44}},"6":{"start":{"line":13,"column":40},"end":{"line":19,"column":2}},"7":{"start":{"line":13,"column":70},"end":{"line":19,"column":2}},"8":{"start":{"line":13,"column":13},"end":{"line":13,"column":40}},"9":{"start":{"line":21,"column":50},"end":{"line":28,"column":null}},"10":{"start":{"line":22,"column":2},"end":{"line":28,"column":null}},"11":{"start":{"line":21,"column":13},"end":{"line":21,"column":50}},"12":{"start":{"line":31,"column":34},"end":{"line":39,"column":null}},"13":{"start":{"line":32,"column":2},"end":{"line":39,"column":null}},"14":{"start":{"line":31,"column":13},"end":{"line":31,"column":34}},"15":{"start":{"line":42,"column":30},"end":{"line":48,"column":null}},"16":{"start":{"line":43,"column":2},"end":{"line":48,"column":null}},"17":{"start":{"line":42,"column":13},"end":{"line":42,"column":30}},"18":{"start":{"line":51,"column":29},"end":{"line":57,"column":null}},"19":{"start":{"line":52,"column":2},"end":{"line":57,"column":null}},"20":{"start":{"line":51,"column":13},"end":{"line":51,"column":29}},"21":{"start":{"line":60,"column":37},"end":{"line":68,"column":null}},"22":{"start":{"line":61,"column":2},"end":{"line":68,"column":null}},"23":{"start":{"line":60,"column":13},"end":{"line":60,"column":37}},"24":{"start":{"line":71,"column":35},"end":{"line":71,"column":93}},"25":{"start":{"line":71,"column":52},"end":{"line":71,"column":93}},"26":{"start":{"line":71,"column":13},"end":{"line":71,"column":35}},"27":{"start":{"line":73,"column":37},"end":{"line":73,"column":93}},"28":{"start":{"line":73,"column":74},"end":{"line":73,"column":92}},"29":{"start":{"line":73,"column":13},"end":{"line":73,"column":37}},"30":{"start":{"line":75,"column":30},"end":{"line":77,"column":1}},"31":{"start":{"line":76,"column":2},"end":{"line":76,"column":null}},"32":{"start":{"line":75,"column":13},"end":{"line":75,"column":30}}},"fnMap":{"0":{"name":"(anonymous_0)","decl":{"start":{"line":9,"column":39},"end":{"line":9,"column":64}},"loc":{"start":{"line":9,"column":68},"end":{"line":9,"column":89}}},"1":{"name":"(anonymous_1)","decl":{"start":{"line":11,"column":44},"end":{"line":11,"column":74}},"loc":{"start":{"line":11,"column":78},"end":{"line":11,"column":131}}},"2":{"name":"(anonymous_2)","decl":{"start":{"line":13,"column":40},"end":{"line":13,"column":66}},"loc":{"start":{"line":13,"column":70},"end":{"line":19,"column":2}}},"3":{"name":"(anonymous_3)","decl":{"start":{"line":21,"column":50},"end":{"line":21,"column":64}},"loc":{"start":{"line":22,"column":2},"end":{"line":28,"column":null}}},"4":{"name":"(anonymous_4)","decl":{"start":{"line":31,"column":34},"end":{"line":31,"column":54}},"loc":{"start":{"line":32,"column":2},"end":{"line":39,"column":null}}},"5":{"name":"(anonymous_5)","decl":{"start":{"line":42,"column":30},"end":{"line":42,"column":50}},"loc":{"start":{"line":43,"column":2},"end":{"line":48,"column":null}}},"6":{"name":"(anonymous_6)","decl":{"start":{"line":51,"column":29},"end":{"line":51,"column":43}},"loc":{"start":{"line":52,"column":2},"end":{"line":57,"column":null}}},"7":{"name":"(anonymous_7)","decl":{"start":{"line":60,"column":37},"end":{"line":60,"column":38}},"loc":{"start":{"line":61,"column":2},"end":{"line":68,"column":null}}},"8":{"name":"(anonymous_8)","decl":{"start":{"line":71,"column":35},"end":{"line":71,"column":49}},"loc":{"start":{"line":71,"column":52},"end":{"line":71,"column":93}}},"9":{"name":"(anonymous_9)","decl":{"start":{"line":73,"column":37},"end":{"line":73,"column":38}},"loc":{"start":{"line":73,"column":74},"end":{"line":73,"column":92}}},"10":{"name":"(anonymous_10)","decl":{"start":{"line":75,"column":30},"end":{"line":75,"column":35}},"loc":{"start":{"line":75,"column":70},"end":{"line":77,"column":1}}}},"branchMap":{},"s":{"0":7,"1":9,"2":7,"3":7,"4":0,"5":7,"6":7,"7":12,"8":7,"9":7,"10":0,"11":7,"12":7,"13":12,"14":7,"15":7,"16":20,"17":7,"18":7,"19":10,"20":7,"21":7,"22":20,"23":7,"24":7,"25":10,"26":7,"27":7,"28":9,"29":7,"30":7,"31":0,"32":7},"f":{"0":9,"1":0,"2":12,"3":0,"4":12,"5":20,"6":10,"7":20,"8":10,"9":9,"10":0},"b":{}}
,"C:\\Users\\sjoao\\Workspace\\Projeto1-S107\\src\\infra\\user\\user-mysql-repository.ts": {"path":"C:\\Users\\sjoao\\Workspace\\Projeto1-S107\\src\\infra\\user\\user-mysql-repository.ts","statementMap":{"0":{"start":{"line":14,"column":4},"end":{"line":14,"column":null}},"1":{"start":{"line":17,"column":4},"end":{"line":17,"column":null}},"2":{"start":{"line":23,"column":4},"end":{"line":23,"column":null}},"3":{"start":{"line":8,"column":0},"end":{"line":8,"column":13}}},"fnMap":{"0":{"name":"(anonymous_0)","decl":{"start":{"line":13,"column":2},"end":{"line":13,"column":15}},"loc":{"start":{"line":13,"column":30},"end":{"line":15,"column":3}}},"1":{"name":"(anonymous_1)","decl":{"start":{"line":16,"column":2},"end":{"line":16,"column":14}},"loc":{"start":{"line":16,"column":48},"end":{"line":18,"column":3}}},"2":{"name":"(anonymous_2)","decl":{"start":{"line":22,"column":2},"end":{"line":22,"column":12}},"loc":{"start":{"line":22,"column":46},"end":{"line":24,"column":3}}}},"branchMap":{},"s":{"0":0,"1":0,"2":0,"3":0},"f":{"0":0,"1":0,"2":0},"b":{}}
,"C:\\Users\\sjoao\\Workspace\\Projeto1-S107\\src\\presentation\\controller\\add-user\\add-user-controller.ts": {"path":"C:\\Users\\sjoao\\Workspace\\Projeto1-S107\\src\\presentation\\controller\\add-user\\add-user-controller.ts","statementMap":{"0":{"start":{"line":2,"column":0},"end":{"line":2,"column":87}},"1":{"start":{"line":4,"column":0},"end":{"line":4,"column":68}},"2":{"start":{"line":11,"column":4},"end":{"line":11,"column":null}},"3":{"start":{"line":12,"column":4},"end":{"line":12,"column":null}},"4":{"start":{"line":16,"column":4},"end":{"line":27,"column":null}},"5":{"start":{"line":17,"column":6},"end":{"line":17,"column":null}},"6":{"start":{"line":17,"column":29},"end":{"line":17,"column":null}},"7":{"start":{"line":19,"column":26},"end":{"line":19,"column":42}},"8":{"start":{"line":20,"column":30},"end":{"line":20,"column":67}},"9":{"start":{"line":21,"column":6},"end":{"line":21,"column":null}},"10":{"start":{"line":21,"column":27},"end":{"line":21,"column":null}},"11":{"start":{"line":23,"column":19},"end":{"line":23,"column":54}},"12":{"start":{"line":24,"column":6},"end":{"line":24,"column":null}},"13":{"start":{"line":26,"column":6},"end":{"line":26,"column":null}},"14":{"start":{"line":6,"column":0},"end":{"line":6,"column":13}}},"fnMap":{"0":{"name":"(anonymous_0)","decl":{"start":{"line":10,"column":2},"end":{"line":10,"column":14}},"loc":{"start":{"line":10,"column":54},"end":{"line":13,"column":3}}},"1":{"name":"(anonymous_1)","decl":{"start":{"line":15,"column":2},"end":{"line":15,"column":7}},"loc":{"start":{"line":15,"column":56},"end":{"line":28,"column":3}}}},"branchMap":{"0":{"loc":{"start":{"line":17,"column":6},"end":{"line":17,"column":null}},"type":"if","locations":[{"start":{"line":17,"column":6},"end":{"line":17,"column":null}}]},"1":{"loc":{"start":{"line":21,"column":6},"end":{"line":21,"column":null}},"type":"if","locations":[{"start":{"line":21,"column":6},"end":{"line":21,"column":null}}]}},"s":{"0":1,"1":1,"2":8,"3":8,"4":8,"5":8,"6":0,"7":8,"8":8,"9":8,"10":1,"11":7,"12":6,"13":1,"14":1},"f":{"0":8,"1":8},"b":{"0":[0],"1":[1]}}
,"C:\\Users\\sjoao\\Workspace\\Projeto1-S107\\src\\presentation\\controller\\delete-user\\delete-user-controller.ts": {"path":"C:\\Users\\sjoao\\Workspace\\Projeto1-S107\\src\\presentation\\controller\\delete-user\\delete-user-controller.ts","statementMap":{"0":{"start":{"line":3,"column":0},"end":{"line":3,"column":61}},"1":{"start":{"line":4,"column":0},"end":{"line":4,"column":68}},"2":{"start":{"line":5,"column":0},"end":{"line":5,"column":71}},"3":{"start":{"line":12,"column":4},"end":{"line":12,"column":null}},"4":{"start":{"line":13,"column":4},"end":{"line":13,"column":null}},"5":{"start":{"line":17,"column":4},"end":{"line":26,"column":null}},"6":{"start":{"line":18,"column":6},"end":{"line":18,"column":null}},"7":{"start":{"line":18,"column":34},"end":{"line":18,"column":null}},"8":{"start":{"line":19,"column":30},"end":{"line":19,"column":80}},"9":{"start":{"line":20,"column":6},"end":{"line":20,"column":null}},"10":{"start":{"line":20,"column":27},"end":{"line":20,"column":null}},"11":{"start":{"line":21,"column":25},"end":{"line":21,"column":78}},"12":{"start":{"line":22,"column":6},"end":{"line":22,"column":null}},"13":{"start":{"line":22,"column":23},"end":{"line":22,"column":null}},"14":{"start":{"line":23,"column":6},"end":{"line":23,"column":null}},"15":{"start":{"line":25,"column":6},"end":{"line":25,"column":null}},"16":{"start":{"line":8,"column":0},"end":{"line":8,"column":13}}},"fnMap":{"0":{"name":"(anonymous_0)","decl":{"start":{"line":11,"column":2},"end":{"line":11,"column":14}},"loc":{"start":{"line":11,"column":68},"end":{"line":14,"column":3}}},"1":{"name":"(anonymous_1)","decl":{"start":{"line":16,"column":2},"end":{"line":16,"column":7}},"loc":{"start":{"line":16,"column":59},"end":{"line":27,"column":3}}}},"branchMap":{"0":{"loc":{"start":{"line":18,"column":6},"end":{"line":18,"column":null}},"type":"if","locations":[{"start":{"line":18,"column":6},"end":{"line":18,"column":null}}]},"1":{"loc":{"start":{"line":20,"column":6},"end":{"line":20,"column":null}},"type":"if","locations":[{"start":{"line":20,"column":6},"end":{"line":20,"column":null}}]},"2":{"loc":{"start":{"line":22,"column":6},"end":{"line":22,"column":null}},"type":"if","locations":[{"start":{"line":22,"column":6},"end":{"line":22,"column":null}}]}},"s":{"0":1,"1":1,"2":1,"3":10,"4":10,"5":10,"6":10,"7":1,"8":9,"9":9,"10":1,"11":8,"12":7,"13":1,"14":6,"15":1,"16":1},"f":{"0":10,"1":10},"b":{"0":[1],"1":[1],"2":[1]}}
,"C:\\Users\\sjoao\\Workspace\\Projeto1-S107\\src\\presentation\\controller\\load-user-by-id\\load-user-by-id-controller.ts": {"path":"C:\\Users\\sjoao\\Workspace\\Projeto1-S107\\src\\presentation\\controller\\load-user-by-id\\load-user-by-id-controller.ts","statementMap":{"0":{"start":{"line":2,"column":0},"end":{"line":2,"column":42}},"1":{"start":{"line":3,"column":0},"end":{"line":3,"column":82}},"2":{"start":{"line":10,"column":4},"end":{"line":10,"column":null}},"3":{"start":{"line":11,"column":4},"end":{"line":11,"column":null}},"4":{"start":{"line":15,"column":4},"end":{"line":23,"column":null}},"5":{"start":{"line":16,"column":30},"end":{"line":16,"column":74}},"6":{"start":{"line":17,"column":6},"end":{"line":17,"column":null}},"7":{"start":{"line":17,"column":27},"end":{"line":17,"column":null}},"8":{"start":{"line":18,"column":23},"end":{"line":18,"column":74}},"9":{"start":{"line":19,"column":6},"end":{"line":19,"column":null}},"10":{"start":{"line":19,"column":21},"end":{"line":19,"column":null}},"11":{"start":{"line":20,"column":6},"end":{"line":20,"column":null}},"12":{"start":{"line":22,"column":6},"end":{"line":22,"column":null}},"13":{"start":{"line":6,"column":0},"end":{"line":6,"column":13}}},"fnMap":{"0":{"name":"(anonymous_0)","decl":{"start":{"line":9,"column":2},"end":{"line":9,"column":14}},"loc":{"start":{"line":9,"column":64},"end":{"line":12,"column":3}}},"1":{"name":"(anonymous_1)","decl":{"start":{"line":14,"column":2},"end":{"line":14,"column":7}},"loc":{"start":{"line":14,"column":61},"end":{"line":24,"column":3}}}},"branchMap":{"0":{"loc":{"start":{"line":17,"column":6},"end":{"line":17,"column":null}},"type":"if","locations":[{"start":{"line":17,"column":6},"end":{"line":17,"column":null}}]},"1":{"loc":{"start":{"line":19,"column":6},"end":{"line":19,"column":null}},"type":"if","locations":[{"start":{"line":19,"column":6},"end":{"line":19,"column":null}}]}},"s":{"0":1,"1":1,"2":9,"3":9,"4":9,"5":9,"6":9,"7":1,"8":8,"9":7,"10":1,"11":6,"12":1,"13":1},"f":{"0":9,"1":9},"b":{"0":[1],"1":[1]}}
,"C:\\Users\\sjoao\\Workspace\\Projeto1-S107\\src\\presentation\\controller\\update-user\\update-user-controller.ts": {"path":"C:\\Users\\sjoao\\Workspace\\Projeto1-S107\\src\\presentation\\controller\\update-user\\update-user-controller.ts","statementMap":{"0":{"start":{"line":1,"column":0},"end":{"line":1,"column":70}},"1":{"start":{"line":4,"column":0},"end":{"line":4,"column":54}},"2":{"start":{"line":5,"column":0},"end":{"line":5,"column":61}},"3":{"start":{"line":6,"column":0},"end":{"line":6,"column":68}},"4":{"start":{"line":13,"column":4},"end":{"line":13,"column":null}},"5":{"start":{"line":14,"column":4},"end":{"line":14,"column":null}},"6":{"start":{"line":15,"column":4},"end":{"line":15,"column":null}},"7":{"start":{"line":19,"column":4},"end":{"line":32,"column":null}},"8":{"start":{"line":20,"column":6},"end":{"line":20,"column":null}},"9":{"start":{"line":20,"column":34},"end":{"line":20,"column":null}},"10":{"start":{"line":21,"column":6},"end":{"line":21,"column":null}},"11":{"start":{"line":21,"column":34},"end":{"line":21,"column":null}},"12":{"start":{"line":22,"column":36},"end":{"line":22,"column":86}},"13":{"start":{"line":23,"column":34},"end":{"line":23,"column":85}},"14":{"start":{"line":24,"column":6},"end":{"line":24,"column":null}},"15":{"start":{"line":24,"column":33},"end":{"line":24,"column":null}},"16":{"start":{"line":25,"column":6},"end":{"line":25,"column":null}},"17":{"start":{"line":25,"column":31},"end":{"line":25,"column":null}},"18":{"start":{"line":27,"column":21},"end":{"line":27,"column":97}},"19":{"start":{"line":28,"column":6},"end":{"line":28,"column":null}},"20":{"start":{"line":28,"column":19},"end":{"line":28,"column":null}},"21":{"start":{"line":29,"column":6},"end":{"line":29,"column":null}},"22":{"start":{"line":31,"column":6},"end":{"line":31,"column":null}},"23":{"start":{"line":8,"column":0},"end":{"line":8,"column":13}}},"fnMap":{"0":{"name":"(anonymous_0)","decl":{"start":{"line":12,"column":2},"end":{"line":12,"column":14}},"loc":{"start":{"line":12,"column":96},"end":{"line":16,"column":3}}},"1":{"name":"(anonymous_1)","decl":{"start":{"line":18,"column":2},"end":{"line":18,"column":7}},"loc":{"start":{"line":18,"column":59},"end":{"line":33,"column":3}}}},"branchMap":{"0":{"loc":{"start":{"line":20,"column":6},"end":{"line":20,"column":null}},"type":"if","locations":[{"start":{"line":20,"column":6},"end":{"line":20,"column":null}}]},"1":{"loc":{"start":{"line":21,"column":6},"end":{"line":21,"column":null}},"type":"if","locations":[{"start":{"line":21,"column":6},"end":{"line":21,"column":null}}]},"2":{"loc":{"start":{"line":24,"column":6},"end":{"line":24,"column":null}},"type":"if","locations":[{"start":{"line":24,"column":6},"end":{"line":24,"column":null}}]},"3":{"loc":{"start":{"line":25,"column":6},"end":{"line":25,"column":null}},"type":"if","locations":[{"start":{"line":25,"column":6},"end":{"line":25,"column":null}}]},"4":{"loc":{"start":{"line":28,"column":6},"end":{"line":28,"column":null}},"type":"if","locations":[{"start":{"line":28,"column":6},"end":{"line":28,"column":null}}]}},"s":{"0":1,"1":1,"2":1,"3":1,"4":15,"5":15,"6":15,"7":15,"8":15,"9":1,"10":14,"11":1,"12":13,"13":13,"14":13,"15":1,"16":12,"17":1,"18":11,"19":10,"20":1,"21":9,"22":1,"23":1},"f":{"0":15,"1":15},"b":{"0":[1],"1":[1],"2":[1],"3":[1],"4":[1]}}
,"C:\\Users\\sjoao\\Workspace\\Projeto1-S107\\src\\presentation\\errors\\access-denied.ts": {"path":"C:\\Users\\sjoao\\Workspace\\Projeto1-S107\\src\\presentation\\errors\\access-denied.ts","statementMap":{"0":{"start":{"line":3,"column":4},"end":{"line":3,"column":null}},"1":{"start":{"line":4,"column":4},"end":{"line":4,"column":null}},"2":{"start":{"line":1,"column":0},"end":{"line":1,"column":13}}},"fnMap":{"0":{"name":"(anonymous_0)","decl":{"start":{"line":2,"column":2},"end":{"line":2,"column":null}},"loc":{"start":{"line":2,"column":2},"end":{"line":5,"column":3}}}},"branchMap":{},"s":{"0":0,"1":0,"2":16},"f":{"0":0},"b":{}}
,"C:\\Users\\sjoao\\Workspace\\Projeto1-S107\\src\\presentation\\errors\\company-already- exists-error.ts": {"path":"C:\\Users\\sjoao\\Workspace\\Projeto1-S107\\src\\presentation\\errors\\company-already- exists-error.ts","statementMap":{"0":{"start":{"line":3,"column":4},"end":{"line":3,"column":null}},"1":{"start":{"line":4,"column":4},"end":{"line":4,"column":null}},"2":{"start":{"line":1,"column":0},"end":{"line":1,"column":13}}},"fnMap":{"0":{"name":"(anonymous_0)","decl":{"start":{"line":2,"column":2},"end":{"line":2,"column":null}},"loc":{"start":{"line":2,"column":2},"end":{"line":5,"column":3}}}},"branchMap":{},"s":{"0":0,"1":0,"2":0},"f":{"0":0},"b":{}}
,"C:\\Users\\sjoao\\Workspace\\Projeto1-S107\\src\\presentation\\errors\\company-not-found-error.ts": {"path":"C:\\Users\\sjoao\\Workspace\\Projeto1-S107\\src\\presentation\\errors\\company-not-found-error.ts","statementMap":{"0":{"start":{"line":3,"column":4},"end":{"line":3,"column":null}},"1":{"start":{"line":4,"column":4},"end":{"line":4,"column":null}},"2":{"start":{"line":1,"column":0},"end":{"line":1,"column":13}}},"fnMap":{"0":{"name":"(anonymous_0)","decl":{"start":{"line":2,"column":2},"end":{"line":2,"column":null}},"loc":{"start":{"line":2,"column":2},"end":{"line":5,"column":3}}}},"branchMap":{},"s":{"0":0,"1":0,"2":16},"f":{"0":0},"b":{}}
,"C:\\Users\\sjoao\\Workspace\\Projeto1-S107\\src\\presentation\\errors\\configs-not-found-error.ts": {"path":"C:\\Users\\sjoao\\Workspace\\Projeto1-S107\\src\\presentation\\errors\\configs-not-found-error.ts","statementMap":{"0":{"start":{"line":3,"column":4},"end":{"line":3,"column":null}},"1":{"start":{"line":4,"column":4},"end":{"line":4,"column":null}},"2":{"start":{"line":1,"column":0},"end":{"line":1,"column":13}}},"fnMap":{"0":{"name":"(anonymous_0)","decl":{"start":{"line":2,"column":2},"end":{"line":2,"column":null}},"loc":{"start":{"line":2,"column":2},"end":{"line":5,"column":3}}}},"branchMap":{},"s":{"0":0,"1":0,"2":16},"f":{"0":0},"b":{}}
,"C:\\Users\\sjoao\\Workspace\\Projeto1-S107\\src\\presentation\\errors\\cookbook-creation-error.ts": {"path":"C:\\Users\\sjoao\\Workspace\\Projeto1-S107\\src\\presentation\\errors\\cookbook-creation-error.ts","statementMap":{"0":{"start":{"line":3,"column":4},"end":{"line":3,"column":null}},"1":{"start":{"line":4,"column":4},"end":{"line":4,"column":null}},"2":{"start":{"line":1,"column":0},"end":{"line":1,"column":13}}},"fnMap":{"0":{"name":"(anonymous_0)","decl":{"start":{"line":2,"column":2},"end":{"line":2,"column":null}},"loc":{"start":{"line":2,"column":2},"end":{"line":5,"column":3}}}},"branchMap":{},"s":{"0":0,"1":0,"2":0},"f":{"0":0},"b":{}}
,"C:\\Users\\sjoao\\Workspace\\Projeto1-S107\\src\\presentation\\errors\\creat-recipe-error.ts": {"path":"C:\\Users\\sjoao\\Workspace\\Projeto1-S107\\src\\presentation\\errors\\creat-recipe-error.ts","statementMap":{"0":{"start":{"line":3,"column":4},"end":{"line":3,"column":null}},"1":{"start":{"line":4,"column":4},"end":{"line":4,"column":null}},"2":{"start":{"line":1,"column":0},"end":{"line":1,"column":13}}},"fnMap":{"0":{"name":"(anonymous_0)","decl":{"start":{"line":2,"column":2},"end":{"line":2,"column":null}},"loc":{"start":{"line":2,"column":2},"end":{"line":5,"column":3}}}},"branchMap":{},"s":{"0":0,"1":0,"2":0},"f":{"0":0},"b":{}}
,"C:\\Users\\sjoao\\Workspace\\Projeto1-S107\\src\\presentation\\errors\\creat-user-error.ts": {"path":"C:\\Users\\sjoao\\Workspace\\Projeto1-S107\\src\\presentation\\errors\\creat-user-error.ts","statementMap":{"0":{"start":{"line":3,"column":4},"end":{"line":3,"column":null}},"1":{"start":{"line":4,"column":4},"end":{"line":4,"column":null}},"2":{"start":{"line":1,"column":0},"end":{"line":1,"column":13}}},"fnMap":{"0":{"name":"(anonymous_0)","decl":{"start":{"line":2,"column":2},"end":{"line":2,"column":null}},"loc":{"start":{"line":2,"column":2},"end":{"line":5,"column":3}}}},"branchMap":{},"s":{"0":0,"1":0,"2":0},"f":{"0":0},"b":{}}
,"C:\\Users\\sjoao\\Workspace\\Projeto1-S107\\src\\presentation\\errors\\create-group-error.ts": {"path":"C:\\Users\\sjoao\\Workspace\\Projeto1-S107\\src\\presentation\\errors\\create-group-error.ts","statementMap":{"0":{"start":{"line":3,"column":4},"end":{"line":3,"column":null}},"1":{"start":{"line":4,"column":4},"end":{"line":4,"column":null}},"2":{"start":{"line":1,"column":0},"end":{"line":1,"column":13}}},"fnMap":{"0":{"name":"(anonymous_0)","decl":{"start":{"line":2,"column":2},"end":{"line":2,"column":null}},"loc":{"start":{"line":2,"column":2},"end":{"line":5,"column":3}}}},"branchMap":{},"s":{"0":0,"1":0,"2":0},"f":{"0":0},"b":{}}
,"C:\\Users\\sjoao\\Workspace\\Projeto1-S107\\src\\presentation\\errors\\create-menu-error.ts": {"path":"C:\\Users\\sjoao\\Workspace\\Projeto1-S107\\src\\presentation\\errors\\create-menu-error.ts","statementMap":{"0":{"start":{"line":3,"column":4},"end":{"line":3,"column":null}},"1":{"start":{"line":4,"column":4},"end":{"line":4,"column":null}},"2":{"start":{"line":1,"column":0},"end":{"line":1,"column":13}}},"fnMap":{"0":{"name":"(anonymous_0)","decl":{"start":{"line":2,"column":2},"end":{"line":2,"column":null}},"loc":{"start":{"line":2,"column":2},"end":{"line":5,"column":3}}}},"branchMap":{},"s":{"0":0,"1":0,"2":0},"f":{"0":0},"b":{}}
,"C:\\Users\\sjoao\\Workspace\\Projeto1-S107\\src\\presentation\\errors\\create-step-CombiOvenCMAX-error.ts": {"path":"C:\\Users\\sjoao\\Workspace\\Projeto1-S107\\src\\presentation\\errors\\create-step-CombiOvenCMAX-error.ts","statementMap":{"0":{"start":{"line":3,"column":4},"end":{"line":3,"column":null}},"1":{"start":{"line":4,"column":4},"end":{"line":4,"column":null}},"2":{"start":{"line":1,"column":0},"end":{"line":1,"column":13}}},"fnMap":{"0":{"name":"(anonymous_0)","decl":{"start":{"line":2,"column":2},"end":{"line":2,"column":null}},"loc":{"start":{"line":2,"column":2},"end":{"line":5,"column":3}}}},"branchMap":{},"s":{"0":0,"1":0,"2":0},"f":{"0":0},"b":{}}
,"C:\\Users\\sjoao\\Workspace\\Projeto1-S107\\src\\presentation\\errors\\create-step-CombiOvenTSI-error.ts": {"path":"C:\\Users\\sjoao\\Workspace\\Projeto1-S107\\src\\presentation\\errors\\create-step-CombiOvenTSI-error.ts","statementMap":{"0":{"start":{"line":3,"column":4},"end":{"line":3,"column":null}},"1":{"start":{"line":4,"column":4},"end":{"line":4,"column":null}},"2":{"start":{"line":1,"column":0},"end":{"line":1,"column":13}}},"fnMap":{"0":{"name":"(anonymous_0)","decl":{"start":{"line":2,"column":2},"end":{"line":2,"column":null}},"loc":{"start":{"line":2,"column":2},"end":{"line":5,"column":3}}}},"branchMap":{},"s":{"0":0,"1":0,"2":0},"f":{"0":0},"b":{}}
,"C:\\Users\\sjoao\\Workspace\\Projeto1-S107\\src\\presentation\\errors\\create-step-SpeedOven-error.ts": {"path":"C:\\Users\\sjoao\\Workspace\\Projeto1-S107\\src\\presentation\\errors\\create-step-SpeedOven-error.ts","statementMap":{"0":{"start":{"line":3,"column":4},"end":{"line":3,"column":null}},"1":{"start":{"line":4,"column":4},"end":{"line":4,"column":null}},"2":{"start":{"line":1,"column":0},"end":{"line":1,"column":13}}},"fnMap":{"0":{"name":"(anonymous_0)","decl":{"start":{"line":2,"column":2},"end":{"line":2,"column":null}},"loc":{"start":{"line":2,"column":2},"end":{"line":5,"column":3}}}},"branchMap":{},"s":{"0":0,"1":0,"2":0},"f":{"0":0},"b":{}}
,"C:\\Users\\sjoao\\Workspace\\Projeto1-S107\\src\\presentation\\errors\\create-store-error.ts": {"path":"C:\\Users\\sjoao\\Workspace\\Projeto1-S107\\src\\presentation\\errors\\create-store-error.ts","statementMap":{"0":{"start":{"line":3,"column":4},"end":{"line":3,"column":null}},"1":{"start":{"line":4,"column":4},"end":{"line":4,"column":null}},"2":{"start":{"line":1,"column":0},"end":{"line":1,"column":13}}},"fnMap":{"0":{"name":"(anonymous_0)","decl":{"start":{"line":2,"column":2},"end":{"line":2,"column":null}},"loc":{"start":{"line":2,"column":2},"end":{"line":5,"column":3}}}},"branchMap":{},"s":{"0":0,"1":0,"2":0},"f":{"0":0},"b":{}}
,"C:\\Users\\sjoao\\Workspace\\Projeto1-S107\\src\\presentation\\errors\\delete-error.ts": {"path":"C:\\Users\\sjoao\\Workspace\\Projeto1-S107\\src\\presentation\\errors\\delete-error.ts","statementMap":{"0":{"start":{"line":3,"column":4},"end":{"line":3,"column":null}},"1":{"start":{"line":4,"column":4},"end":{"line":4,"column":null}},"2":{"start":{"line":1,"column":0},"end":{"line":1,"column":13}}},"fnMap":{"0":{"name":"(anonymous_0)","decl":{"start":{"line":2,"column":2},"end":{"line":2,"column":null}},"loc":{"start":{"line":2,"column":2},"end":{"line":5,"column":3}}}},"branchMap":{},"s":{"0":0,"1":0,"2":0},"f":{"0":0},"b":{}}
,"C:\\Users\\sjoao\\Workspace\\Projeto1-S107\\src\\presentation\\errors\\edit-user-data-error.ts": {"path":"C:\\Users\\sjoao\\Workspace\\Projeto1-S107\\src\\presentation\\errors\\edit-user-data-error.ts","statementMap":{"0":{"start":{"line":3,"column":4},"end":{"line":3,"column":null}},"1":{"start":{"line":4,"column":4},"end":{"line":4,"column":null}},"2":{"start":{"line":1,"column":0},"end":{"line":1,"column":13}}},"fnMap":{"0":{"name":"(anonymous_0)","decl":{"start":{"line":2,"column":2},"end":{"line":2,"column":null}},"loc":{"start":{"line":2,"column":2},"end":{"line":5,"column":3}}}},"branchMap":{},"s":{"0":0,"1":0,"2":0},"f":{"0":0},"b":{}}
,"C:\\Users\\sjoao\\Workspace\\Projeto1-S107\\src\\presentation\\errors\\email-in-use-error.ts": {"path":"C:\\Users\\sjoao\\Workspace\\Projeto1-S107\\src\\presentation\\errors\\email-in-use-error.ts","statementMap":{"0":{"start":{"line":3,"column":4},"end":{"line":3,"column":null}},"1":{"start":{"line":4,"column":4},"end":{"line":4,"column":null}},"2":{"start":{"line":1,"column":0},"end":{"line":1,"column":13}}},"fnMap":{"0":{"name":"(anonymous_0)","decl":{"start":{"line":2,"column":2},"end":{"line":2,"column":null}},"loc":{"start":{"line":2,"column":2},"end":{"line":5,"column":3}}}},"branchMap":{},"s":{"0":0,"1":0,"2":16},"f":{"0":0},"b":{}}
,"C:\\Users\\sjoao\\Workspace\\Projeto1-S107\\src\\presentation\\errors\\equipment-not-found-error.ts": {"path":"C:\\Users\\sjoao\\Workspace\\Projeto1-S107\\src\\presentation\\errors\\equipment-not-found-error.ts","statementMap":{"0":{"start":{"line":3,"column":4},"end":{"line":3,"column":null}},"1":{"start":{"line":4,"column":4},"end":{"line":4,"column":null}},"2":{"start":{"line":1,"column":0},"end":{"line":1,"column":13}}},"fnMap":{"0":{"name":"(anonymous_0)","decl":{"start":{"line":2,"column":2},"end":{"line":2,"column":null}},"loc":{"start":{"line":2,"column":2},"end":{"line":5,"column":3}}}},"branchMap":{},"s":{"0":0,"1":0,"2":0},"f":{"0":0},"b":{}}
,"C:\\Users\\sjoao\\Workspace\\Projeto1-S107\\src\\presentation\\errors\\group-params-error.ts": {"path":"C:\\Users\\sjoao\\Workspace\\Projeto1-S107\\src\\presentation\\errors\\group-params-error.ts","statementMap":{"0":{"start":{"line":3,"column":4},"end":{"line":3,"column":null}},"1":{"start":{"line":4,"column":4},"end":{"line":4,"column":null}},"2":{"start":{"line":1,"column":0},"end":{"line":1,"column":13}}},"fnMap":{"0":{"name":"(anonymous_0)","decl":{"start":{"line":2,"column":2},"end":{"line":2,"column":null}},"loc":{"start":{"line":2,"column":2},"end":{"line":5,"column":3}}}},"branchMap":{},"s":{"0":0,"1":0,"2":0},"f":{"0":0},"b":{}}
,"C:\\Users\\sjoao\\Workspace\\Projeto1-S107\\src\\presentation\\errors\\index.ts": {"path":"C:\\Users\\sjoao\\Workspace\\Projeto1-S107\\src\\presentation\\errors\\index.ts","statementMap":{"0":{"start":{"line":1,"column":0},"end":{"line":1,"column":37}},"1":{"start":{"line":2,"column":0},"end":{"line":2,"column":37}},"2":{"start":{"line":3,"column":0},"end":{"line":3,"column":30}},"3":{"start":{"line":4,"column":0},"end":{"line":4,"column":36}},"4":{"start":{"line":5,"column":0},"end":{"line":5,"column":36}},"5":{"start":{"line":6,"column":0},"end":{"line":6,"column":31}},"6":{"start":{"line":7,"column":0},"end":{"line":7,"column":38}},"7":{"start":{"line":8,"column":0},"end":{"line":8,"column":41}},"8":{"start":{"line":9,"column":0},"end":{"line":9,"column":41}}},"fnMap":{},"branchMap":{},"s":{"0":16,"1":16,"2":16,"3":16,"4":16,"5":16,"6":16,"7":16,"8":16},"f":{},"b":{}}
,"C:\\Users\\sjoao\\Workspace\\Projeto1-S107\\src\\presentation\\errors\\invalid-param-error.ts": {"path":"C:\\Users\\sjoao\\Workspace\\Projeto1-S107\\src\\presentation\\errors\\invalid-param-error.ts","statementMap":{"0":{"start":{"line":3,"column":4},"end":{"line":3,"column":null}},"1":{"start":{"line":4,"column":4},"end":{"line":4,"column":null}},"2":{"start":{"line":1,"column":0},"end":{"line":1,"column":13}}},"fnMap":{"0":{"name":"(anonymous_0)","decl":{"start":{"line":2,"column":2},"end":{"line":2,"column":15}},"loc":{"start":{"line":2,"column":32},"end":{"line":5,"column":3}}}},"branchMap":{},"s":{"0":15,"1":15,"2":16},"f":{"0":15},"b":{}}
,"C:\\Users\\sjoao\\Workspace\\Projeto1-S107\\src\\presentation\\errors\\load-group-error.ts": {"path":"C:\\Users\\sjoao\\Workspace\\Projeto1-S107\\src\\presentation\\errors\\load-group-error.ts","statementMap":{"0":{"start":{"line":3,"column":4},"end":{"line":3,"column":null}},"1":{"start":{"line":4,"column":4},"end":{"line":4,"column":null}},"2":{"start":{"line":1,"column":0},"end":{"line":1,"column":13}}},"fnMap":{"0":{"name":"(anonymous_0)","decl":{"start":{"line":2,"column":2},"end":{"line":2,"column":null}},"loc":{"start":{"line":2,"column":2},"end":{"line":5,"column":3}}}},"branchMap":{},"s":{"0":0,"1":0,"2":0},"f":{"0":0},"b":{}}
,"C:\\Users\\sjoao\\Workspace\\Projeto1-S107\\src\\presentation\\errors\\load-menu-error.ts": {"path":"C:\\Users\\sjoao\\Workspace\\Projeto1-S107\\src\\presentation\\errors\\load-menu-error.ts","statementMap":{"0":{"start":{"line":3,"column":4},"end":{"line":3,"column":null}},"1":{"start":{"line":4,"column":4},"end":{"line":4,"column":null}},"2":{"start":{"line":1,"column":0},"end":{"line":1,"column":13}}},"fnMap":{"0":{"name":"(anonymous_0)","decl":{"start":{"line":2,"column":2},"end":{"line":2,"column":null}},"loc":{"start":{"line":2,"column":2},"end":{"line":5,"column":3}}}},"branchMap":{},"s":{"0":0,"1":0,"2":0},"f":{"0":0},"b":{}}
,"C:\\Users\\sjoao\\Workspace\\Projeto1-S107\\src\\presentation\\errors\\load-recipe-error.ts": {"path":"C:\\Users\\sjoao\\Workspace\\Projeto1-S107\\src\\presentation\\errors\\load-recipe-error.ts","statementMap":{"0":{"start":{"line":3,"column":4},"end":{"line":3,"column":null}},"1":{"start":{"line":4,"column":4},"end":{"line":4,"column":null}},"2":{"start":{"line":1,"column":0},"end":{"line":1,"column":13}}},"fnMap":{"0":{"name":"(anonymous_0)","decl":{"start":{"line":2,"column":2},"end":{"line":2,"column":null}},"loc":{"start":{"line":2,"column":2},"end":{"line":5,"column":3}}}},"branchMap":{},"s":{"0":0,"1":0,"2":0},"f":{"0":0},"b":{}}
,"C:\\Users\\sjoao\\Workspace\\Projeto1-S107\\src\\presentation\\errors\\load-step-SpeedOven-error.ts": {"path":"C:\\Users\\sjoao\\Workspace\\Projeto1-S107\\src\\presentation\\errors\\load-step-SpeedOven-error.ts","statementMap":{"0":{"start":{"line":3,"column":4},"end":{"line":3,"column":null}},"1":{"start":{"line":4,"column":4},"end":{"line":4,"column":null}},"2":{"start":{"line":1,"column":0},"end":{"line":1,"column":13}}},"fnMap":{"0":{"name":"(anonymous_0)","decl":{"start":{"line":2,"column":2},"end":{"line":2,"column":null}},"loc":{"start":{"line":2,"column":2},"end":{"line":5,"column":3}}}},"branchMap":{},"s":{"0":0,"1":0,"2":0},"f":{"0":0},"b":{}}
,"C:\\Users\\sjoao\\Workspace\\Projeto1-S107\\src\\presentation\\errors\\load-store-error.ts": {"path":"C:\\Users\\sjoao\\Workspace\\Projeto1-S107\\src\\presentation\\errors\\load-store-error.ts","statementMap":{"0":{"start":{"line":3,"column":4},"end":{"line":3,"column":null}},"1":{"start":{"line":4,"column":4},"end":{"line":4,"column":null}},"2":{"start":{"line":1,"column":0},"end":{"line":1,"column":13}}},"fnMap":{"0":{"name":"(anonymous_0)","decl":{"start":{"line":2,"column":2},"end":{"line":2,"column":null}},"loc":{"start":{"line":2,"column":2},"end":{"line":5,"column":3}}}},"branchMap":{},"s":{"0":0,"1":0,"2":0},"f":{"0":0},"b":{}}
,"C:\\Users\\sjoao\\Workspace\\Projeto1-S107\\src\\presentation\\errors\\menu-config-params-error.ts": {"path":"C:\\Users\\sjoao\\Workspace\\Projeto1-S107\\src\\presentation\\errors\\menu-config-params-error.ts","statementMap":{"0":{"start":{"line":3,"column":4},"end":{"line":3,"column":null}},"1":{"start":{"line":4,"column":4},"end":{"line":4,"column":null}},"2":{"start":{"line":1,"column":0},"end":{"line":1,"column":13}}},"fnMap":{"0":{"name":"(anonymous_0)","decl":{"start":{"line":2,"column":2},"end":{"line":2,"column":null}},"loc":{"start":{"line":2,"column":2},"end":{"line":5,"column":3}}}},"branchMap":{},"s":{"0":0,"1":0,"2":0},"f":{"0":0},"b":{}}
,"C:\\Users\\sjoao\\Workspace\\Projeto1-S107\\src\\presentation\\errors\\menu-params-error.ts": {"path":"C:\\Users\\sjoao\\Workspace\\Projeto1-S107\\src\\presentation\\errors\\menu-params-error.ts","statementMap":{"0":{"start":{"line":3,"column":4},"end":{"line":3,"column":null}},"1":{"start":{"line":4,"column":4},"end":{"line":4,"column":null}},"2":{"start":{"line":1,"column":0},"end":{"line":1,"column":13}}},"fnMap":{"0":{"name":"(anonymous_0)","decl":{"start":{"line":2,"column":2},"end":{"line":2,"column":null}},"loc":{"start":{"line":2,"column":2},"end":{"line":5,"column":3}}}},"branchMap":{},"s":{"0":0,"1":0,"2":0},"f":{"0":0},"b":{}}
,"C:\\Users\\sjoao\\Workspace\\Projeto1-S107\\src\\presentation\\errors\\missing-param-error.ts": {"path":"C:\\Users\\sjoao\\Workspace\\Projeto1-S107\\src\\presentation\\errors\\missing-param-error.ts","statementMap":{"0":{"start":{"line":3,"column":4},"end":{"line":3,"column":null}},"1":{"start":{"line":4,"column":4},"end":{"line":4,"column":null}},"2":{"start":{"line":1,"column":0},"end":{"line":1,"column":13}}},"fnMap":{"0":{"name":"(anonymous_0)","decl":{"start":{"line":2,"column":2},"end":{"line":2,"column":15}},"loc":{"start":{"line":2,"column":32},"end":{"line":5,"column":3}}}},"branchMap":{},"s":{"0":16,"1":16,"2":16},"f":{"0":16},"b":{}}
,"C:\\Users\\sjoao\\Workspace\\Projeto1-S107\\src\\presentation\\errors\\no-rows-affected-error.ts": {"path":"C:\\Users\\sjoao\\Workspace\\Projeto1-S107\\src\\presentation\\errors\\no-rows-affected-error.ts","statementMap":{"0":{"start":{"line":3,"column":4},"end":{"line":3,"column":null}},"1":{"start":{"line":4,"column":4},"end":{"line":4,"column":null}},"2":{"start":{"line":1,"column":0},"end":{"line":1,"column":13}}},"fnMap":{"0":{"name":"(anonymous_0)","decl":{"start":{"line":2,"column":2},"end":{"line":2,"column":15}},"loc":{"start":{"line":2,"column":26},"end":{"line":5,"column":3}}}},"branchMap":{},"s":{"0":4,"1":4,"2":2},"f":{"0":4},"b":{}}
,"C:\\Users\\sjoao\\Workspace\\Projeto1-S107\\src\\presentation\\errors\\recipe-parameters-error.ts": {"path":"C:\\Users\\sjoao\\Workspace\\Projeto1-S107\\src\\presentation\\errors\\recipe-parameters-error.ts","statementMap":{"0":{"start":{"line":3,"column":4},"end":{"line":3,"column":null}},"1":{"start":{"line":4,"column":4},"end":{"line":4,"column":null}},"2":{"start":{"line":1,"column":0},"end":{"line":1,"column":13}}},"fnMap":{"0":{"name":"(anonymous_0)","decl":{"start":{"line":2,"column":2},"end":{"line":2,"column":null}},"loc":{"start":{"line":2,"column":2},"end":{"line":5,"column":3}}}},"branchMap":{},"s":{"0":0,"1":0,"2":0},"f":{"0":0},"b":{}}
,"C:\\Users\\sjoao\\Workspace\\Projeto1-S107\\src\\presentation\\errors\\recipe-params-error.ts": {"path":"C:\\Users\\sjoao\\Workspace\\Projeto1-S107\\src\\presentation\\errors\\recipe-params-error.ts","statementMap":{"0":{"start":{"line":3,"column":4},"end":{"line":3,"column":null}},"1":{"start":{"line":4,"column":4},"end":{"line":4,"column":null}},"2":{"start":{"line":1,"column":0},"end":{"line":1,"column":13}}},"fnMap":{"0":{"name":"(anonymous_0)","decl":{"start":{"line":2,"column":2},"end":{"line":2,"column":null}},"loc":{"start":{"line":2,"column":2},"end":{"line":5,"column":3}}}},"branchMap":{},"s":{"0":0,"1":0,"2":0},"f":{"0":0},"b":{}}
,"C:\\Users\\sjoao\\Workspace\\Projeto1-S107\\src\\presentation\\errors\\resource-not-found-error.ts": {"path":"C:\\Users\\sjoao\\Workspace\\Projeto1-S107\\src\\presentation\\errors\\resource-not-found-error.ts","statementMap":{"0":{"start":{"line":3,"column":4},"end":{"line":3,"column":null}},"1":{"start":{"line":4,"column":4},"end":{"line":4,"column":null}},"2":{"start":{"line":1,"column":0},"end":{"line":1,"column":13}}},"fnMap":{"0":{"name":"(anonymous_0)","decl":{"start":{"line":2,"column":2},"end":{"line":2,"column":15}},"loc":{"start":{"line":2,"column":65},"end":{"line":5,"column":3}}}},"branchMap":{},"s":{"0":0,"1":0,"2":4},"f":{"0":0},"b":{}}
,"C:\\Users\\sjoao\\Workspace\\Projeto1-S107\\src\\presentation\\errors\\send-email-error.ts": {"path":"C:\\Users\\sjoao\\Workspace\\Projeto1-S107\\src\\presentation\\errors\\send-email-error.ts","statementMap":{"0":{"start":{"line":3,"column":4},"end":{"line":3,"column":null}},"1":{"start":{"line":4,"column":4},"end":{"line":4,"column":null}},"2":{"start":{"line":1,"column":0},"end":{"line":1,"column":13}}},"fnMap":{"0":{"name":"(anonymous_0)","decl":{"start":{"line":2,"column":2},"end":{"line":2,"column":null}},"loc":{"start":{"line":2,"column":2},"end":{"line":5,"column":3}}}},"branchMap":{},"s":{"0":0,"1":0,"2":0},"f":{"0":0},"b":{}}
,"C:\\Users\\sjoao\\Workspace\\Projeto1-S107\\src\\presentation\\errors\\server-error.ts": {"path":"C:\\Users\\sjoao\\Workspace\\Projeto1-S107\\src\\presentation\\errors\\server-error.ts","statementMap":{"0":{"start":{"line":3,"column":4},"end":{"line":3,"column":null}},"1":{"start":{"line":4,"column":4},"end":{"line":4,"column":null}},"2":{"start":{"line":5,"column":4},"end":{"line":5,"column":null}},"3":{"start":{"line":1,"column":0},"end":{"line":1,"column":13}}},"fnMap":{"0":{"name":"(anonymous_0)","decl":{"start":{"line":2,"column":2},"end":{"line":2,"column":15}},"loc":{"start":{"line":2,"column":35},"end":{"line":6,"column":3}}}},"branchMap":{},"s":{"0":11,"1":11,"2":11,"3":16},"f":{"0":11},"b":{}}
,"C:\\Users\\sjoao\\Workspace\\Projeto1-S107\\src\\presentation\\errors\\step-CombiOvenCMAX-params-error.ts": {"path":"C:\\Users\\sjoao\\Workspace\\Projeto1-S107\\src\\presentation\\errors\\step-CombiOvenCMAX-params-error.ts","statementMap":{"0":{"start":{"line":3,"column":4},"end":{"line":3,"column":null}},"1":{"start":{"line":4,"column":4},"end":{"line":4,"column":null}},"2":{"start":{"line":1,"column":0},"end":{"line":1,"column":13}}},"fnMap":{"0":{"name":"(anonymous_0)","decl":{"start":{"line":2,"column":2},"end":{"line":2,"column":null}},"loc":{"start":{"line":2,"column":2},"end":{"line":5,"column":3}}}},"branchMap":{},"s":{"0":0,"1":0,"2":0},"f":{"0":0},"b":{}}
,"C:\\Users\\sjoao\\Workspace\\Projeto1-S107\\src\\presentation\\errors\\step-CombiOvenTSI-params-error.ts": {"path":"C:\\Users\\sjoao\\Workspace\\Projeto1-S107\\src\\presentation\\errors\\step-CombiOvenTSI-params-error.ts","statementMap":{"0":{"start":{"line":3,"column":4},"end":{"line":3,"column":null}},"1":{"start":{"line":4,"column":4},"end":{"line":4,"column":null}},"2":{"start":{"line":1,"column":0},"end":{"line":1,"column":13}}},"fnMap":{"0":{"name":"(anonymous_0)","decl":{"start":{"line":2,"column":2},"end":{"line":2,"column":null}},"loc":{"start":{"line":2,"column":2},"end":{"line":5,"column":3}}}},"branchMap":{},"s":{"0":0,"1":0,"2":0},"f":{"0":0},"b":{}}
,"C:\\Users\\sjoao\\Workspace\\Projeto1-S107\\src\\presentation\\errors\\step-SpeedOven-params-error.ts": {"path":"C:\\Users\\sjoao\\Workspace\\Projeto1-S107\\src\\presentation\\errors\\step-SpeedOven-params-error.ts","statementMap":{"0":{"start":{"line":3,"column":4},"end":{"line":3,"column":null}},"1":{"start":{"line":4,"column":4},"end":{"line":4,"column":null}},"2":{"start":{"line":1,"column":0},"end":{"line":1,"column":13}}},"fnMap":{"0":{"name":"(anonymous_0)","decl":{"start":{"line":2,"column":2},"end":{"line":2,"column":null}},"loc":{"start":{"line":2,"column":2},"end":{"line":5,"column":3}}}},"branchMap":{},"s":{"0":0,"1":0,"2":0},"f":{"0":0},"b":{}}
,"C:\\Users\\sjoao\\Workspace\\Projeto1-S107\\src\\presentation\\errors\\store-params-error.ts": {"path":"C:\\Users\\sjoao\\Workspace\\Projeto1-S107\\src\\presentation\\errors\\store-params-error.ts","statementMap":{"0":{"start":{"line":3,"column":4},"end":{"line":3,"column":null}},"1":{"start":{"line":4,"column":4},"end":{"line":4,"column":null}},"2":{"start":{"line":1,"column":0},"end":{"line":1,"column":13}}},"fnMap":{"0":{"name":"(anonymous_0)","decl":{"start":{"line":2,"column":2},"end":{"line":2,"column":null}},"loc":{"start":{"line":2,"column":2},"end":{"line":5,"column":3}}}},"branchMap":{},"s":{"0":0,"1":0,"2":0},"f":{"0":0},"b":{}}
,"C:\\Users\\sjoao\\Workspace\\Projeto1-S107\\src\\presentation\\errors\\unauthorized-error.ts": {"path":"C:\\Users\\sjoao\\Workspace\\Projeto1-S107\\src\\presentation\\errors\\unauthorized-error.ts","statementMap":{"0":{"start":{"line":3,"column":4},"end":{"line":3,"column":null}},"1":{"start":{"line":4,"column":4},"end":{"line":4,"column":null}},"2":{"start":{"line":1,"column":0},"end":{"line":1,"column":13}}},"fnMap":{"0":{"name":"(anonymous_0)","decl":{"start":{"line":2,"column":2},"end":{"line":2,"column":null}},"loc":{"start":{"line":2,"column":2},"end":{"line":5,"column":3}}}},"branchMap":{},"s":{"0":0,"1":0,"2":16},"f":{"0":0},"b":{}}
,"C:\\Users\\sjoao\\Workspace\\Projeto1-S107\\src\\presentation\\errors\\update-configs-error.ts": {"path":"C:\\Users\\sjoao\\Workspace\\Projeto1-S107\\src\\presentation\\errors\\update-configs-error.ts","statementMap":{"0":{"start":{"line":3,"column":4},"end":{"line":3,"column":null}},"1":{"start":{"line":4,"column":4},"end":{"line":4,"column":null}},"2":{"start":{"line":1,"column":0},"end":{"line":1,"column":13}}},"fnMap":{"0":{"name":"(anonymous_0)","decl":{"start":{"line":2,"column":2},"end":{"line":2,"column":null}},"loc":{"start":{"line":2,"column":2},"end":{"line":5,"column":3}}}},"branchMap":{},"s":{"0":0,"1":0,"2":0},"f":{"0":0},"b":{}}
,"C:\\Users\\sjoao\\Workspace\\Projeto1-S107\\src\\presentation\\errors\\update-group-error.ts": {"path":"C:\\Users\\sjoao\\Workspace\\Projeto1-S107\\src\\presentation\\errors\\update-group-error.ts","statementMap":{"0":{"start":{"line":3,"column":4},"end":{"line":3,"column":null}},"1":{"start":{"line":4,"column":4},"end":{"line":4,"column":null}},"2":{"start":{"line":1,"column":0},"end":{"line":1,"column":13}}},"fnMap":{"0":{"name":"(anonymous_0)","decl":{"start":{"line":2,"column":2},"end":{"line":2,"column":null}},"loc":{"start":{"line":2,"column":2},"end":{"line":5,"column":3}}}},"branchMap":{},"s":{"0":0,"1":0,"2":0},"f":{"0":0},"b":{}}
,"C:\\Users\\sjoao\\Workspace\\Projeto1-S107\\src\\presentation\\errors\\update-recipe-error.ts": {"path":"C:\\Users\\sjoao\\Workspace\\Projeto1-S107\\src\\presentation\\errors\\update-recipe-error.ts","statementMap":{"0":{"start":{"line":3,"column":4},"end":{"line":3,"column":null}},"1":{"start":{"line":4,"column":4},"end":{"line":4,"column":null}},"2":{"start":{"line":1,"column":0},"end":{"line":1,"column":13}}},"fnMap":{"0":{"name":"(anonymous_0)","decl":{"start":{"line":2,"column":2},"end":{"line":2,"column":null}},"loc":{"start":{"line":2,"column":2},"end":{"line":5,"column":3}}}},"branchMap":{},"s":{"0":0,"1":0,"2":0},"f":{"0":0},"b":{}}
,"C:\\Users\\sjoao\\Workspace\\Projeto1-S107\\src\\presentation\\errors\\update-step-SpeedOven-error.ts": {"path":"C:\\Users\\sjoao\\Workspace\\Projeto1-S107\\src\\presentation\\errors\\update-step-SpeedOven-error.ts","statementMap":{"0":{"start":{"line":3,"column":4},"end":{"line":3,"column":null}},"1":{"start":{"line":4,"column":4},"end":{"line":4,"column":null}},"2":{"start":{"line":1,"column":0},"end":{"line":1,"column":13}}},"fnMap":{"0":{"name":"(anonymous_0)","decl":{"start":{"line":2,"column":2},"end":{"line":2,"column":null}},"loc":{"start":{"line":2,"column":2},"end":{"line":5,"column":3}}}},"branchMap":{},"s":{"0":0,"1":0,"2":0},"f":{"0":0},"b":{}}
,"C:\\Users\\sjoao\\Workspace\\Projeto1-S107\\src\\presentation\\errors\\update-store-error.ts": {"path":"C:\\Users\\sjoao\\Workspace\\Projeto1-S107\\src\\presentation\\errors\\update-store-error.ts","statementMap":{"0":{"start":{"line":3,"column":4},"end":{"line":3,"column":null}},"1":{"start":{"line":4,"column":4},"end":{"line":4,"column":null}},"2":{"start":{"line":1,"column":0},"end":{"line":1,"column":13}}},"fnMap":{"0":{"name":"(anonymous_0)","decl":{"start":{"line":2,"column":2},"end":{"line":2,"column":null}},"loc":{"start":{"line":2,"column":2},"end":{"line":5,"column":3}}}},"branchMap":{},"s":{"0":0,"1":0,"2":0},"f":{"0":0},"b":{}}
,"C:\\Users\\sjoao\\Workspace\\Projeto1-S107\\src\\presentation\\errors\\user-creation-error.ts": {"path":"C:\\Users\\sjoao\\Workspace\\Projeto1-S107\\src\\presentation\\errors\\user-creation-error.ts","statementMap":{"0":{"start":{"line":3,"column":4},"end":{"line":3,"column":null}},"1":{"start":{"line":4,"column":4},"end":{"line":4,"column":null}},"2":{"start":{"line":1,"column":0},"end":{"line":1,"column":13}}},"fnMap":{"0":{"name":"(anonymous_0)","decl":{"start":{"line":2,"column":2},"end":{"line":2,"column":null}},"loc":{"start":{"line":2,"column":2},"end":{"line":5,"column":3}}}},"branchMap":{},"s":{"0":1,"1":1,"2":1},"f":{"0":1},"b":{}}
,"C:\\Users\\sjoao\\Workspace\\Projeto1-S107\\src\\presentation\\errors\\user-not-belong-user-error.ts": {"path":"C:\\Users\\sjoao\\Workspace\\Projeto1-S107\\src\\presentation\\errors\\user-not-belong-user-error.ts","statementMap":{"0":{"start":{"line":3,"column":4},"end":{"line":3,"column":null}},"1":{"start":{"line":4,"column":4},"end":{"line":4,"column":null}},"2":{"start":{"line":1,"column":0},"end":{"line":1,"column":13}}},"fnMap":{"0":{"name":"(anonymous_0)","decl":{"start":{"line":2,"column":2},"end":{"line":2,"column":null}},"loc":{"start":{"line":2,"column":2},"end":{"line":5,"column":3}}}},"branchMap":{},"s":{"0":0,"1":0,"2":0},"f":{"0":0},"b":{}}
,"C:\\Users\\sjoao\\Workspace\\Projeto1-S107\\src\\presentation\\errors\\user-not-found-error.ts": {"path":"C:\\Users\\sjoao\\Workspace\\Projeto1-S107\\src\\presentation\\errors\\user-not-found-error.ts","statementMap":{"0":{"start":{"line":3,"column":4},"end":{"line":3,"column":null}},"1":{"start":{"line":4,"column":4},"end":{"line":4,"column":null}},"2":{"start":{"line":1,"column":0},"end":{"line":1,"column":13}}},"fnMap":{"0":{"name":"(anonymous_0)","decl":{"start":{"line":2,"column":2},"end":{"line":2,"column":null}},"loc":{"start":{"line":2,"column":2},"end":{"line":5,"column":3}}}},"branchMap":{},"s":{"0":0,"1":0,"2":16},"f":{"0":0},"b":{}}
,"C:\\Users\\sjoao\\Workspace\\Projeto1-S107\\src\\presentation\\helpers\\http-helper.ts": {"path":"C:\\Users\\sjoao\\Workspace\\Projeto1-S107\\src\\presentation\\helpers\\http-helper.ts","statementMap":{"0":{"start":{"line":2,"column":0},"end":{"line":2,"column":58}},"1":{"start":{"line":3,"column":0},"end":{"line":3,"column":74}},"2":{"start":{"line":5,"column":26},"end":{"line":8,"column":2}},"3":{"start":{"line":5,"column":59},"end":{"line":8,"column":2}},"4":{"start":{"line":5,"column":13},"end":{"line":5,"column":26}},"5":{"start":{"line":10,"column":28},"end":{"line":13,"column":2}},"6":{"start":{"line":10,"column":49},"end":{"line":13,"column":2}},"7":{"start":{"line":10,"column":13},"end":{"line":10,"column":28}},"8":{"start":{"line":15,"column":27},"end":{"line":18,"column":2}},"9":{"start":{"line":15,"column":60},"end":{"line":18,"column":2}},"10":{"start":{"line":15,"column":13},"end":{"line":15,"column":27}},"11":{"start":{"line":20,"column":18},"end":{"line":23,"column":2}},"12":{"start":{"line":20,"column":48},"end":{"line":23,"column":2}},"13":{"start":{"line":20,"column":13},"end":{"line":20,"column":18}},"14":{"start":{"line":25,"column":25},"end":{"line":28,"column":2}},"15":{"start":{"line":25,"column":58},"end":{"line":28,"column":2}},"16":{"start":{"line":25,"column":13},"end":{"line":25,"column":25}},"17":{"start":{"line":30,"column":25},"end":{"line":33,"column":2}},"18":{"start":{"line":30,"column":46},"end":{"line":33,"column":2}},"19":{"start":{"line":30,"column":13},"end":{"line":30,"column":25}},"20":{"start":{"line":35,"column":23},"end":{"line":38,"column":2}},"21":{"start":{"line":35,"column":63},"end":{"line":38,"column":2}},"22":{"start":{"line":35,"column":13},"end":{"line":35,"column":23}},"23":{"start":{"line":40,"column":24},"end":{"line":45,"column":2}},"24":{"start":{"line":40,"column":104},"end":{"line":45,"column":2}},"25":{"start":{"line":40,"column":13},"end":{"line":40,"column":24}},"26":{"start":{"line":47,"column":24},"end":{"line":50,"column":2}},"27":{"start":{"line":47,"column":95},"end":{"line":50,"column":2}},"28":{"start":{"line":47,"column":13},"end":{"line":47,"column":24}}},"fnMap":{"0":{"name":"(anonymous_0)","decl":{"start":{"line":5,"column":26},"end":{"line":5,"column":27}},"loc":{"start":{"line":5,"column":59},"end":{"line":8,"column":2}}},"1":{"name":"(anonymous_1)","decl":{"start":{"line":10,"column":28},"end":{"line":10,"column":45}},"loc":{"start":{"line":10,"column":49},"end":{"line":13,"column":2}}},"2":{"name":"(anonymous_2)","decl":{"start":{"line":15,"column":27},"end":{"line":15,"column":28}},"loc":{"start":{"line":15,"column":60},"end":{"line":18,"column":2}}},"3":{"name":"(anonymous_3)","decl":{"start":{"line":20,"column":18},"end":{"line":20,"column":19}},"loc":{"start":{"line":20,"column":48},"end":{"line":23,"column":2}}},"4":{"name":"(anonymous_4)","decl":{"start":{"line":25,"column":25},"end":{"line":25,"column":26}},"loc":{"start":{"line":25,"column":58},"end":{"line":28,"column":2}}},"5":{"name":"(anonymous_5)","decl":{"start":{"line":30,"column":25},"end":{"line":30,"column":42}},"loc":{"start":{"line":30,"column":46},"end":{"line":33,"column":2}}},"6":{"name":"(anonymous_6)","decl":{"start":{"line":35,"column":23},"end":{"line":35,"column":33}},"loc":{"start":{"line":35,"column":63},"end":{"line":38,"column":2}}},"7":{"name":"(anonymous_7)","decl":{"start":{"line":40,"column":24},"end":{"line":40,"column":25}},"loc":{"start":{"line":40,"column":104},"end":{"line":45,"column":2}}},"8":{"name":"(anonymous_8)","decl":{"start":{"line":47,"column":24},"end":{"line":47,"column":25}},"loc":{"start":{"line":47,"column":95},"end":{"line":50,"column":2}}}},"branchMap":{},"s":{"0":4,"1":4,"2":4,"3":20,"4":4,"5":4,"6":0,"7":4,"8":4,"9":8,"10":4,"11":4,"12":28,"13":4,"14":4,"15":0,"16":4,"17":4,"18":2,"19":4,"20":4,"21":8,"22":4,"23":4,"24":0,"25":4,"26":4,"27":0,"28":4},"f":{"0":20,"1":0,"2":8,"3":28,"4":0,"5":2,"6":8,"7":0,"8":0},"b":{}}
,"C:\\Users\\sjoao\\Workspace\\Projeto1-S107\\src\\presentation\\helpers\\validators\\compare-fields-validation.ts": {"path":"C:\\Users\\sjoao\\Workspace\\Projeto1-S107\\src\\presentation\\helpers\\validators\\compare-fields-validation.ts","statementMap":{"0":{"start":{"line":1,"column":0},"end":{"line":1,"column":48}},"1":{"start":{"line":9,"column":4},"end":{"line":9,"column":null}},"2":{"start":{"line":10,"column":4},"end":{"line":10,"column":null}},"3":{"start":{"line":14,"column":4},"end":{"line":16,"column":null}},"4":{"start":{"line":15,"column":6},"end":{"line":15,"column":null}},"5":{"start":{"line":4,"column":0},"end":{"line":4,"column":13}}},"fnMap":{"0":{"name":"(anonymous_0)","decl":{"start":{"line":8,"column":2},"end":{"line":8,"column":15}},"loc":{"start":{"line":8,"column":63},"end":{"line":11,"column":3}}},"1":{"name":"(anonymous_1)","decl":{"start":{"line":13,"column":2},"end":{"line":13,"column":10}},"loc":{"start":{"line":13,"column":22},"end":{"line":17,"column":3}}}},"branchMap":{"0":{"loc":{"start":{"line":14,"column":4},"end":{"line":16,"column":null}},"type":"if","locations":[{"start":{"line":14,"column":4},"end":{"line":16,"column":null}}]}},"s":{"0":1,"1":2,"2":2,"3":2,"4":1,"5":1},"f":{"0":2,"1":2},"b":{"0":[1]}}
,"C:\\Users\\sjoao\\Workspace\\Projeto1-S107\\src\\presentation\\helpers\\validators\\email-valdiation.ts": {"path":"C:\\Users\\sjoao\\Workspace\\Projeto1-S107\\src\\presentation\\helpers\\validators\\email-valdiation.ts","statementMap":{"0":{"start":{"line":2,"column":0},"end":{"line":2,"column":48}},"1":{"start":{"line":10,"column":4},"end":{"line":10,"column":null}},"2":{"start":{"line":11,"column":4},"end":{"line":11,"column":null}},"3":{"start":{"line":15,"column":20},"end":{"line":15,"column":70}},"4":{"start":{"line":16,"column":4},"end":{"line":18,"column":null}},"5":{"start":{"line":17,"column":6},"end":{"line":17,"column":null}},"6":{"start":{"line":5,"column":0},"end":{"line":5,"column":13}}},"fnMap":{"0":{"name":"(anonymous_0)","decl":{"start":{"line":9,"column":2},"end":{"line":9,"column":15}},"loc":{"start":{"line":9,"column":64},"end":{"line":12,"column":3}}},"1":{"name":"(anonymous_1)","decl":{"start":{"line":14,"column":2},"end":{"line":14,"column":10}},"loc":{"start":{"line":14,"column":22},"end":{"line":19,"column":3}}}},"branchMap":{"0":{"loc":{"start":{"line":16,"column":4},"end":{"line":18,"column":null}},"type":"if","locations":[{"start":{"line":16,"column":4},"end":{"line":18,"column":null}}]}},"s":{"0":1,"1":3,"2":3,"3":3,"4":2,"5":1,"6":1},"f":{"0":3,"1":3},"b":{"0":[1]}}
,"C:\\Users\\sjoao\\Workspace\\Projeto1-S107\\src\\presentation\\helpers\\validators\\generation-validation.ts": {"path":"C:\\Users\\sjoao\\Workspace\\Projeto1-S107\\src\\presentation\\helpers\\validators\\generation-validation.ts","statementMap":{"0":{"start":{"line":1,"column":0},"end":{"line":1,"column":48}},"1":{"start":{"line":6,"column":23},"end":{"line":6,"column":39}},"2":{"start":{"line":7,"column":4},"end":{"line":8,"column":null}},"3":{"start":{"line":7,"column":86},"end":{"line":7,"column":null}},"4":{"start":{"line":8,"column":9},"end":{"line":8,"column":null}},"5":{"start":{"line":4,"column":0},"end":{"line":4,"column":13}}},"fnMap":{"0":{"name":"(anonymous_0)","decl":{"start":{"line":5,"column":2},"end":{"line":5,"column":10}},"loc":{"start":{"line":5,"column":22},"end":{"line":9,"column":3}}}},"branchMap":{"0":{"loc":{"start":{"line":7,"column":4},"end":{"line":8,"column":null}},"type":"if","locations":[{"start":{"line":7,"column":4},"end":{"line":8,"column":null}},{"start":{"line":8,"column":9},"end":{"line":8,"column":null}}]},"1":{"loc":{"start":{"line":7,"column":8},"end":{"line":7,"column":84}},"type":"binary-expr","locations":[{"start":{"line":7,"column":8},"end":{"line":7,"column":38}},{"start":{"line":7,"column":43},"end":{"line":7,"column":61}},{"start":{"line":7,"column":65},"end":{"line":7,"column":83}}]}},"s":{"0":1,"1":5,"2":5,"3":2,"4":3,"5":1},"f":{"0":5},"b":{"0":[2,3],"1":[5,3,2]}}
,"C:\\Users\\sjoao\\Workspace\\Projeto1-S107\\src\\presentation\\helpers\\validators\\index.ts": {"path":"C:\\Users\\sjoao\\Workspace\\Projeto1-S107\\src\\presentation\\helpers\\validators\\index.ts","statementMap":{"0":{"start":{"line":1,"column":0},"end":{"line":1,"column":43}},"1":{"start":{"line":2,"column":0},"end":{"line":2,"column":34}},"2":{"start":{"line":3,"column":0},"end":{"line":3,"column":39}},"3":{"start":{"line":4,"column":0},"end":{"line":4,"column":43}},"4":{"start":{"line":5,"column":0},"end":{"line":5,"column":43}},"5":{"start":{"line":6,"column":0},"end":{"line":6,"column":50}},"6":{"start":{"line":7,"column":0},"end":{"line":7,"column":48}},"7":{"start":{"line":8,"column":0},"end":{"line":8,"column":37}}},"fnMap":{},"branchMap":{},"s":{"0":0,"1":0,"2":0,"3":0,"4":0,"5":0,"6":0,"7":0},"f":{},"b":{}}
,"C:\\Users\\sjoao\\Workspace\\Projeto1-S107\\src\\presentation\\helpers\\validators\\numeric-fields-validation.ts": {"path":"C:\\Users\\sjoao\\Workspace\\Projeto1-S107\\src\\presentation\\helpers\\validators\\numeric-fields-validation.ts","statementMap":{"0":{"start":{"line":1,"column":0},"end":{"line":1,"column":48}},"1":{"start":{"line":8,"column":4},"end":{"line":8,"column":null}},"2":{"start":{"line":12,"column":4},"end":{"line":14,"column":null}},"3":{"start":{"line":13,"column":6},"end":{"line":13,"column":null}},"4":{"start":{"line":4,"column":0},"end":{"line":4,"column":13}}},"fnMap":{"0":{"name":"(anonymous_0)","decl":{"start":{"line":7,"column":2},"end":{"line":7,"column":15}},"loc":{"start":{"line":7,"column":32},"end":{"line":9,"column":3}}},"1":{"name":"(anonymous_1)","decl":{"start":{"line":11,"column":2},"end":{"line":11,"column":10}},"loc":{"start":{"line":11,"column":22},"end":{"line":15,"column":3}}}},"branchMap":{"0":{"loc":{"start":{"line":12,"column":4},"end":{"line":14,"column":null}},"type":"if","locations":[{"start":{"line":12,"column":4},"end":{"line":14,"column":null}}]}},"s":{"0":4,"1":9,"2":3,"3":1,"4":4},"f":{"0":9,"1":3},"b":{"0":[1]}}
,"C:\\Users\\sjoao\\Workspace\\Projeto1-S107\\src\\presentation\\helpers\\validators\\required-field-validation.ts": {"path":"C:\\Users\\sjoao\\Workspace\\Projeto1-S107\\src\\presentation\\helpers\\validators\\required-field-validation.ts","statementMap":{"0":{"start":{"line":1,"column":0},"end":{"line":1,"column":48}},"1":{"start":{"line":8,"column":4},"end":{"line":8,"column":null}},"2":{"start":{"line":12,"column":4},"end":{"line":14,"column":null}},"3":{"start":{"line":13,"column":6},"end":{"line":13,"column":null}},"4":{"start":{"line":4,"column":0},"end":{"line":4,"column":13}}},"fnMap":{"0":{"name":"(anonymous_0)","decl":{"start":{"line":7,"column":2},"end":{"line":7,"column":15}},"loc":{"start":{"line":7,"column":32},"end":{"line":9,"column":3}}},"1":{"name":"(anonymous_1)","decl":{"start":{"line":11,"column":2},"end":{"line":11,"column":10}},"loc":{"start":{"line":11,"column":22},"end":{"line":15,"column":3}}}},"branchMap":{"0":{"loc":{"start":{"line":12,"column":4},"end":{"line":14,"column":null}},"type":"if","locations":[{"start":{"line":12,"column":4},"end":{"line":14,"column":null}}]},"1":{"loc":{"start":{"line":12,"column":8},"end":{"line":12,"column":77}},"type":"binary-expr","locations":[{"start":{"line":12,"column":8},"end":{"line":12,"column":43}},{"start":{"line":12,"column":47},"end":{"line":12,"column":77}}]}},"s":{"0":5,"1":22,"2":2,"3":1,"4":5},"f":{"0":22,"1":2},"b":{"0":[1],"1":[2,1]}}
,"C:\\Users\\sjoao\\Workspace\\Projeto1-S107\\src\\presentation\\helpers\\validators\\required-update-field-validation.ts": {"path":"C:\\Users\\sjoao\\Workspace\\Projeto1-S107\\src\\presentation\\helpers\\validators\\required-update-field-validation.ts","statementMap":{"0":{"start":{"line":1,"column":0},"end":{"line":1,"column":48}},"1":{"start":{"line":6,"column":19},"end":{"line":6,"column":37}},"2":{"start":{"line":7,"column":4},"end":{"line":11,"column":null}},"3":{"start":{"line":8,"column":6},"end":{"line":10,"column":null}},"4":{"start":{"line":9,"column":8},"end":{"line":9,"column":null}},"5":{"start":{"line":4,"column":0},"end":{"line":4,"column":13}}},"fnMap":{"0":{"name":"(anonymous_0)","decl":{"start":{"line":5,"column":2},"end":{"line":5,"column":10}},"loc":{"start":{"line":5,"column":22},"end":{"line":12,"column":3}}}},"branchMap":{"0":{"loc":{"start":{"line":8,"column":6},"end":{"line":10,"column":null}},"type":"if","locations":[{"start":{"line":8,"column":6},"end":{"line":10,"column":null}}]},"1":{"loc":{"start":{"line":8,"column":10},"end":{"line":8,"column":61}},"type":"binary-expr","locations":[{"start":{"line":8,"column":10},"end":{"line":8,"column":36}},{"start":{"line":8,"column":40},"end":{"line":8,"column":61}}]}},"s":{"0":2,"1":2,"2":2,"3":2,"4":1,"5":2},"f":{"0":2},"b":{"0":[1],"1":[2,2]}}
,"C:\\Users\\sjoao\\Workspace\\Projeto1-S107\\src\\presentation\\helpers\\validators\\valid-table-fields-validations.ts": {"path":"C:\\Users\\sjoao\\Workspace\\Projeto1-S107\\src\\presentation\\helpers\\validators\\valid-table-fields-validations.ts","statementMap":{"0":{"start":{"line":1,"column":0},"end":{"line":1,"column":48}},"1":{"start":{"line":8,"column":4},"end":{"line":8,"column":null}},"2":{"start":{"line":12,"column":22},"end":{"line":12,"column":43}},"3":{"start":{"line":13,"column":4},"end":{"line":15,"column":null}},"4":{"start":{"line":14,"column":6},"end":{"line":14,"column":null}},"5":{"start":{"line":4,"column":0},"end":{"line":4,"column":13}}},"fnMap":{"0":{"name":"(anonymous_0)","decl":{"start":{"line":7,"column":2},"end":{"line":7,"column":15}},"loc":{"start":{"line":7,"column":35},"end":{"line":9,"column":3}}},"1":{"name":"(anonymous_1)","decl":{"start":{"line":11,"column":2},"end":{"line":11,"column":10}},"loc":{"start":{"line":11,"column":22},"end":{"line":16,"column":3}}}},"branchMap":{"0":{"loc":{"start":{"line":13,"column":4},"end":{"line":15,"column":null}},"type":"if","locations":[{"start":{"line":13,"column":4},"end":{"line":15,"column":null}}]}},"s":{"0":1,"1":2,"2":2,"3":2,"4":1,"5":1},"f":{"0":2,"1":2},"b":{"0":[1]}}
,"C:\\Users\\sjoao\\Workspace\\Projeto1-S107\\src\\presentation\\helpers\\validators\\validator-composite.ts": {"path":"C:\\Users\\sjoao\\Workspace\\Projeto1-S107\\src\\presentation\\helpers\\validators\\validator-composite.ts","statementMap":{"0":{"start":{"line":7,"column":4},"end":{"line":7,"column":null}},"1":{"start":{"line":11,"column":4},"end":{"line":16,"column":null}},"2":{"start":{"line":12,"column":20},"end":{"line":12,"column":46}},"3":{"start":{"line":13,"column":6},"end":{"line":15,"column":null}},"4":{"start":{"line":14,"column":8},"end":{"line":14,"column":null}},"5":{"start":{"line":3,"column":0},"end":{"line":3,"column":13}}},"fnMap":{"0":{"name":"(anonymous_0)","decl":{"start":{"line":6,"column":2},"end":{"line":6,"column":15}},"loc":{"start":{"line":6,"column":40},"end":{"line":8,"column":3}}},"1":{"name":"(anonymous_1)","decl":{"start":{"line":10,"column":2},"end":{"line":10,"column":10}},"loc":{"start":{"line":10,"column":22},"end":{"line":17,"column":3}}}},"branchMap":{"0":{"loc":{"start":{"line":13,"column":6},"end":{"line":15,"column":null}},"type":"if","locations":[{"start":{"line":13,"column":6},"end":{"line":15,"column":null}}]}},"s":{"0":3,"1":3,"2":5,"3":5,"4":2,"5":5},"f":{"0":3,"1":3},"b":{"0":[2]}}
,"C:\\Users\\sjoao\\Workspace\\Projeto1-S107\\src\\presentation\\protocols\\index.ts": {"path":"C:\\Users\\sjoao\\Workspace\\Projeto1-S107\\src\\presentation\\protocols\\index.ts","statementMap":{"0":{"start":{"line":1,"column":0},"end":{"line":1,"column":28}},"1":{"start":{"line":2,"column":0},"end":{"line":2,"column":22}},"2":{"start":{"line":3,"column":0},"end":{"line":3,"column":28}},"3":{"start":{"line":4,"column":0},"end":{"line":4,"column":28}},"4":{"start":{"line":5,"column":0},"end":{"line":5,"column":27}}},"fnMap":{},"branchMap":{},"s":{"0":0,"1":0,"2":0,"3":0,"4":0},"f":{},"b":{}}
}
