TN:
SF:src\data\usecases\add-UserBelongStore\db-add-UserBelongStore.ts
FN:7,(anonymous_0)
FN:11,(anonymous_1)
FNF:2
FNH:2
FNDA:67,(anonymous_0)
FNDA:4,(anonymous_1)
DA:5,42
DA:8,67
DA:12,4
LF:3
LH:3
BRF:0
BRH:0
end_of_record
TN:
SF:src\data\usecases\add-company\db-add-company.ts
FN:9,(anonymous_0)
FN:14,(anonymous_1)
FNF:2
FNH:2
FNDA:69,(anonymous_0)
FNDA:8,(anonymous_1)
DA:5,41
DA:10,69
DA:11,69
DA:15,8
DA:16,7
DA:17,6
DA:18,5
DA:20,1
LF:8
LH:8
BRDA:16,0,0,6
BRF:1
BRH:1
end_of_record
TN:
SF:src\data\usecases\add-configs\db-add-configs.ts
FN:8,(anonymous_0)
FN:12,(anonymous_1)
FNF:2
FNH:2
FNDA:127,(anonymous_0)
FNDA:4,(anonymous_1)
DA:5,42
DA:9,127
DA:13,4
DA:14,4
DA:15,4
DA:17,0
LF:6
LH:5
BRDA:14,0,0,4
BRF:1
BRH:1
end_of_record
TN:
SF:src\data\usecases\add-cookbook\db-add-cookbook.ts
FN:8,(anonymous_0)
FN:12,(anonymous_1)
FNF:2
FNH:2
FNDA:65,(anonymous_0)
FNDA:3,(anonymous_1)
DA:5,42
DA:9,65
DA:13,3
DA:14,2
LF:4
LH:4
BRF:0
BRH:0
end_of_record
TN:
SF:src\data\usecases\add-user\db-add-user.ts
FN:9,(anonymous_0)
FN:14,(anonymous_1)
FNF:2
FNH:2
FNDA:67,(anonymous_0)
FNDA:5,(anonymous_1)
DA:6,42
DA:10,67
DA:11,67
DA:15,5
DA:16,5
DA:17,5
DA:18,5
DA:19,4
LF:8
LH:8
BRF:0
BRH:0
end_of_record
TN:
SF:src\data\usecases\add-group\db-add-group.ts
FN:6,(anonymous_0)
FN:10,(anonymous_1)
FNF:2
FNH:2
FNDA:65,(anonymous_0)
FNDA:3,(anonymous_1)
DA:3,42
DA:7,65
DA:11,3
DA:12,2
LF:4
LH:4
BRF:0
BRH:0
end_of_record
TN:
SF:src\data\usecases\add-menu\db-add-menu.ts
FN:7,(anonymous_0)
FN:11,(anonymous_1)
FNF:2
FNH:2
FNDA:65,(anonymous_0)
FNDA:4,(anonymous_1)
DA:4,42
DA:8,65
DA:12,4
DA:13,3
LF:4
LH:4
BRF:0
BRH:0
end_of_record
TN:
SF:src\data\usecases\add-menu-configs\db-menu-configs.ts
FN:6,(anonymous_0)
FN:10,(anonymous_1)
FNF:2
FNH:2
FNDA:65,(anonymous_0)
FNDA:4,(anonymous_1)
DA:3,42
DA:7,65
DA:11,4
LF:3
LH:3
BRF:0
BRH:0
end_of_record
TN:
SF:src\data\usecases\add-recipe\db-add-recipe.ts
FN:7,(anonymous_0)
FN:11,(anonymous_1)
FNF:2
FNH:2
FNDA:128,(anonymous_0)
FNDA:3,(anonymous_1)
DA:4,42
DA:8,128
DA:12,3
DA:13,3
LF:4
LH:4
BRF:0
BRH:0
end_of_record
TN:
SF:src\data\usecases\add-recipe-cmax\db-add-recipe-cmax.ts
FN:7,(anonymous_0)
FN:11,(anonymous_1)
FNF:2
FNH:2
FNDA:128,(anonymous_0)
FNDA:3,(anonymous_1)
DA:4,42
DA:8,128
DA:12,3
DA:13,2
LF:4
LH:4
BRF:0
BRH:0
end_of_record
TN:
SF:src\data\usecases\add-step-CombiOvenCMAX\db-add-step-CombiOvenCMAX.ts
FN:8,(anonymous_0)
FN:12,(anonymous_1)
FNF:2
FNH:2
FNDA:65,(anonymous_0)
FNDA:3,(anonymous_1)
DA:5,42
DA:9,65
DA:13,3
DA:14,2
LF:4
LH:4
BRF:0
BRH:0
end_of_record
TN:
SF:src\data\usecases\add-step-CombiOvenTSI\db-add-step-CombiOvenTSI.ts
FN:8,(anonymous_0)
FN:12,(anonymous_1)
FNF:2
FNH:2
FNDA:65,(anonymous_0)
FNDA:3,(anonymous_1)
DA:5,42
DA:9,65
DA:13,3
DA:14,2
LF:4
LH:4
BRF:0
BRH:0
end_of_record
TN:
SF:src\data\usecases\add-step-SpeedOven\db-add-step-SpeedOven.ts
FN:8,(anonymous_0)
FN:12,(anonymous_1)
FNF:2
FNH:2
FNDA:65,(anonymous_0)
FNDA:3,(anonymous_1)
DA:5,42
DA:9,65
DA:13,3
DA:14,2
LF:4
LH:4
BRF:0
BRH:0
end_of_record
TN:
SF:src\data\usecases\add-store\db-add-store.ts
FN:8,(anonymous_0)
FN:12,(anonymous_1)
FNF:2
FNH:2
FNDA:65,(anonymous_0)
FNDA:3,(anonymous_1)
DA:5,42
DA:9,65
DA:13,3
DA:14,2
LF:4
LH:4
BRF:0
BRH:0
end_of_record
TN:
SF:src\data\usecases\add-user\db-add-user.ts
FN:10,(anonymous_0)
FN:17,(anonymous_1)
FNF:2
FNH:2
FNDA:133,(anonymous_0)
FNDA:10,(anonymous_1)
DA:4,42
DA:11,133
DA:12,133
DA:13,133
DA:14,133
DA:18,10
DA:19,10
DA:20,9
DA:21,8
DA:22,8
DA:23,7
DA:25,1
LF:12
LH:12
BRDA:19,0,0,9
BRF:1
BRH:1
end_of_record
TN:
SF:src\data\usecases\authentication\db-authentication.ts
FN:17,(anonymous_0)
FN:29,(anonymous_1)
FNF:2
FNH:2
FNDA:74,(anonymous_0)
FNDA:13,(anonymous_1)
DA:11,42
DA:23,74
DA:24,74
DA:25,74
DA:26,74
DA:30,13
DA:31,12
DA:32,10
DA:33,9
DA:34,8
DA:35,7
DA:36,6
DA:38,1
DA:40,2
LF:14
LH:14
BRDA:31,0,0,10
BRDA:33,1,0,8
BRF:2
BRH:2
end_of_record
TN:
SF:src\data\usecases\authenticationPassword\db-authentication.ts
FN:13,(anonymous_0)
FN:22,(anonymous_1)
FNF:2
FNH:2
FNDA:69,(anonymous_0)
FNDA:6,(anonymous_1)
DA:9,42
DA:18,69
DA:19,69
DA:23,6
DA:24,5
DA:25,5
DA:26,4
DA:27,3
DA:29,1
DA:31,0
LF:10
LH:9
BRDA:24,0,0,5
BRDA:26,1,0,3
BRF:2
BRH:2
end_of_record
TN:
SF:src\data\usecases\check-by-cpf-cnpj\db-check-by-cpf-cnpj.ts
FN:8,(anonymous_0)
FN:12,(anonymous_1)
FNF:2
FNH:2
FNDA:66,(anonymous_0)
FNDA:5,(anonymous_1)
DA:5,42
DA:9,66
DA:13,5
DA:14,5
DA:15,3
DA:17,2
LF:6
LH:6
BRDA:14,0,0,3
BRF:1
BRH:1
end_of_record
TN:
SF:src\data\usecases\count-user\db-count-user.ts
FN:6,(anonymous_0)
FN:10,(anonymous_1)
FNF:2
FNH:2
FNDA:69,(anonymous_0)
FNDA:8,(anonymous_1)
DA:4,42
DA:7,69
DA:11,8
LF:3
LH:3
BRF:0
BRH:0
end_of_record
TN:
SF:src\data\usecases\delete-cookbook\db-delete-cookbook.ts
FN:13,(anonymous_0)
FN:20,(anonymous_1)
FNF:2
FNH:2
FNDA:65,(anonymous_0)
FNDA:3,(anonymous_1)
DA:7,42
DA:14,65
DA:15,65
DA:16,65
DA:17,65
DA:21,3
DA:22,0
DA:23,3
DA:24,0
DA:26,3
DA:28,3
LF:11
LH:9
BRDA:21,0,0,0
BRDA:21,0,1,3
BRDA:23,1,0,0
BRDA:23,1,1,3
BRF:4
BRH:2
end_of_record
TN:
SF:src\data\usecases\delete-user\db-delete-user.ts
FN:6,(anonymous_0)
FN:10,(anonymous_1)
FNF:2
FNH:2
FNDA:68,(anonymous_0)
FNDA:7,(anonymous_1)
DA:4,42
DA:7,68
DA:11,7
LF:3
LH:3
BRF:0
BRH:0
end_of_record
TN:
SF:src\data\usecases\delete-group\db-delete-group.ts
FN:6,(anonymous_0)
FN:10,(anonymous_1)
FNF:2
FNH:2
FNDA:65,(anonymous_0)
FNDA:3,(anonymous_1)
DA:3,42
DA:7,65
DA:11,3
LF:3
LH:3
BRF:0
BRH:0
end_of_record
TN:
SF:src\data\usecases\delete-menu\db-delete-menu.ts
FN:6,(anonymous_0)
FN:10,(anonymous_1)
FNF:2
FNH:2
FNDA:65,(anonymous_0)
FNDA:4,(anonymous_1)
DA:3,42
DA:7,65
DA:11,4
DA:12,3
LF:4
LH:4
BRF:0
BRH:0
end_of_record
TN:
SF:src\data\usecases\delete-recipe\db-delete-recipe.ts
FN:10,(anonymous_0)
FN:18,(anonymous_1)
FNF:2
FNH:2
FNDA:130,(anonymous_0)
FNDA:5,(anonymous_1)
DA:3,42
DA:11,130
DA:12,130
DA:13,130
DA:14,130
DA:15,130
DA:19,5
DA:20,2
DA:21,2
DA:23,3
DA:24,0
DA:26,3
DA:28,3
LF:13
LH:12
BRDA:19,0,0,2
BRDA:19,0,1,3
BRDA:23,1,0,0
BRDA:23,1,1,3
BRF:4
BRH:3
end_of_record
TN:
SF:src\data\usecases\delete-step-CombiOvenCMAX\db-delete-step-CombiOvenCMAX.ts
FN:6,(anonymous_0)
FN:10,(anonymous_1)
FNF:2
FNH:2
FNDA:65,(anonymous_0)
FNDA:3,(anonymous_1)
DA:3,42
DA:7,65
DA:11,3
LF:3
LH:3
BRF:0
BRH:0
end_of_record
TN:
SF:src\data\usecases\delete-step-CombiOvenTSI\db-delete-step-CombiOvenTSI.ts
FN:6,(anonymous_0)
FN:10,(anonymous_1)
FNF:2
FNH:2
FNDA:65,(anonymous_0)
FNDA:3,(anonymous_1)
DA:3,42
DA:7,65
DA:11,3
LF:3
LH:3
BRF:0
BRH:0
end_of_record
TN:
SF:src\data\usecases\delete-step-SpeedOven\db-delete-step-SpeedOven.ts
FN:6,(anonymous_0)
FN:10,(anonymous_1)
FNF:2
FNH:2
FNDA:65,(anonymous_0)
FNDA:3,(anonymous_1)
DA:3,42
DA:7,65
DA:11,3
LF:3
LH:3
BRF:0
BRH:0
end_of_record
TN:
SF:src\data\usecases\delete-store\db-delete-store.ts
FN:7,(anonymous_0)
FN:12,(anonymous_1)
FNF:2
FNH:2
FNDA:67,(anonymous_0)
FNDA:5,(anonymous_1)
DA:3,42
DA:8,67
DA:9,67
DA:13,5
DA:14,4
DA:15,3
DA:16,2
DA:18,1
LF:8
LH:8
BRDA:15,0,0,2
BRF:1
BRH:1
end_of_record
TN:
SF:src\data\usecases\delete-user\db-delete-user.ts
FN:6,(anonymous_0)
FN:10,(anonymous_1)
FNF:2
FNH:2
FNDA:68,(anonymous_0)
FNDA:6,(anonymous_1)
DA:4,42
DA:7,68
DA:11,6
LF:3
LH:3
BRF:0
BRH:0
end_of_record
TN:
SF:src\data\usecases\download-export\db-download-export.ts
FN:8,(anonymous_0)
FN:11,(anonymous_1)
FNF:2
FNH:1
FNDA:63,(anonymous_0)
FNDA:0,(anonymous_1)
DA:6,41
DA:9,63
DA:12,0
LF:3
LH:2
BRF:0
BRH:0
end_of_record
TN:
SF:src\data\usecases\load-company-by-id\db-load-company-by-id.ts
FN:8,(anonymous_0)
FN:12,(anonymous_1)
FNF:2
FNH:2
FNDA:67,(anonymous_0)
FNDA:4,(anonymous_1)
DA:5,42
DA:9,67
DA:13,4
DA:14,3
DA:15,2
DA:17,1
LF:6
LH:6
BRDA:14,0,0,2
BRF:1
BRH:1
end_of_record
TN:
SF:src\data\usecases\load-company-menu\db-load-company-menu.ts
FN:6,(anonymous_0)
FN:10,(anonymous_1)
FNF:2
FNH:2
FNDA:65,(anonymous_0)
FNDA:4,(anonymous_1)
DA:3,42
DA:7,65
DA:11,4
DA:12,3
DA:13,3
DA:15,0
LF:6
LH:5
BRDA:12,0,0,3
BRF:1
BRH:1
end_of_record
TN:
SF:src\data\usecases\load-configs-by-user-id\db-load-configs-by-user-id.ts
FN:8,(anonymous_0)
FN:12,(anonymous_1)
FNF:2
FNH:2
FNDA:67,(anonymous_0)
FNDA:4,(anonymous_1)
DA:5,42
DA:9,67
DA:13,4
DA:14,3
DA:15,2
DA:17,1
LF:6
LH:6
BRDA:14,0,0,2
BRF:1
BRH:1
end_of_record
TN:
SF:src\data\usecases\load-cookbook\db-load-cookbook.ts
FN:6,(anonymous_0)
FN:10,(anonymous_1)
FNF:2
FNH:2
FNDA:65,(anonymous_0)
FNDA:3,(anonymous_1)
DA:3,42
DA:7,65
DA:11,3
DA:12,2
LF:4
LH:4
BRF:0
BRH:0
end_of_record
TN:
SF:src\data\usecases\load-equip-by-company-id\db-load-equip-by-company-id.ts
FN:8,(anonymous_0)
FN:13,(anonymous_1)
FNF:2
FNH:2
FNDA:67,(anonymous_0)
FNDA:6,(anonymous_1)
DA:5,42
DA:9,67
DA:10,67
DA:14,6
DA:15,6
DA:17,0
LF:6
LH:5
BRDA:14,0,0,6
BRDA:14,0,1,0
BRF:2
BRH:1
end_of_record
TN:
SF:src\data\usecases\load-equip-by-id\db-load-equip-by-id.ts
FN:6,(anonymous_0)
FN:10,(anonymous_1)
FNF:2
FNH:2
FNDA:131,(anonymous_0)
FNDA:9,(anonymous_1)
DA:4,42
DA:7,131
DA:11,9
LF:3
LH:3
BRF:0
BRH:0
end_of_record
TN:
SF:src\data\usecases\load-equip-by-menu\db-load-equip-by-menu.ts
FN:6,(anonymous_0)
FN:10,(anonymous_1)
FNF:2
FNH:2
FNDA:66,(anonymous_0)
FNDA:4,(anonymous_1)
DA:3,42
DA:7,66
DA:11,4
DA:12,4
DA:13,2
DA:15,2
LF:6
LH:6
BRDA:12,0,0,2
BRF:1
BRH:1
end_of_record
TN:
SF:src\data\usecases\load-equip-by-pin\db-load-equip-by-pin.ts
FN:8,(anonymous_0)
FN:12,(anonymous_1)
FNF:2
FNH:2
FNDA:129,(anonymous_0)
FNDA:6,(anonymous_1)
DA:5,42
DA:9,129
DA:13,6
DA:14,6
DA:15,5
DA:17,1
LF:6
LH:6
BRDA:14,0,0,5
BRF:1
BRH:1
end_of_record
TN:
SF:src\data\usecases\load-equip-by-serialNumber\db-load-equip-by-serialNumber.ts
FN:7,(anonymous_0)
FN:11,(anonymous_1)
FNF:2
FNH:2
FNDA:5,(anonymous_0)
FNDA:5,(anonymous_1)
DA:5,1
DA:8,5
DA:12,5
LF:3
LH:3
BRF:0
BRH:0
end_of_record
TN:
SF:src\data\usecases\load-menu-all-by-id\db-load-menu.ts
FN:30,(anonymous_0)
FN:50,(anonymous_1)
FNF:2
FNH:1
FNDA:63,(anonymous_0)
FNDA:0,(anonymous_1)
DA:20,41
DA:40,63
DA:41,63
DA:42,63
DA:43,63
DA:44,63
DA:45,63
DA:46,63
DA:47,63
DA:51,0
DA:52,0
DA:53,0
DA:54,0
DA:55,0
DA:56,0
DA:57,0
DA:59,0
DA:61,0
DA:62,0
DA:63,0
DA:64,0
DA:65,0
DA:66,0
DA:67,0
DA:68,0
DA:70,0
DA:71,0
DA:74,0
DA:76,0
DA:78,0
LF:30
LH:9
BRDA:52,0,0,0
BRDA:53,1,0,0
BRDA:53,1,1,0
BRDA:66,2,0,0
BRDA:66,2,1,0
BRF:5
BRH:0
end_of_record
TN:
SF:src\data\usecases\load-menu-by-id\db-load-menu.ts
FN:6,(anonymous_0)
FN:10,(anonymous_1)
FNF:2
FNH:2
FNDA:65,(anonymous_0)
FNDA:6,(anonymous_1)
DA:3,42
DA:7,65
DA:11,6
DA:13,5
DA:14,4
DA:16,1
LF:6
LH:6
BRDA:13,0,0,4
BRF:1
BRH:1
end_of_record
TN:
SF:src\data\usecases\load-menu-configs\db-load-menu-configs.ts
FN:6,(anonymous_0)
FN:10,(anonymous_1)
FNF:2
FNH:2
FNDA:129,(anonymous_0)
FNDA:8,(anonymous_1)
DA:3,42
DA:7,129
DA:11,8
DA:12,7
DA:13,3
DA:15,4
LF:6
LH:6
BRDA:12,0,0,3
BRF:1
BRH:1
end_of_record
TN:
SF:src\data\usecases\load-menu-group\db-load-menu-group.ts
FN:6,(anonymous_0)
FN:10,(anonymous_1)
FNF:2
FNH:2
FNDA:128,(anonymous_0)
FNDA:6,(anonymous_1)
DA:3,42
DA:7,128
DA:11,6
DA:12,5
LF:4
LH:4
BRF:0
BRH:0
end_of_record
TN:
SF:src\data\usecases\load-recipe\db-load-recipe.ts
FN:6,(anonymous_0)
FN:10,(anonymous_1)
FNF:2
FNH:2
FNDA:128,(anonymous_0)
FNDA:5,(anonymous_1)
DA:3,42
DA:7,128
DA:11,5
DA:12,4
LF:4
LH:4
BRF:0
BRH:0
end_of_record
TN:
SF:src\data\usecases\load-recipeCMAX\db-load-recipe-cmax.ts
FN:6,(anonymous_0)
FN:10,(anonymous_1)
FNF:2
FNH:2
FNDA:128,(anonymous_0)
FNDA:3,(anonymous_1)
DA:3,42
DA:7,128
DA:11,3
DA:12,2
LF:4
LH:4
BRF:0
BRH:0
end_of_record
TN:
SF:src\data\usecases\load-step-CombiOvenCMAX\db-load-step-CombiOvenCMAX.ts
FN:6,(anonymous_0)
FN:10,(anonymous_1)
FNF:2
FNH:2
FNDA:128,(anonymous_0)
FNDA:3,(anonymous_1)
DA:3,42
DA:7,128
DA:11,3
DA:12,2
LF:4
LH:4
BRF:0
BRH:0
end_of_record
TN:
SF:src\data\usecases\load-step-CombiOvenTSI\db-load-step-CombiOvenTSI.ts
FN:6,(anonymous_0)
FN:10,(anonymous_1)
FNF:2
FNH:2
FNDA:128,(anonymous_0)
FNDA:3,(anonymous_1)
DA:3,42
DA:7,128
DA:11,3
DA:12,2
LF:4
LH:4
BRF:0
BRH:0
end_of_record
TN:
SF:src\data\usecases\load-step-SpeedOven-by-id\db-load-step-SpeedOven-by-id.ts
FN:8,(anonymous_0)
FN:12,(anonymous_1)
FNF:2
FNH:2
FNDA:128,(anonymous_0)
FNDA:5,(anonymous_1)
DA:5,42
DA:9,128
DA:13,5
DA:14,4
DA:15,4
DA:17,0
LF:6
LH:5
BRDA:14,0,0,4
BRF:1
BRH:1
end_of_record
TN:
SF:src\data\usecases\load-step-SpeedOven-by-recipe-id\db-load-step-SpeedOven-by-recipe-id.ts
FN:8,(anonymous_0)
FN:12,(anonymous_1)
FNF:2
FNH:2
FNDA:65,(anonymous_0)
FNDA:3,(anonymous_1)
DA:5,42
DA:9,65
DA:13,3
DA:14,2
LF:4
LH:4
BRF:0
BRH:0
end_of_record
TN:
SF:src\data\usecases\load-step-speedOven\db-load-stepSpeedOven.ts
FN:6,(anonymous_0)
FN:10,(anonymous_1)
FNF:2
FNH:2
FNDA:2,(anonymous_0)
FNDA:2,(anonymous_1)
DA:3,1
DA:7,2
DA:11,2
DA:12,1
LF:4
LH:4
BRF:0
BRH:0
end_of_record
TN:
SF:src\data\usecases\load-store-by-company-id\db-load-store-by-company-id.ts
FN:10,(anonymous_0)
FN:15,(anonymous_1)
FNF:2
FNH:2
FNDA:67,(anonymous_0)
FNDA:6,(anonymous_1)
DA:6,42
DA:11,67
DA:12,67
DA:16,6
DA:17,6
DA:18,6
DA:20,0
DA:22,5
LF:8
LH:7
BRDA:17,0,0,6
BRDA:17,0,1,0
BRF:2
BRH:1
end_of_record
TN:
SF:src\data\usecases\load-store-by-id\db-load-store-by-id.ts
FN:8,(anonymous_0)
FN:12,(anonymous_1)
FNF:2
FNH:2
FNDA:67,(anonymous_0)
FNDA:6,(anonymous_1)
DA:5,42
DA:9,67
DA:13,6
DA:14,5
DA:15,3
DA:17,2
LF:6
LH:6
BRDA:14,0,0,3
BRF:1
BRH:1
end_of_record
TN:
SF:src\data\usecases\load-user-by-company\db-load-user-by-company.ts
FN:11,(anonymous_0)
FN:16,(anonymous_1)
FN:21,(anonymous_2)
FNF:3
FNH:3
FNDA:67,(anonymous_0)
FNDA:5,(anonymous_1)
FNDA:2,(anonymous_2)
DA:7,42
DA:12,67
DA:13,67
DA:17,5
DA:18,4
DA:19,3
DA:20,2
DA:21,2
DA:22,2
DA:24,3
DA:26,1
LF:11
LH:11
BRDA:18,0,0,3
BRF:1
BRH:1
end_of_record
TN:
SF:src\data\usecases\load-user-by-email\db-load-user-by-email.ts
FN:7,(anonymous_0)
FN:11,(anonymous_1)
FNF:2
FNH:2
FNDA:68,(anonymous_0)
FNDA:5,(anonymous_1)
DA:5,42
DA:8,68
DA:12,5
LF:3
LH:3
BRF:0
BRH:0
end_of_record
TN:
SF:src\data\usecases\load-user-by-id\db-load-user-by-id.ts
FN:8,(anonymous_0)
FN:12,(anonymous_1)
FNF:2
FNH:2
FNDA:67,(anonymous_0)
FNDA:4,(anonymous_1)
DA:5,42
DA:9,67
DA:13,4
DA:14,3
DA:15,2
DA:17,1
LF:6
LH:6
BRDA:14,0,0,2
BRF:1
BRH:1
end_of_record
TN:
SF:src\data\usecases\load-user-by-token\db-load-user-by-token.ts
FN:10,(anonymous_0)
FN:15,(anonymous_1)
FNF:2
FNH:2
FNDA:700,(anonymous_0)
FNDA:77,(anonymous_1)
DA:6,42
DA:11,700
DA:12,700
DA:16,77
DA:17,76
DA:18,75
DA:19,74
DA:21,1
LF:8
LH:8
BRDA:17,0,0,75
BRF:1
BRH:1
end_of_record
TN:
SF:src\data\usecases\update-configs\db-update-configs.ts
FN:10,(anonymous_0)
FN:15,(anonymous_1)
FNF:2
FNH:2
FNDA:65,(anonymous_0)
FNDA:2,(anonymous_1)
DA:6,42
DA:11,65
DA:12,65
DA:16,2
DA:17,1
DA:18,1
DA:19,1
DA:21,0
LF:8
LH:7
BRDA:18,0,0,1
BRF:1
BRH:1
end_of_record
TN:
SF:src\data\usecases\update-cookbook\db-update-cookbook.ts
FN:7,(anonymous_0)
FN:11,(anonymous_1)
FNF:2
FNH:2
FNDA:65,(anonymous_0)
FNDA:3,(anonymous_1)
DA:4,42
DA:8,65
DA:12,3
LF:3
LH:3
BRF:0
BRH:0
end_of_record
TN:
SF:src\data\usecases\update-equip-by-company\db-update-equip-by-company.ts
FN:7,(anonymous_0)
FN:11,(anonymous_1)
FNF:2
FNH:2
FNDA:64,(anonymous_0)
FNDA:3,(anonymous_1)
DA:4,42
DA:8,64
DA:12,3
LF:3
LH:3
BRF:0
BRH:0
end_of_record
TN:
SF:src\data\usecases\update-user\db-update-user.ts
FN:7,(anonymous_0)
FN:11,(anonymous_1)
FNF:2
FNH:2
FNDA:68,(anonymous_0)
FNDA:6,(anonymous_1)
DA:5,42
DA:8,68
DA:12,6
LF:3
LH:3
BRF:0
BRH:0
end_of_record
TN:
SF:src\data\usecases\update-group\db-update-group.ts
FN:6,(anonymous_0)
FN:10,(anonymous_1)
FNF:2
FNH:2
FNDA:65,(anonymous_0)
FNDA:3,(anonymous_1)
DA:3,42
DA:7,65
DA:11,3
DA:12,2
DA:13,2
DA:15,0
LF:6
LH:5
BRDA:12,0,0,2
BRF:1
BRH:1
end_of_record
TN:
SF:src\data\usecases\update-menu\db-update-menu.ts
FN:6,(anonymous_0)
FN:10,(anonymous_1)
FNF:2
FNH:2
FNDA:65,(anonymous_0)
FNDA:4,(anonymous_1)
DA:3,42
DA:7,65
DA:11,4
LF:3
LH:3
BRF:0
BRH:0
end_of_record
TN:
SF:src\data\usecases\update-menu-configs\db-update-menu-cofigs.ts
FN:6,(anonymous_0)
FN:10,(anonymous_1)
FNF:2
FNH:2
FNDA:65,(anonymous_0)
FNDA:4,(anonymous_1)
DA:3,42
DA:7,65
DA:11,4
LF:3
LH:3
BRF:0
BRH:0
end_of_record
TN:
SF:src\data\usecases\update-recipe\db-update-recipe.ts
FN:6,(anonymous_0)
FN:10,(anonymous_1)
FNF:2
FNH:2
FNDA:128,(anonymous_0)
FNDA:3,(anonymous_1)
DA:3,42
DA:7,128
DA:11,3
DA:12,2
LF:4
LH:4
BRF:0
BRH:0
end_of_record
TN:
SF:src\data\usecases\update-recipe-cmax\db-update-recipe-cmax.ts
FN:6,(anonymous_0)
FN:10,(anonymous_1)
FNF:2
FNH:2
FNDA:128,(anonymous_0)
FNDA:3,(anonymous_1)
DA:3,42
DA:7,128
DA:11,3
DA:12,2
LF:4
LH:4
BRF:0
BRH:0
end_of_record
TN:
SF:src\data\usecases\update-step-CombiOvenCMAX\db-update-step-CombiOvenCMAX.ts
FN:6,(anonymous_0)
FN:10,(anonymous_1)
FNF:2
FNH:2
FNDA:65,(anonymous_0)
FNDA:3,(anonymous_1)
DA:3,42
DA:7,65
DA:11,3
LF:3
LH:3
BRF:0
BRH:0
end_of_record
TN:
SF:src\data\usecases\update-step-CombiOvenTSI\db-update-step-CombiOvenTSI.ts
FN:6,(anonymous_0)
FN:10,(anonymous_1)
FNF:2
FNH:2
FNDA:65,(anonymous_0)
FNDA:3,(anonymous_1)
DA:3,42
DA:7,65
DA:11,3
LF:3
LH:3
BRF:0
BRH:0
end_of_record
TN:
SF:src\data\usecases\update-step-SpeedOven\db-update-step-SpeedOven.ts
FN:6,(anonymous_0)
FN:10,(anonymous_1)
FNF:2
FNH:2
FNDA:65,(anonymous_0)
FNDA:3,(anonymous_1)
DA:3,42
DA:7,65
DA:11,3
LF:3
LH:3
BRF:0
BRH:0
end_of_record
TN:
SF:src\data\usecases\update-store\db-update-store.ts
FN:7,(anonymous_0)
FN:12,(anonymous_1)
FNF:2
FNH:2
FNDA:67,(anonymous_0)
FNDA:5,(anonymous_1)
DA:3,42
DA:8,67
DA:9,67
DA:13,5
DA:14,4
DA:15,3
LF:6
LH:6
BRF:0
BRH:0
end_of_record
TN:
SF:src\data\usecases\update-user\db-update-user-by-activation.ts
FN:7,(anonymous_0)
FN:12,(anonymous_1)
FNF:2
FNH:2
FNDA:65,(anonymous_0)
FNDA:3,(anonymous_1)
DA:3,41
DA:8,65
DA:9,65
DA:13,3
DA:14,3
DA:15,3
LF:6
LH:6
BRDA:14,0,0,3
BRF:1
BRH:1
end_of_record
TN:
SF:src\data\usecases\update-user-belong-store\db-update-user-belong-store.ts
FN:11,(anonymous_0)
FN:17,(anonymous_1)
FN:20,(anonymous_2)
FN:25,(anonymous_3)
FNF:4
FNH:4
FNDA:66,(anonymous_0)
FNDA:3,(anonymous_1)
FNDA:3,(anonymous_2)
FNDA:3,(anonymous_3)
DA:6,42
DA:12,66
DA:13,66
DA:14,66
DA:18,3
DA:19,3
DA:20,3
DA:21,2
DA:24,3
DA:25,3
DA:26,2
LF:11
LH:11
BRDA:20,0,0,2
BRDA:25,1,0,2
BRF:2
BRH:2
end_of_record
TN:
SF:src\data\usecases\update-user-data\db-update-user-data.ts
FN:8,(anonymous_0)
FN:14,(anonymous_1)
FNF:2
FNH:2
FNDA:191,(anonymous_0)
FNDA:3,(anonymous_1)
DA:3,42
DA:9,191
DA:10,191
DA:11,191
DA:16,3
DA:17,3
DA:18,2
DA:19,2
DA:21,1
DA:23,2
DA:24,2
DA:25,2
DA:27,0
LF:13
LH:12
BRDA:17,0,0,2
BRDA:17,0,1,1
BRDA:24,1,0,2
BRF:3
BRH:3
end_of_record
TN:
SF:src\domain\mocks\cookbook\index.ts
FN:11,(anonymous_1)
FN:19,(anonymous_2)
FN:42,(anonymous_3)
FN:49,(anonymous_4)
FN:55,(anonymous_5)
FN:61,(anonymous_6)
FN:63,(anonymous_7)
FN:73,(anonymous_8)
FN:86,(anonymous_9)
FN:96,(anonymous_10)
FNF:10
FNH:10
FNDA:10,(anonymous_1)
FNDA:90,(anonymous_2)
FNDA:42,(anonymous_3)
FNDA:13,(anonymous_4)
FNDA:21,(anonymous_5)
FNDA:14,(anonymous_6)
FNDA:10,(anonymous_7)
FNDA:17,(anonymous_8)
FNDA:5,(anonymous_9)
FNDA:11,(anonymous_10)
DA:2,10
DA:3,10
DA:4,10
DA:6,10
DA:11,10
DA:12,10
DA:15,10
DA:19,10
DA:20,90
DA:42,10
DA:43,42
DA:44,42
DA:45,42
DA:46,42
DA:49,10
DA:50,13
DA:51,13
DA:52,13
DA:55,10
DA:56,21
DA:57,21
DA:58,21
DA:61,14
DA:63,10
DA:64,10
DA:65,10
DA:70,10
DA:73,10
DA:74,17
DA:75,17
DA:83,17
DA:86,10
DA:87,5
DA:88,5
DA:93,5
DA:96,10
DA:97,11
DA:98,11
DA:106,11
LF:39
LH:39
BRF:0
BRH:0
end_of_record
TN:
SF:src\domain\mocks\user\index.ts
FN:13,(anonymous_1)
FN:19,(anonymous_2)
FN:21,(anonymous_3)
FN:48,(anonymous_4)
FN:50,(anonymous_5)
FN:52,(anonymous_6)
FN:81,(anonymous_7)
FN:105,(anonymous_8)
FN:122,(anonymous_9)
FN:145,(anonymous_10)
FN:168,(anonymous_11)
FN:179,(anonymous_12)
FN:181,(anonymous_13)
FN:183,(anonymous_14)
FN:185,(anonymous_15)
FN:187,(anonymous_16)
FNF:16
FNH:16
FNDA:20,(anonymous_1)
FNDA:9,(anonymous_2)
FNDA:12,(anonymous_3)
FNDA:9,(anonymous_4)
FNDA:9,(anonymous_5)
FNDA:20,(anonymous_6)
FNDA:4,(anonymous_7)
FNDA:14,(anonymous_8)
FNDA:20,(anonymous_9)
FNDA:48,(anonymous_10)
FNDA:20,(anonymous_11)
FNDA:10,(anonymous_12)
FNDA:9,(anonymous_13)
FNDA:14,(anonymous_14)
FNDA:16,(anonymous_15)
FNDA:20,(anonymous_16)
DA:9,20
DA:10,20
DA:11,20
DA:13,20
DA:14,20
DA:17,20
DA:19,20
DA:21,20
DA:48,20
DA:50,20
DA:52,20
DA:81,20
DA:82,4
DA:105,20
DA:106,14
DA:122,20
DA:123,20
DA:145,20
DA:146,48
DA:168,20
DA:169,20
DA:179,20
DA:181,20
DA:183,20
DA:185,20
DA:187,20
DA:188,20
DA:189,20
DA:209,20
LF:29
LH:29
BRDA:183,0,0,14
BRDA:185,1,0,16
BRF:2
BRH:2
end_of_record
TN:
SF:src\domain\mocks\menus\index.ts
FN:32,(anonymous_1)
FN:40,(anonymous_2)
FN:55,(anonymous_3)
FN:62,(anonymous_4)
FN:68,(anonymous_5)
FN:74,(anonymous_6)
FN:76,(anonymous_7)
FN:78,(anonymous_8)
FN:93,(anonymous_9)
FN:108,(anonymous_10)
FN:118,(anonymous_11)
FN:131,(anonymous_12)
FN:141,(anonymous_13)
FN:153,(anonymous_14)
FN:178,(anonymous_15)
FN:184,(anonymous_16)
FN:190,(anonymous_17)
FN:192,(anonymous_18)
FN:201,(anonymous_19)
FN:213,(anonymous_20)
FN:220,(anonymous_21)
FN:226,(anonymous_22)
FN:232,(anonymous_23)
FN:234,(anonymous_24)
FN:244,(anonymous_25)
FN:257,(anonymous_26)
FN:267,(anonymous_27)
FN:279,(anonymous_28)
FN:306,(anonymous_29)
FN:313,(anonymous_30)
FN:319,(anonymous_31)
FN:325,(anonymous_32)
FN:327,(anonymous_33)
FN:337,(anonymous_34)
FN:350,(anonymous_35)
FN:360,(anonymous_36)
FN:373,(anonymous_37)
FN:397,(anonymous_38)
FN:404,(anonymous_39)
FN:410,(anonymous_40)
FN:416,(anonymous_41)
FN:418,(anonymous_42)
FN:428,(anonymous_43)
FN:438,(anonymous_44)
FN:448,(anonymous_45)
FN:463,(anonymous_46)
FN:481,(anonymous_47)
FN:488,(anonymous_48)
FN:494,(anonymous_49)
FN:500,(anonymous_50)
FN:502,(anonymous_51)
FN:512,(anonymous_52)
FN:525,(anonymous_53)
FN:535,(anonymous_54)
FN:545,(anonymous_55)
FN:556,(anonymous_56)
FN:590,(anonymous_57)
FN:609,(anonymous_58)
FN:616,(anonymous_59)
FN:622,(anonymous_60)
FN:628,(anonymous_61)
FN:630,(anonymous_62)
FN:640,(anonymous_63)
FN:653,(anonymous_64)
FN:664,(anonymous_65)
FN:676,(anonymous_66)
FN:694,(anonymous_67)
FN:701,(anonymous_68)
FN:707,(anonymous_69)
FN:713,(anonymous_70)
FN:715,(anonymous_71)
FN:725,(anonymous_72)
FN:738,(anonymous_73)
FN:749,(anonymous_74)
FNF:74
FNH:72
FNDA:71,(anonymous_1)
FNDA:334,(anonymous_2)
FNDA:297,(anonymous_3)
FNDA:12,(anonymous_4)
FNDA:12,(anonymous_5)
FNDA:12,(anonymous_6)
FNDA:1,(anonymous_7)
FNDA:1,(anonymous_8)
FNDA:9,(anonymous_9)
FNDA:4,(anonymous_10)
FNDA:9,(anonymous_11)
FNDA:3,(anonymous_12)
FNDA:5,(anonymous_13)
FNDA:51,(anonymous_14)
FNDA:3,(anonymous_15)
FNDA:12,(anonymous_16)
FNDA:10,(anonymous_17)
FNDA:16,(anonymous_18)
FNDA:203,(anonymous_19)
FNDA:165,(anonymous_20)
FNDA:10,(anonymous_21)
FNDA:10,(anonymous_22)
FNDA:18,(anonymous_23)
FNDA:7,(anonymous_24)
FNDA:7,(anonymous_25)
FNDA:6,(anonymous_26)
FNDA:8,(anonymous_27)
FNDA:162,(anonymous_28)
FNDA:125,(anonymous_29)
FNDA:10,(anonymous_30)
FNDA:9,(anonymous_31)
FNDA:18,(anonymous_32)
FNDA:7,(anonymous_33)
FNDA:7,(anonymous_34)
FNDA:5,(anonymous_35)
FNDA:7,(anonymous_36)
FNDA:94,(anonymous_37)
FNDA:61,(anonymous_38)
FNDA:10,(anonymous_39)
FNDA:9,(anonymous_40)
FNDA:14,(anonymous_41)
FNDA:7,(anonymous_42)
FNDA:7,(anonymous_43)
FNDA:5,(anonymous_44)
FNDA:0,(anonymous_45)
FNDA:88,(anonymous_46)
FNDA:47,(anonymous_47)
FNDA:10,(anonymous_48)
FNDA:12,(anonymous_49)
FNDA:19,(anonymous_50)
FNDA:7,(anonymous_51)
FNDA:9,(anonymous_52)
FNDA:4,(anonymous_53)
FNDA:5,(anonymous_54)
FNDA:5,(anonymous_55)
FNDA:0,(anonymous_56)
FNDA:63,(anonymous_57)
FNDA:31,(anonymous_58)
FNDA:10,(anonymous_59)
FNDA:12,(anonymous_60)
FNDA:10,(anonymous_61)
FNDA:7,(anonymous_62)
FNDA:9,(anonymous_63)
FNDA:4,(anonymous_64)
FNDA:5,(anonymous_65)
FNDA:63,(anonymous_66)
FNDA:31,(anonymous_67)
FNDA:10,(anonymous_68)
FNDA:12,(anonymous_69)
FNDA:10,(anonymous_70)
FNDA:7,(anonymous_71)
FNDA:9,(anonymous_72)
FNDA:4,(anonymous_73)
FNDA:5,(anonymous_74)
DA:2,71
DA:3,71
DA:4,71
DA:24,71
DA:32,71
DA:33,71
DA:36,71
DA:40,71
DA:41,334
DA:55,71
DA:56,297
DA:57,297
DA:58,297
DA:59,297
DA:62,71
DA:63,12
DA:64,12
DA:65,12
DA:68,71
DA:69,12
DA:70,12
DA:71,12
DA:74,71
DA:76,71
DA:78,71
DA:79,1
DA:93,71
DA:94,9
DA:95,9
DA:96,9
DA:105,9
DA:108,71
DA:109,4
DA:110,4
DA:115,4
DA:118,71
DA:119,9
DA:120,9
DA:121,9
DA:122,9
DA:128,9
DA:131,71
DA:132,3
DA:133,3
DA:138,3
DA:141,71
DA:142,5
DA:143,5
DA:148,5
DA:153,71
DA:154,51
DA:178,71
DA:179,3
DA:180,3
DA:181,3
DA:184,71
DA:185,12
DA:186,12
DA:187,12
DA:190,71
DA:192,71
DA:193,16
DA:194,16
DA:195,16
DA:196,16
DA:201,71
DA:202,203
DA:213,71
DA:214,165
DA:215,165
DA:216,165
DA:217,165
DA:220,71
DA:221,10
DA:222,10
DA:223,10
DA:226,71
DA:227,10
DA:228,10
DA:229,10
DA:232,71
DA:234,71
DA:235,7
DA:236,7
DA:241,7
DA:244,71
DA:245,7
DA:246,7
DA:254,7
DA:257,71
DA:258,6
DA:259,6
DA:264,6
DA:267,71
DA:268,8
DA:269,8
DA:274,8
DA:279,71
DA:280,162
DA:306,71
DA:307,125
DA:308,125
DA:309,125
DA:310,125
DA:313,71
DA:314,10
DA:315,10
DA:316,10
DA:319,71
DA:320,9
DA:321,9
DA:322,9
DA:325,71
DA:327,71
DA:328,7
DA:329,7
DA:334,7
DA:337,71
DA:338,7
DA:339,7
DA:347,7
DA:350,71
DA:351,5
DA:352,5
DA:357,5
DA:360,71
DA:361,7
DA:362,7
DA:370,7
DA:373,71
DA:374,94
DA:397,71
DA:398,61
DA:399,61
DA:400,61
DA:401,61
DA:404,71
DA:405,10
DA:406,10
DA:407,10
DA:410,71
DA:411,9
DA:412,9
DA:413,9
DA:416,71
DA:418,71
DA:419,7
DA:420,7
DA:425,7
DA:428,71
DA:429,7
DA:430,7
DA:435,7
DA:438,71
DA:439,5
DA:440,5
DA:445,5
DA:448,71
DA:449,0
DA:450,0
DA:458,0
DA:463,71
DA:464,88
DA:481,71
DA:482,47
DA:483,47
DA:484,47
DA:485,47
DA:488,71
DA:489,10
DA:490,10
DA:491,10
DA:494,71
DA:495,12
DA:496,12
DA:497,12
DA:500,71
DA:502,71
DA:503,7
DA:504,7
DA:509,7
DA:512,71
DA:513,9
DA:514,9
DA:522,9
DA:525,71
DA:526,4
DA:527,4
DA:532,4
DA:535,71
DA:536,5
DA:537,5
DA:542,5
DA:545,71
DA:546,5
DA:547,5
DA:553,5
DA:556,71
DA:590,71
DA:591,63
DA:609,71
DA:610,31
DA:611,31
DA:612,31
DA:613,31
DA:616,71
DA:617,10
DA:618,10
DA:619,10
DA:622,71
DA:623,12
DA:624,12
DA:625,12
DA:628,71
DA:630,71
DA:631,7
DA:632,7
DA:637,7
DA:640,71
DA:641,9
DA:642,9
DA:650,9
DA:653,71
DA:654,4
DA:655,4
DA:661,4
DA:664,71
DA:665,5
DA:666,5
DA:671,5
DA:676,71
DA:677,63
DA:694,71
DA:695,31
DA:696,31
DA:697,31
DA:698,31
DA:701,71
DA:702,10
DA:703,10
DA:704,10
DA:707,71
DA:708,12
DA:709,12
DA:710,12
DA:713,71
DA:715,71
DA:716,7
DA:717,7
DA:722,7
DA:725,71
DA:726,9
DA:727,9
DA:735,9
DA:738,71
DA:739,4
DA:740,4
DA:746,4
DA:749,71
DA:750,5
DA:751,5
DA:756,5
LF:262
LH:259
BRF:0
BRH:0
end_of_record
TN:
SF:src\domain\mocks\store\index.ts
FN:5,(anonymous_0)
FN:19,(anonymous_1)
FN:23,(anonymous_2)
FN:30,(anonymous_3)
FN:33,(anonymous_4)
FN:35,(anonymous_5)
FN:41,(anonymous_6)
FN:43,(anonymous_7)
FN:46,(anonymous_8)
FN:58,(anonymous_9)
FNF:10
FNH:10
FNDA:79,(anonymous_0)
FNDA:54,(anonymous_1)
FNDA:8,(anonymous_2)
FNDA:4,(anonymous_3)
FNDA:5,(anonymous_4)
FNDA:7,(anonymous_5)
FNDA:4,(anonymous_6)
FNDA:11,(anonymous_7)
FNDA:9,(anonymous_8)
FNDA:4,(anonymous_9)
DA:5,79
DA:19,54
DA:23,14
DA:24,8
DA:30,14
DA:33,14
DA:35,14
DA:41,14
DA:43,14
DA:46,14
DA:47,9
DA:58,14
LF:12
LH:12
BRDA:19,0,0,16
BRF:1
BRH:1
end_of_record
TN:
SF:src\domain\mocks\user\index.ts
FN:9,(anonymous_1)
FN:17,(anonymous_2)
FN:31,(anonymous_3)
FN:38,(anonymous_4)
FN:44,(anonymous_5)
FN:50,(anonymous_6)
FN:52,(anonymous_7)
FN:62,(anonymous_8)
FN:75,(anonymous_9)
FN:85,(anonymous_10)
FN:95,(anonymous_11)
FN:114,(anonymous_12)
FN:134,(anonymous_13)
FNF:13
FNH:9
FNDA:85,(anonymous_1)
FNDA:24,(anonymous_2)
FNDA:20,(anonymous_3)
FNDA:0,(anonymous_4)
FNDA:0,(anonymous_5)
FNDA:4,(anonymous_6)
FNDA:0,(anonymous_7)
FNDA:0,(anonymous_8)
FNDA:5,(anonymous_9)
FNDA:9,(anonymous_10)
FNDA:43,(anonymous_11)
FNDA:1,(anonymous_12)
FNDA:384,(anonymous_13)
DA:2,85
DA:4,85
DA:5,85
DA:6,85
DA:9,85
DA:10,85
DA:13,85
DA:17,85
DA:18,24
DA:31,85
DA:32,20
DA:33,20
DA:34,20
DA:35,20
DA:38,85
DA:39,0
DA:40,0
DA:41,0
DA:44,85
DA:45,0
DA:46,0
DA:47,0
DA:50,85
DA:52,85
DA:53,0
DA:54,0
DA:59,0
DA:62,85
DA:63,0
DA:64,0
DA:72,0
DA:75,85
DA:76,5
DA:77,5
DA:82,5
DA:85,85
DA:86,9
DA:87,9
DA:92,9
DA:95,85
DA:96,43
DA:97,43
DA:108,43
DA:109,43
DA:110,43
DA:111,43
DA:114,85
DA:134,85
DA:135,384
DA:136,384
DA:144,384
LF:51
LH:39
BRF:0
BRH:0
end_of_record
TN:
SF:src\infra\cryptography\bcrypt-adapter\bcrypt-adapter.ts
FN:8,(anonymous_1)
FN:12,(anonymous_2)
FN:17,(anonymous_3)
FNF:3
FNH:3
FNDA:448,(anonymous_1)
FNDA:6,(anonymous_2)
FNDA:5,(anonymous_3)
DA:1,42
DA:5,42
DA:9,448
DA:13,6
DA:14,5
DA:18,5
DA:19,4
LF:7
LH:7
BRF:0
BRH:0
end_of_record
TN:
SF:src\infra\cryptography\jwt-adapter\jwt-adapter.ts
FN:8,(anonymous_1)
FN:12,(anonymous_2)
FN:17,(anonymous_3)
FNF:3
FNH:3
FNDA:762,(anonymous_1)
FNDA:4,(anonymous_2)
FNDA:73,(anonymous_3)
DA:2,42
DA:5,42
DA:9,762
DA:13,4
DA:14,3
DA:18,73
DA:19,72
LF:7
LH:7
BRF:0
BRH:0
end_of_record
TN:
SF:src\infra\db\export-menu\export-repository.ts
FN:10,(anonymous_7)
FN:22,(anonymous_8)
FN:39,(anonymous_9)
FN:56,(anonymous_10)
FN:73,(anonymous_11)
FNF:5
FNH:0
FNDA:0,(anonymous_7)
FNDA:0,(anonymous_8)
FNDA:0,(anonymous_9)
FNDA:0,(anonymous_10)
FNDA:0,(anonymous_11)
DA:4,41
DA:5,41
DA:6,41
DA:7,41
DA:9,41
DA:11,0
DA:12,0
DA:14,0
DA:15,0
DA:16,0
DA:17,0
DA:18,0
DA:20,0
DA:22,0
DA:23,0
DA:26,0
DA:28,0
DA:29,0
DA:30,0
DA:31,0
DA:32,0
DA:33,0
DA:34,0
DA:35,0
DA:37,0
DA:39,0
DA:40,0
DA:43,0
DA:45,0
DA:46,0
DA:47,0
DA:48,0
DA:49,0
DA:50,0
DA:51,0
DA:52,0
DA:54,0
DA:56,0
DA:57,0
DA:60,0
DA:62,0
DA:63,0
DA:64,0
DA:65,0
DA:66,0
DA:67,0
DA:68,0
DA:69,0
DA:71,0
DA:73,0
DA:74,0
DA:77,0
DA:79,0
LF:53
LH:5
BRDA:12,0,0,0
BRDA:12,0,1,0
BRDA:12,0,2,0
BRDA:12,0,3,0
BRDA:12,0,4,0
BRF:5
BRH:0
end_of_record
TN:
SF:src\infra\db\mysql\mysql-helper.ts
FN:3,(anonymous_0)
FN:4,(anonymous_1)
FN:5,(anonymous_2)
FN:7,(anonymous_3)
FN:19,(anonymous_4)
FN:20,(anonymous_5)
FN:21,(anonymous_6)
FN:23,(anonymous_7)
FN:35,(anonymous_8)
FN:36,(anonymous_9)
FN:37,(anonymous_10)
FN:39,(anonymous_11)
FN:51,(anonymous_12)
FN:52,(anonymous_13)
FN:53,(anonymous_14)
FN:55,(anonymous_15)
FN:67,(anonymous_16)
FN:68,(anonymous_17)
FN:69,(anonymous_18)
FN:71,(anonymous_19)
FN:83,(anonymous_20)
FN:84,(anonymous_21)
FN:85,(anonymous_22)
FN:93,(anonymous_23)
FN:105,(anonymous_24)
FN:106,(anonymous_25)
FN:107,(anonymous_26)
FN:109,(anonymous_27)
FN:121,(anonymous_28)
FN:122,(anonymous_29)
FN:123,(anonymous_30)
FN:125,(anonymous_31)
FN:137,(anonymous_32)
FN:138,(anonymous_33)
FN:139,(anonymous_34)
FN:141,(anonymous_35)
FNF:36
FNH:32
FNDA:1398,(anonymous_0)
FNDA:1398,(anonymous_1)
FNDA:1398,(anonymous_2)
FNDA:1398,(anonymous_3)
FNDA:32,(anonymous_4)
FNDA:32,(anonymous_5)
FNDA:32,(anonymous_6)
FNDA:32,(anonymous_7)
FNDA:1,(anonymous_8)
FNDA:1,(anonymous_9)
FNDA:1,(anonymous_10)
FNDA:1,(anonymous_11)
FNDA:191,(anonymous_12)
FNDA:191,(anonymous_13)
FNDA:191,(anonymous_14)
FNDA:191,(anonymous_15)
FNDA:80,(anonymous_16)
FNDA:80,(anonymous_17)
FNDA:80,(anonymous_18)
FNDA:80,(anonymous_19)
FNDA:25,(anonymous_20)
FNDA:25,(anonymous_21)
FNDA:25,(anonymous_22)
FNDA:25,(anonymous_23)
FNDA:32,(anonymous_24)
FNDA:32,(anonymous_25)
FNDA:32,(anonymous_26)
FNDA:32,(anonymous_27)
FNDA:0,(anonymous_28)
FNDA:0,(anonymous_29)
FNDA:0,(anonymous_30)
FNDA:0,(anonymous_31)
FNDA:1393,(anonymous_32)
FNDA:1393,(anonymous_33)
FNDA:1393,(anonymous_34)
FNDA:1393,(anonymous_35)
DA:3,118
DA:4,1398
DA:5,1398
DA:6,1398
DA:7,1398
DA:8,1398
DA:9,0
DA:10,0
DA:12,1398
DA:13,1398
DA:19,118
DA:20,32
DA:21,32
DA:22,32
DA:23,32
DA:24,32
DA:25,0
DA:26,0
DA:28,32
DA:29,32
DA:35,118
DA:36,1
DA:37,1
DA:38,1
DA:39,1
DA:40,1
DA:41,0
DA:42,0
DA:44,1
DA:45,1
DA:51,118
DA:52,191
DA:53,191
DA:54,191
DA:55,191
DA:56,191
DA:57,0
DA:58,0
DA:60,191
DA:61,191
DA:67,118
DA:68,80
DA:69,80
DA:70,80
DA:71,80
DA:72,80
DA:73,0
DA:74,0
DA:76,80
DA:77,80
DA:83,118
DA:84,25
DA:85,25
DA:86,25
DA:87,25
DA:94,25
DA:95,0
DA:96,0
DA:98,25
DA:99,25
DA:105,118
DA:106,32
DA:107,32
DA:108,32
DA:109,32
DA:110,32
DA:111,0
DA:112,0
DA:114,32
DA:115,32
DA:121,118
DA:122,0
DA:123,0
DA:124,0
DA:125,0
DA:126,0
DA:127,0
DA:128,0
DA:130,0
DA:131,0
DA:137,118
DA:138,1393
DA:139,1393
DA:140,1393
DA:141,1393
DA:142,1393
DA:143,0
DA:144,0
DA:146,1393
DA:147,1393
LF:90
LH:65
BRDA:6,0,0,0
BRDA:8,1,0,0
BRDA:22,2,0,0
BRDA:24,3,0,0
BRDA:38,4,0,0
BRDA:40,5,0,0
BRDA:54,6,0,0
BRDA:56,7,0,0
BRDA:70,8,0,0
BRDA:72,9,0,0
BRDA:86,10,0,0
BRDA:94,11,0,0
BRDA:108,12,0,0
BRDA:110,13,0,0
BRDA:124,14,0,0
BRDA:126,15,0,0
BRDA:140,16,0,0
BRDA:142,17,0,0
BRF:18
BRH:0
end_of_record
TN:
SF:src\infra\db\mysql\query-helpers.ts
FN:2,(anonymous_0)
FN:31,(anonymous_1)
FN:64,(anonymous_2)
FN:70,(anonymous_3)
FNF:4
FNH:3
FNDA:4,(anonymous_0)
FNDA:7,(anonymous_1)
FNDA:5,(anonymous_2)
FNDA:0,(anonymous_3)
DA:2,41
DA:31,41
DA:64,41
DA:65,5
DA:66,3
DA:67,3
DA:70,41
LF:7
LH:7
BRDA:65,0,0,2
BRDA:67,1,0,1
BRDA:67,1,1,2
BRF:3
BRH:3
end_of_record
TN:
SF:src\infra\db\mysql\company\company-mysql-repository-helper.ts
FN:4,(anonymous_0)
FNF:1
FNH:1
FNDA:3,(anonymous_0)
DA:4,41
DA:5,3
LF:2
LH:2
BRF:0
BRH:0
end_of_record
TN:
SF:src\infra\db\mysql\company\company-mysql-repository.ts
FN:14,(anonymous_0)
FN:18,(anonymous_1)
FN:23,(anonymous_2)
FN:28,(anonymous_3)
FN:33,(anonymous_4)
FNF:5
FNH:5
FNDA:190,(anonymous_0)
FNDA:4,(anonymous_1)
FNDA:3,(anonymous_2)
FNDA:4,(anonymous_3)
FNDA:2,(anonymous_4)
DA:7,41
DA:8,41
DA:11,41
DA:15,190
DA:19,4
DA:20,4
DA:24,3
DA:25,3
DA:29,4
DA:30,4
DA:34,2
DA:35,2
LF:12
LH:12
BRF:0
BRH:0
end_of_record
TN:
SF:src\infra\db\mysql\configs\configs-mysql-repository-helper.ts
FN:4,(anonymous_0)
FNF:1
FNH:1
FNDA:4,(anonymous_0)
DA:4,41
DA:5,4
LF:2
LH:2
BRF:0
BRH:0
end_of_record
TN:
SF:src\infra\db\mysql\configs\configs-mysql-repository.ts
FN:13,(anonymous_0)
FN:17,(anonymous_1)
FN:22,(anonymous_2)
FN:27,(anonymous_3)
FN:29,(anonymous_4)
FNF:5
FNH:3
FNDA:253,(anonymous_0)
FNDA:4,(anonymous_1)
FNDA:2,(anonymous_2)
FNDA:0,(anonymous_3)
FNDA:0,(anonymous_4)
DA:7,41
DA:8,41
DA:10,41
DA:14,253
DA:18,4
DA:19,4
DA:23,2
DA:24,2
DA:28,0
DA:29,0
DA:32,0
DA:33,0
LF:12
LH:8
BRDA:29,0,0,0
BRDA:29,0,1,0
BRF:2
BRH:0
end_of_record
TN:
SF:src\infra\db\mysql\cookbook\cookbook-mysql-repository-helper.ts
FN:4,(anonymous_0)
FNF:1
FNH:0
FNDA:0,(anonymous_0)
DA:4,0
DA:5,0
LF:2
LH:0
BRF:0
BRH:0
end_of_record
TN:
SF:src\infra\db\mysql\cookbook\cookbook-mysql-repository.ts
FN:14,(anonymous_0)
FN:18,(anonymous_1)
FN:23,(anonymous_2)
FN:28,(anonymous_3)
FN:30,(anonymous_4)
FN:37,(anonymous_5)
FNF:6
FNH:6
FNDA:253,(anonymous_0)
FNDA:2,(anonymous_1)
FNDA:2,(anonymous_2)
FNDA:3,(anonymous_3)
FNDA:57,(anonymous_4)
FNDA:3,(anonymous_5)
DA:2,42
DA:11,42
DA:15,253
DA:19,2
DA:20,2
DA:24,2
DA:25,2
DA:29,3
DA:30,57
DA:32,3
DA:33,3
DA:34,2
DA:38,3
DA:39,3
DA:40,2
LF:15
LH:15
BRDA:30,0,0,21
BRDA:30,0,1,36
BRDA:33,1,0,1
BRDA:39,2,0,1
BRF:4
BRH:4
end_of_record
TN:
SF:src\infra\db\mysql\user\equip-mysql-repository.ts
FN:29,(anonymous_0)
FN:33,(anonymous_1)
FN:38,(anonymous_2)
FN:43,(anonymous_3)
FN:49,(anonymous_4)
FN:54,(anonymous_5)
FN:59,(anonymous_6)
FN:63,(anonymous_7)
FN:68,(anonymous_8)
FN:75,(anonymous_9)
FN:77,(anonymous_10)
FN:85,(anonymous_11)
FN:91,(anonymous_12)
FNF:13
FNH:12
FNDA:694,(anonymous_0)
FNDA:0,(anonymous_1)
FNDA:2,(anonymous_2)
FNDA:2,(anonymous_3)
FNDA:3,(anonymous_4)
FNDA:5,(anonymous_5)
FNDA:4,(anonymous_6)
FNDA:4,(anonymous_7)
FNDA:7,(anonymous_8)
FNDA:3,(anonymous_9)
FNDA:55,(anonymous_10)
FNDA:4,(anonymous_11)
FNDA:5,(anonymous_12)
DA:9,41
DA:10,41
DA:16,41
DA:30,694
DA:34,0
DA:35,0
DA:39,2
DA:40,2
DA:44,2
DA:45,2
DA:46,2
DA:50,3
DA:51,3
DA:55,5
DA:56,5
DA:60,4
DA:64,4
DA:65,4
DA:69,7
DA:70,7
DA:71,7
DA:72,4
DA:76,3
DA:77,55
DA:80,3
DA:81,3
DA:82,2
DA:86,4
DA:87,4
DA:88,2
DA:92,5
DA:93,5
DA:94,5
LF:33
LH:31
BRDA:71,0,0,3
BRDA:77,1,0,28
BRDA:77,1,1,27
BRDA:81,2,0,1
BRDA:87,3,0,2
BRF:5
BRH:5
end_of_record
TN:
SF:src\infra\db\mysql\group\group-mysql-repository-helper.ts
FN:4,(anonymous_0)
FNF:1
FNH:1
FNDA:2,(anonymous_0)
DA:4,41
DA:5,2
LF:2
LH:2
BRF:0
BRH:0
end_of_record
TN:
SF:src\infra\db\mysql\group\group-mysql-repository.ts
FN:16,(anonymous_0)
FN:20,(anonymous_1)
FN:26,(anonymous_2)
FN:36,(anonymous_3)
FN:41,(anonymous_4)
FN:55,(anonymous_5)
FNF:6
FNH:6
FNDA:379,(anonymous_0)
FNDA:2,(anonymous_1)
FNDA:5,(anonymous_2)
FNDA:1,(anonymous_3)
FNDA:2,(anonymous_4)
FNDA:2,(anonymous_5)
DA:2,41
DA:3,41
DA:13,41
DA:17,379
DA:21,2
DA:22,2
DA:23,2
DA:27,5
DA:28,5
DA:29,4
DA:30,4
DA:31,4
DA:33,5
DA:37,1
DA:38,1
DA:43,2
DA:51,2
DA:52,2
DA:56,2
DA:57,2
LF:20
LH:20
BRDA:22,0,0,0
BRF:1
BRH:0
end_of_record
TN:
SF:src\infra\db\mysql\log\log-mysql-repository.ts
FN:8,(anonymous_0)
FN:12,(anonymous_1)
FNF:2
FNH:2
FNDA:3907,(anonymous_0)
FNDA:1,(anonymous_1)
DA:3,41
DA:5,41
DA:9,3907
DA:13,1
LF:4
LH:4
BRF:0
BRH:0
end_of_record
TN:
SF:src\infra\db\mysql\menu\menu-mysql-repository-helper.ts
FN:4,(anonymous_0)
FNF:1
FNH:1
FNDA:3,(anonymous_0)
DA:4,41
DA:5,3
LF:2
LH:2
BRF:0
BRH:0
end_of_record
TN:
SF:src\infra\db\mysql\menu\menu-mysql-repository.ts
FN:20,(anonymous_0)
FN:24,(anonymous_1)
FN:29,(anonymous_2)
FN:34,(anonymous_3)
FN:52,(anonymous_4)
FN:54,(anonymous_5)
FN:61,(anonymous_6)
FN:63,(anonymous_7)
FN:70,(anonymous_8)
FN:75,(anonymous_9)
FN:80,(anonymous_10)
FN:86,(anonymous_11)
FNF:12
FNH:12
FNDA:631,(anonymous_0)
FNDA:5,(anonymous_1)
FNDA:6,(anonymous_2)
FNDA:3,(anonymous_3)
FNDA:3,(anonymous_4)
FNDA:33,(anonymous_5)
FNDA:3,(anonymous_6)
FNDA:63,(anonymous_7)
FNDA:3,(anonymous_8)
FNDA:3,(anonymous_9)
FNDA:3,(anonymous_10)
FNDA:1,(anonymous_11)
DA:10,41
DA:11,41
DA:16,41
DA:21,631
DA:25,5
DA:26,5
DA:30,6
DA:31,6
DA:35,3
DA:36,3
DA:38,3
DA:39,0
DA:40,0
DA:42,3
DA:43,3
DA:44,3
DA:45,3
DA:47,3
DA:49,3
DA:53,3
DA:54,33
DA:56,3
DA:57,3
DA:58,3
DA:62,3
DA:63,63
DA:65,3
DA:66,3
DA:67,3
DA:71,3
DA:72,3
DA:76,3
DA:77,3
DA:81,3
DA:82,3
DA:83,3
DA:87,1
LF:37
LH:35
BRDA:38,0,0,0
BRDA:38,0,1,3
BRDA:54,1,0,18
BRDA:54,1,1,15
BRDA:63,2,0,18
BRDA:63,2,1,45
BRDA:82,3,0,0
BRF:7
BRH:5
end_of_record
TN:
SF:src\infra\db\mysql\recipe\recipe-mysql-repository-helper.ts
FN:4,(anonymous_0)
FNF:1
FNH:1
FNDA:2,(anonymous_0)
DA:4,41
DA:5,2
LF:2
LH:2
BRF:0
BRH:0
end_of_record
TN:
SF:src\infra\db\mysql\recipe\recipe-mysql-repository.ts
FN:32,(anonymous_0)
FN:36,(anonymous_1)
FN:41,(anonymous_2)
FN:46,(anonymous_3)
FN:48,(anonymous_4)
FN:54,(anonymous_5)
FN:56,(anonymous_6)
FN:62,(anonymous_7)
FN:67,(anonymous_8)
FN:72,(anonymous_9)
FN:76,(anonymous_10)
FN:86,(anonymous_11)
FN:91,(anonymous_12)
FN:96,(anonymous_13)
FN:101,(anonymous_14)
FN:106,(anonymous_15)
FN:110,(anonymous_16)
FN:114,(anonymous_17)
FN:118,(anonymous_18)
FNF:19
FNH:19
FNDA:1009,(anonymous_0)
FNDA:1,(anonymous_1)
FNDA:1,(anonymous_2)
FNDA:1,(anonymous_3)
FNDA:20,(anonymous_4)
FNDA:1,(anonymous_5)
FNDA:23,(anonymous_6)
FNDA:2,(anonymous_7)
FNDA:2,(anonymous_8)
FNDA:1,(anonymous_9)
FNDA:2,(anonymous_10)
FNDA:4,(anonymous_11)
FNDA:1,(anonymous_12)
FNDA:1,(anonymous_13)
FNDA:1,(anonymous_14)
FNDA:2,(anonymous_15)
FNDA:1,(anonymous_16)
FNDA:1,(anonymous_17)
FNDA:3,(anonymous_18)
DA:2,41
DA:3,41
DA:22,41
DA:28,41
DA:33,1009
DA:37,1
DA:38,1
DA:42,1
DA:43,1
DA:47,1
DA:48,20
DA:50,1
DA:51,1
DA:55,1
DA:56,23
DA:58,1
DA:59,1
DA:63,2
DA:64,2
DA:68,2
DA:69,2
DA:73,1
DA:77,2
DA:78,2
DA:79,2
DA:80,2
DA:81,2
DA:83,2
DA:87,4
DA:88,4
DA:92,1
DA:93,1
DA:97,1
DA:98,1
DA:102,1
DA:103,1
DA:107,2
DA:111,1
DA:115,1
DA:119,3
LF:40
LH:40
BRDA:48,0,0,6
BRDA:48,0,1,14
BRDA:56,1,0,7
BRDA:56,1,1,16
BRF:4
BRH:4
end_of_record
TN:
SF:src\infra\db\mysql\recipe\recipeCMAX-mysql-repository-helper.ts
FN:4,(anonymous_0)
FNF:1
FNH:1
FNDA:2,(anonymous_0)
DA:4,41
DA:5,2
LF:2
LH:2
BRF:0
BRH:0
end_of_record
TN:
SF:src\infra\db\mysql\step\step-CombiOvenCMAX-mysql-repository-helper.ts
FN:4,(anonymous_0)
FNF:1
FNH:1
FNDA:2,(anonymous_0)
DA:4,41
DA:5,2
LF:2
LH:2
BRF:0
BRH:0
end_of_record
TN:
SF:src\infra\db\mysql\step\step-CombiOvenCMAX-mysql-repository.ts
FN:11,(anonymous_0)
FN:15,(anonymous_1)
FN:20,(anonymous_2)
FN:26,(anonymous_3)
FN:31,(anonymous_4)
FN:33,(anonymous_5)
FNF:6
FNH:6
FNDA:379,(anonymous_0)
FNDA:2,(anonymous_1)
FNDA:2,(anonymous_2)
FNDA:2,(anonymous_3)
FNDA:2,(anonymous_4)
FNDA:28,(anonymous_5)
DA:2,41
DA:4,41
DA:8,41
DA:12,379
DA:16,2
DA:17,2
DA:21,2
DA:22,2
DA:23,2
DA:27,2
DA:28,2
DA:32,2
DA:33,28
DA:35,2
DA:36,2
LF:15
LH:15
BRDA:22,0,0,0
BRDA:33,1,0,2
BRDA:33,1,1,26
BRF:3
BRH:2
end_of_record
TN:
SF:src\infra\db\mysql\step\step-CombiOvenTSI-mysql-repository-helper.ts
FN:4,(anonymous_0)
FNF:1
FNH:1
FNDA:2,(anonymous_0)
DA:4,41
DA:5,2
LF:2
LH:2
BRF:0
BRH:0
end_of_record
TN:
SF:src\infra\db\mysql\step\step-CombiOvenTSI-mysql-repository.ts
FN:11,(anonymous_0)
FN:15,(anonymous_1)
FN:20,(anonymous_2)
FN:26,(anonymous_3)
FN:31,(anonymous_4)
FN:33,(anonymous_5)
FNF:6
FNH:6
FNDA:379,(anonymous_0)
FNDA:2,(anonymous_1)
FNDA:2,(anonymous_2)
FNDA:2,(anonymous_3)
FNDA:2,(anonymous_4)
FNDA:30,(anonymous_5)
DA:2,41
DA:4,41
DA:8,41
DA:12,379
DA:16,2
DA:17,2
DA:21,2
DA:22,2
DA:23,2
DA:27,2
DA:28,2
DA:32,2
DA:33,30
DA:35,2
DA:36,2
LF:15
LH:15
BRDA:22,0,0,0
BRDA:33,1,0,4
BRDA:33,1,1,26
BRF:3
BRH:2
end_of_record
TN:
SF:src\infra\db\mysql\step\step-SpeedOven-mysql-repository-helper.ts
FN:4,(anonymous_0)
FNF:1
FNH:1
FNDA:2,(anonymous_0)
DA:4,41
DA:5,2
LF:2
LH:2
BRF:0
BRH:0
end_of_record
TN:
SF:src\infra\db\mysql\step\step-SpeedOven-mysql-repository.ts
FN:12,(anonymous_0)
FN:16,(anonymous_1)
FN:21,(anonymous_2)
FN:27,(anonymous_3)
FN:32,(anonymous_4)
FN:37,(anonymous_5)
FN:39,(anonymous_6)
FNF:7
FNH:7
FNDA:442,(anonymous_0)
FNDA:2,(anonymous_1)
FNDA:2,(anonymous_2)
FNDA:4,(anonymous_3)
FNDA:2,(anonymous_4)
FNDA:2,(anonymous_5)
FNDA:28,(anonymous_6)
DA:2,41
DA:4,41
DA:9,41
DA:13,442
DA:17,2
DA:18,2
DA:22,2
DA:23,2
DA:24,2
DA:28,4
DA:29,4
DA:33,2
DA:34,2
DA:38,2
DA:39,28
DA:41,2
DA:42,2
LF:17
LH:17
BRDA:23,0,0,0
BRDA:39,1,0,6
BRDA:39,1,1,22
BRF:3
BRH:2
end_of_record
TN:
SF:src\infra\db\mysql\store\store-mysql-repository-helper.ts
FN:4,(anonymous_0)
FNF:1
FNH:1
FNDA:2,(anonymous_0)
DA:4,41
DA:5,2
LF:2
LH:2
BRF:0
BRH:0
end_of_record
TN:
SF:src\infra\db\mysql\store\store-mysql-repository.ts
FN:14,(anonymous_0)
FN:18,(anonymous_1)
FN:28,(anonymous_2)
FN:33,(anonymous_3)
FN:37,(anonymous_4)
FN:42,(anonymous_5)
FN:54,(anonymous_6)
FNF:7
FNH:6
FNDA:442,(anonymous_0)
FNDA:0,(anonymous_1)
FNDA:2,(anonymous_2)
FNDA:2,(anonymous_3)
FNDA:5,(anonymous_4)
FNDA:2,(anonymous_5)
FNDA:2,(anonymous_6)
DA:2,41
DA:8,41
DA:11,41
DA:15,442
DA:19,0
DA:20,0
DA:21,0
DA:22,0
DA:23,0
DA:25,0
DA:29,2
DA:30,2
DA:34,2
DA:38,5
DA:39,5
DA:43,2
DA:44,2
DA:45,1
DA:46,1
DA:47,1
DA:49,2
DA:50,2
DA:51,1
DA:56,2
DA:69,2
DA:70,2
DA:71,0
DA:73,2
LF:28
LH:21
BRDA:50,0,0,1
BRDA:70,1,0,0
BRF:2
BRH:1
end_of_record
TN:
SF:src\infra\db\mysql\user\user-mysql-repository-helper.ts
FN:4,(anonymous_0)
FNF:1
FNH:1
FNDA:4,(anonymous_0)
DA:4,41
DA:5,4
LF:2
LH:2
BRF:0
BRH:0
end_of_record
TN:
SF:src\infra\db\mysql\user\user-mysql-repository.ts
FN:24,(anonymous_0)
FN:28,(anonymous_1)
FN:34,(anonymous_2)
FN:39,(anonymous_3)
FN:45,(anonymous_4)
FN:50,(anonymous_5)
FN:55,(anonymous_6)
FN:60,(anonymous_7)
FN:64,(anonymous_8)
FN:72,(anonymous_9)
FN:76,(anonymous_10)
FN:81,(anonymous_11)
FN:86,(anonymous_12)
FN:88,(anonymous_13)
FNF:14
FNH:12
FNDA:1639,(anonymous_0)
FNDA:0,(anonymous_1)
FNDA:0,(anonymous_2)
FNDA:3,(anonymous_3)
FNDA:3,(anonymous_4)
FNDA:4,(anonymous_5)
FNDA:8,(anonymous_6)
FNDA:2,(anonymous_7)
FNDA:73,(anonymous_8)
FNDA:2,(anonymous_9)
FNDA:3,(anonymous_10)
FNDA:2,(anonymous_11)
FNDA:1,(anonymous_12)
FNDA:9,(anonymous_13)
DA:4,41
DA:5,41
DA:21,41
DA:25,1639
DA:29,0
DA:30,0
DA:31,0
DA:35,0
DA:36,0
DA:40,3
DA:41,3
DA:42,2
DA:46,3
DA:47,3
DA:51,4
DA:52,4
DA:56,8
DA:57,8
DA:61,2
DA:65,73
DA:66,73
DA:67,72
DA:69,1
DA:73,2
DA:77,3
DA:78,3
DA:82,2
DA:83,2
DA:87,1
DA:88,9
DA:91,1
DA:92,1
LF:32
LH:27
BRDA:30,0,0,0
BRDA:41,1,0,1
BRDA:66,2,0,72
BRDA:66,3,0,73
BRDA:66,3,1,2
BRDA:88,4,0,6
BRDA:88,4,1,3
BRF:7
BRH:6
end_of_record
TN:
SF:src\language\index.ts
FN:11,(anonymous_1)
FNF:1
FNH:1
FNDA:123,(anonymous_1)
DA:1,42
DA:2,42
DA:3,42
DA:4,42
DA:5,42
DA:6,42
DA:7,42
DA:8,42
DA:9,42
DA:11,42
DA:12,123
DA:13,123
DA:15,123
DA:16,123
DA:18,0
DA:19,0
DA:21,0
DA:22,0
DA:24,0
DA:25,0
DA:27,0
DA:28,0
DA:30,0
DA:31,0
DA:33,0
DA:34,0
DA:36,0
DA:37,0
DA:39,0
DA:40,0
DA:42,0
DA:43,0
DA:45,123
LF:33
LH:15
BRDA:13,0,0,123
BRDA:13,0,1,0
BRDA:13,0,2,0
BRDA:13,0,3,0
BRDA:13,0,4,0
BRDA:13,0,5,0
BRDA:13,0,6,0
BRDA:13,0,7,0
BRDA:13,0,8,0
BRDA:13,0,9,0
BRF:10
BRH:1
end_of_record
TN:
SF:src\presentation\controller\activate-user\activate-user-controller.ts
FN:9,(anonymous_0)
FN:14,(anonymous_1)
FNF:2
FNH:2
FNDA:68,(anonymous_0)
FNDA:6,(anonymous_1)
DA:3,41
DA:5,41
DA:10,68
DA:11,68
DA:15,6
DA:16,6
DA:17,6
DA:18,1
DA:20,5
DA:21,5
DA:23,4
DA:25,1
LF:12
LH:12
BRDA:17,0,0,1
BRF:1
BRH:1
end_of_record
TN:
SF:src\presentation\controller\add-cookbook\add-cookbook-controller.ts
FN:11,(anonymous_0)
FN:16,(anonymous_1)
FNF:2
FNH:2
FNDA:72,(anonymous_0)
FNDA:10,(anonymous_1)
DA:1,42
DA:5,42
DA:7,42
DA:12,72
DA:13,72
DA:17,10
DA:18,10
DA:19,9
DA:20,9
DA:21,9
DA:22,8
DA:23,7
DA:25,1
LF:13
LH:13
BRDA:18,0,0,1
BRDA:21,1,0,1
BRF:2
BRH:2
end_of_record
TN:
SF:src\presentation\controller\add-user\add-user-controller.ts
FN:12,(anonymous_0)
FN:17,(anonymous_1)
FNF:2
FNH:2
FNDA:71,(anonymous_0)
FNDA:11,(anonymous_1)
DA:2,42
DA:4,42
DA:5,42
DA:6,42
DA:8,42
DA:13,71
DA:14,71
DA:18,11
DA:19,11
DA:20,11
DA:21,11
DA:22,11
DA:23,11
DA:24,11
DA:25,8
DA:26,7
DA:28,1
LF:17
LH:17
BRDA:20,0,0,0
BRDA:21,1,0,0
BRDA:24,2,0,3
BRF:3
BRH:1
end_of_record
TN:
SF:src\presentation\controller\add-group\add-group-controller.ts
FN:12,(anonymous_0)
FN:17,(anonymous_1)
FNF:2
FNH:2
FNDA:69,(anonymous_0)
FNDA:7,(anonymous_1)
DA:3,42
DA:4,42
DA:5,42
DA:8,42
DA:13,69
DA:14,69
DA:18,7
DA:19,7
DA:20,6
DA:21,6
DA:22,6
DA:23,1
DA:25,5
DA:26,4
DA:28,1
LF:15
LH:15
BRDA:19,0,0,1
BRDA:22,1,0,1
BRF:2
BRH:2
end_of_record
TN:
SF:src\presentation\controller\add-menu\add-menu-controller.ts
FN:16,(anonymous_0)
FN:23,(anonymous_1)
FNF:2
FNH:2
FNDA:68,(anonymous_0)
FNDA:7,(anonymous_1)
DA:4,42
DA:5,42
DA:6,42
DA:7,42
DA:10,42
DA:17,68
DA:18,68
DA:19,68
DA:20,68
DA:24,7
DA:25,7
DA:26,7
DA:27,7
DA:29,7
DA:30,7
DA:32,6
DA:33,6
DA:38,6
DA:40,5
DA:41,5
DA:44,5
DA:46,1
LF:22
LH:22
BRDA:25,0,0,0
BRDA:27,1,0,7
BRDA:27,1,1,0
BRDA:30,2,0,1
BRDA:32,3,0,6
BRDA:33,4,0,0
BRDA:40,5,0,5
BRF:7
BRH:4
end_of_record
TN:
SF:src\presentation\controller\add-recipe\add-recipe-controller.ts
FN:15,(anonymous_0)
FN:22,(anonymous_1)
FNF:2
FNH:2
FNDA:136,(anonymous_0)
FNDA:13,(anonymous_1)
DA:5,42
DA:6,42
DA:9,42
DA:16,136
DA:17,136
DA:18,136
DA:19,136
DA:23,13
DA:24,13
DA:25,12
DA:26,12
DA:27,12
DA:28,6
DA:29,6
DA:30,6
DA:31,1
DA:33,5
DA:35,4
DA:37,6
DA:38,6
DA:39,6
DA:40,1
DA:42,5
DA:44,4
DA:47,2
LF:25
LH:25
BRDA:24,0,0,1
BRDA:27,1,0,6
BRDA:27,1,1,6
BRDA:30,2,0,1
BRDA:39,3,0,1
BRF:5
BRH:5
end_of_record
TN:
SF:src\presentation\controller\add-step-CombiOvenCMAX\add-step-CombiOvenCMAX-controller.ts
FN:12,(anonymous_0)
FN:17,(anonymous_1)
FNF:2
FNH:2
FNDA:68,(anonymous_0)
FNDA:6,(anonymous_1)
DA:3,42
DA:4,42
DA:5,42
DA:8,42
DA:13,68
DA:14,68
DA:18,6
DA:19,6
DA:20,6
DA:21,6
DA:22,6
DA:23,1
DA:25,5
DA:26,4
DA:28,1
LF:15
LH:15
BRDA:19,0,0,0
BRDA:22,1,0,1
BRF:2
BRH:1
end_of_record
TN:
SF:src\presentation\controller\add-step-CombiOvenTSI\add-step-CombiOvenTSI-controller.ts
FN:12,(anonymous_0)
FN:17,(anonymous_1)
FNF:2
FNH:2
FNDA:68,(anonymous_0)
FNDA:6,(anonymous_1)
DA:3,42
DA:4,42
DA:5,42
DA:8,42
DA:13,68
DA:14,68
DA:18,6
DA:19,6
DA:20,6
DA:21,6
DA:22,6
DA:23,1
DA:25,5
DA:26,4
DA:28,1
LF:15
LH:15
BRDA:19,0,0,0
BRDA:22,1,0,1
BRF:2
BRH:1
end_of_record
TN:
SF:src\presentation\controller\add-step-SpeedOven\add-step-SpeedOven-controller.ts
FN:12,(anonymous_0)
FN:17,(anonymous_1)
FNF:2
FNH:2
FNDA:68,(anonymous_0)
FNDA:6,(anonymous_1)
DA:3,42
DA:4,42
DA:5,42
DA:8,42
DA:13,68
DA:14,68
DA:18,6
DA:19,6
DA:20,6
DA:21,6
DA:22,6
DA:23,1
DA:25,5
DA:26,4
DA:28,1
LF:15
LH:15
BRDA:19,0,0,0
BRDA:22,1,0,1
BRF:2
BRH:1
end_of_record
TN:
SF:src\presentation\controller\add-store\add-store-controller.ts
FN:12,(anonymous_0)
FN:17,(anonymous_1)
FNF:2
FNH:2
FNDA:68,(anonymous_0)
FNDA:8,(anonymous_1)
DA:3,42
DA:4,42
DA:5,42
DA:8,42
DA:13,68
DA:14,68
DA:18,8
DA:19,8
DA:20,6
DA:21,6
DA:22,6
DA:23,1
DA:25,5
DA:26,4
DA:28,1
LF:15
LH:15
BRDA:19,0,0,2
BRDA:22,1,0,1
BRF:2
BRH:2
end_of_record
TN:
SF:src\presentation\controller\add-user\add-user-controller.ts
FN:16,(anonymous_0)
FN:30,(anonymous_1)
FNF:2
FNH:2
FNDA:70,(anonymous_0)
FNDA:8,(anonymous_1)
DA:2,41
DA:3,41
DA:4,41
DA:5,41
DA:9,41
DA:23,70
DA:24,70
DA:25,70
DA:26,70
DA:27,70
DA:31,8
DA:32,8
DA:33,8
DA:34,1
DA:37,7
DA:38,7
DA:49,6
DA:50,1
DA:53,5
DA:54,0
DA:55,0
DA:59,5
DA:60,5
DA:68,4
DA:80,4
DA:81,0
DA:84,4
DA:89,2
LF:28
LH:25
BRDA:33,0,0,1
BRDA:49,1,0,1
BRDA:53,2,0,0
BRDA:80,3,0,0
BRF:4
BRH:2
end_of_record
TN:
SF:src\presentation\controller\authenticationPassword\authentication-password-controller.ts
FN:8,(anonymous_0)
FN:13,(anonymous_1)
FNF:2
FNH:2
FNDA:69,(anonymous_0)
FNDA:6,(anonymous_1)
DA:1,42
DA:4,42
DA:9,69
DA:10,69
DA:14,6
DA:15,6
DA:16,6
DA:17,1
DA:20,5
DA:21,5
DA:25,4
DA:26,1
DA:28,3
DA:30,1
LF:14
LH:14
BRDA:16,0,0,1
BRDA:25,1,0,1
BRF:2
BRH:2
end_of_record
TN:
SF:src\presentation\controller\check-cpf-cnpj\check-by-cpf-cnpj-controller.ts
FN:11,(anonymous_0)
FN:16,(anonymous_1)
FNF:2
FNH:2
FNDA:68,(anonymous_0)
FNDA:7,(anonymous_1)
DA:4,42
DA:5,42
DA:7,42
DA:12,68
DA:13,68
DA:17,7
DA:18,7
DA:19,7
DA:20,1
DA:23,6
DA:24,6
DA:25,5
DA:26,1
DA:29,4
DA:33,1
LF:15
LH:15
BRDA:19,0,0,1
BRDA:25,1,0,1
BRF:2
BRH:2
end_of_record
TN:
SF:src\presentation\controller\count-user\count-user-controller.ts
FN:10,(anonymous_0)
FN:15,(anonymous_1)
FNF:2
FNH:2
FNDA:72,(anonymous_0)
FNDA:12,(anonymous_1)
DA:3,42
DA:4,42
DA:7,42
DA:11,72
DA:12,72
DA:16,12
DA:17,12
DA:18,12
DA:19,10
DA:20,10
DA:22,10
DA:23,9
DA:25,1
LF:13
LH:13
BRDA:18,0,0,10
BRDA:20,1,0,2
BRF:2
BRH:2
end_of_record
TN:
SF:src\presentation\controller\delete-cookbook\delete-cookbook-controller.ts
FN:12,(anonymous_0)
FN:17,(anonymous_1)
FNF:2
FNH:2
FNDA:72,(anonymous_0)
FNDA:10,(anonymous_1)
DA:3,42
DA:4,42
DA:5,42
DA:8,42
DA:13,72
DA:14,72
DA:18,10
DA:19,10
DA:20,10
DA:21,10
DA:22,10
DA:23,9
DA:24,8
DA:26,7
DA:28,1
LF:15
LH:15
BRDA:22,0,0,1
BRDA:24,1,0,1
BRF:2
BRH:2
end_of_record
TN:
SF:src\presentation\controller\delete-user\delete-user-controller.ts
FN:11,(anonymous_0)
FN:16,(anonymous_1)
FNF:2
FNH:2
FNDA:73,(anonymous_0)
FNDA:13,(anonymous_1)
DA:3,42
DA:4,42
DA:5,42
DA:8,42
DA:12,73
DA:13,73
DA:17,13
DA:18,13
DA:19,12
DA:20,12
DA:21,10
DA:22,9
DA:23,7
DA:25,1
LF:14
LH:14
BRDA:18,0,0,1
BRDA:20,1,0,2
BRDA:22,2,0,2
BRF:3
BRH:3
end_of_record
TN:
SF:src\presentation\controller\delete-group\delete-group-controller.ts
FN:12,(anonymous_0)
FN:17,(anonymous_1)
FNF:2
FNH:2
FNDA:69,(anonymous_0)
FNDA:7,(anonymous_1)
DA:3,42
DA:4,42
DA:5,42
DA:8,42
DA:13,69
DA:14,69
DA:18,7
DA:19,7
DA:20,7
DA:21,7
DA:22,6
DA:23,6
DA:24,5
DA:25,4
DA:27,1
LF:15
LH:15
BRDA:21,0,0,1
BRDA:22,1,0,0
BRDA:24,2,0,1
BRF:3
BRH:2
end_of_record
TN:
SF:src\presentation\controller\delete-menu\delete-menu-controller.ts
FN:10,(anonymous_0)
FN:15,(anonymous_1)
FNF:2
FNH:2
FNDA:68,(anonymous_0)
FNDA:7,(anonymous_1)
DA:2,42
DA:3,42
DA:6,42
DA:11,68
DA:12,68
DA:16,7
DA:17,7
DA:18,7
DA:19,7
DA:20,6
DA:21,6
DA:22,5
DA:24,1
LF:13
LH:13
BRDA:19,0,0,1
BRDA:20,1,0,0
BRF:2
BRH:1
end_of_record
TN:
SF:src\presentation\controller\delete-recipe\delete-recipe-controller.ts
FN:11,(anonymous_0)
FN:16,(anonymous_1)
FNF:2
FNH:2
FNDA:131,(anonymous_0)
FNDA:6,(anonymous_1)
DA:3,42
DA:4,42
DA:7,42
DA:12,131
DA:13,131
DA:17,6
DA:18,6
DA:19,6
DA:20,6
DA:21,6
DA:22,5
DA:23,5
DA:25,4
DA:27,1
LF:14
LH:14
BRDA:21,0,0,1
BRDA:22,1,0,0
BRF:2
BRH:1
end_of_record
TN:
SF:src\presentation\controller\delete-step-CombiOvenCMAX\delete-step-CombiOvenCMAX-controller.ts
FN:11,(anonymous_0)
FN:16,(anonymous_1)
FNF:2
FNH:2
FNDA:68,(anonymous_0)
FNDA:6,(anonymous_1)
DA:3,42
DA:4,42
DA:7,42
DA:12,68
DA:13,68
DA:17,6
DA:18,6
DA:19,6
DA:20,5
DA:21,5
DA:22,0
DA:24,5
DA:25,4
DA:28,1
LF:14
LH:13
BRDA:19,0,0,1
BRDA:21,1,0,0
BRDA:21,1,1,5
BRF:3
BRH:2
end_of_record
TN:
SF:src\presentation\controller\delete-step-CombiOvenTSI\delete-step-CombiOvenTSI-controller.ts
FN:11,(anonymous_0)
FN:16,(anonymous_1)
FNF:2
FNH:2
FNDA:68,(anonymous_0)
FNDA:6,(anonymous_1)
DA:3,42
DA:4,42
DA:7,42
DA:12,68
DA:13,68
DA:17,6
DA:18,6
DA:19,6
DA:20,5
DA:21,5
DA:22,0
DA:24,5
DA:25,4
DA:28,1
LF:14
LH:13
BRDA:19,0,0,1
BRDA:21,1,0,0
BRDA:21,1,1,5
BRF:3
BRH:2
end_of_record
TN:
SF:src\presentation\controller\delete-step-SpeedOven\delete-step-SpeedOven-controller.ts
FN:11,(anonymous_0)
FN:16,(anonymous_1)
FNF:2
FNH:2
FNDA:68,(anonymous_0)
FNDA:6,(anonymous_1)
DA:3,42
DA:4,42
DA:7,42
DA:12,68
DA:13,68
DA:17,6
DA:18,6
DA:19,6
DA:20,5
DA:21,5
DA:22,0
DA:24,5
DA:25,4
DA:28,1
LF:14
LH:13
BRDA:19,0,0,1
BRDA:21,1,0,0
BRDA:21,1,1,5
BRF:3
BRH:2
end_of_record
TN:
SF:src\presentation\controller\delete-store\delete-store-controller.ts
FN:11,(anonymous_0)
FN:16,(anonymous_1)
FNF:2
FNH:2
FNDA:68,(anonymous_0)
FNDA:7,(anonymous_1)
DA:3,42
DA:4,42
DA:7,42
DA:12,68
DA:13,68
DA:17,7
DA:18,7
DA:19,7
DA:20,5
DA:21,5
DA:22,0
DA:24,5
DA:25,4
DA:28,1
LF:14
LH:13
BRDA:19,0,0,2
BRDA:21,1,0,0
BRDA:21,1,1,5
BRF:3
BRH:2
end_of_record
TN:
SF:src\presentation\controller\delete-user\delete-user-controller.ts
FN:11,(anonymous_0)
FN:16,(anonymous_1)
FNF:2
FNH:2
FNDA:72,(anonymous_0)
FNDA:10,(anonymous_1)
DA:2,42
DA:3,42
DA:4,42
DA:7,42
DA:12,72
DA:13,72
DA:17,10
DA:18,10
DA:19,10
DA:20,10
DA:21,9
DA:22,8
DA:23,7
DA:25,1
LF:14
LH:14
BRDA:20,0,0,1
BRDA:22,1,0,1
BRF:2
BRH:2
end_of_record
TN:
SF:src\presentation\controller\export-menu\export-menu-controller.ts
FN:15,(anonymous_0)
FN:21,(anonymous_1)
FNF:2
FNH:1
FNDA:63,(anonymous_0)
FNDA:0,(anonymous_1)
DA:1,41
DA:10,41
DA:16,63
DA:17,63
DA:18,63
DA:22,0
DA:23,0
DA:24,0
DA:25,0
DA:26,0
DA:27,0
DA:28,0
DA:29,0
DA:30,0
DA:31,0
DA:33,0
LF:16
LH:5
BRDA:24,0,0,0
BRDA:27,1,0,0
BRDA:28,2,0,0
BRDA:30,3,0,0
BRF:4
BRH:0
end_of_record
TN:
SF:src\presentation\controller\load-cookbook-by-company-id\load-recipe-cookbook-controller.ts
FN:8,(anonymous_0)
FN:13,(anonymous_1)
FNF:2
FNH:2
FNDA:68,(anonymous_0)
FNDA:6,(anonymous_1)
DA:1,41
DA:4,41
DA:9,68
DA:10,68
DA:14,6
DA:15,6
DA:16,6
DA:17,5
DA:18,5
DA:19,4
DA:20,4
DA:24,1
LF:12
LH:12
BRDA:16,0,0,1
BRDA:19,1,0,0
BRF:2
BRH:1
end_of_record
TN:
SF:src\presentation\controller\load-equip-by-company-id\load-equip-by-company-id-controller.ts
FN:9,(anonymous_0)
FN:14,(anonymous_1)
FNF:2
FNH:2
FNDA:72,(anonymous_0)
FNDA:12,(anonymous_1)
DA:2,42
DA:3,42
DA:6,42
DA:10,72
DA:11,72
DA:15,12
DA:16,12
DA:17,12
DA:18,10
DA:19,10
DA:20,9
DA:21,7
DA:23,1
LF:13
LH:13
BRDA:17,0,0,2
BRDA:20,1,0,2
BRF:2
BRH:2
end_of_record
TN:
SF:src\presentation\controller\load-equip-by-id\load-equip-by-id-controller.ts
FN:9,(anonymous_0)
FN:14,(anonymous_1)
FNF:2
FNH:2
FNDA:72,(anonymous_0)
FNDA:12,(anonymous_1)
DA:2,42
DA:3,42
DA:6,42
DA:10,72
DA:11,72
DA:15,12
DA:16,12
DA:17,12
DA:18,10
DA:19,9
DA:20,7
DA:22,1
LF:12
LH:12
BRDA:17,0,0,2
BRDA:19,1,0,2
BRF:2
BRH:2
end_of_record
TN:
SF:src\presentation\controller\load-equip-by-menu\load-equip-by-menu-controller.ts
FN:8,(anonymous_0)
FN:13,(anonymous_1)
FNF:2
FNH:2
FNDA:66,(anonymous_0)
FNDA:4,(anonymous_1)
DA:1,41
DA:4,41
DA:9,66
DA:10,66
DA:14,4
DA:15,4
DA:16,4
DA:17,0
DA:20,4
DA:21,4
DA:23,3
DA:27,1
LF:12
LH:11
BRDA:16,0,0,0
BRF:1
BRH:0
end_of_record
TN:
SF:src\presentation\controller\load-group-by-menu-id\load-group-controller.ts
FN:8,(anonymous_0)
FN:13,(anonymous_1)
FNF:2
FNH:2
FNDA:69,(anonymous_0)
FNDA:7,(anonymous_1)
DA:1,41
DA:4,41
DA:9,69
DA:10,69
DA:14,7
DA:15,7
DA:16,7
DA:17,6
DA:18,6
DA:19,5
DA:20,4
DA:24,1
LF:12
LH:12
BRDA:16,0,0,1
BRDA:19,1,0,1
BRF:2
BRH:2
end_of_record
TN:
SF:src\presentation\controller\load-has-update-equip\load-has-update-equip-controller.ts
FN:11,(anonymous_0)
FN:16,(anonymous_1)
FNF:2
FNH:2
FNDA:72,(anonymous_0)
FNDA:11,(anonymous_1)
DA:2,42
DA:3,42
DA:4,42
DA:5,42
DA:8,42
DA:12,72
DA:13,72
DA:17,11
DA:18,11
DA:19,11
DA:20,10
DA:21,9
DA:22,7
DA:23,7
DA:25,1
LF:15
LH:15
BRDA:19,0,0,1
BRDA:21,1,0,2
BRDA:22,2,0,0
BRDA:22,3,0,7
BRDA:22,3,1,7
BRF:5
BRH:4
end_of_record
TN:
SF:src\presentation\controller\load-menu\load-menu-controller.ts
FN:16,(anonymous_0)
FN:28,(anonymous_1)
FNF:2
FNH:2
FNDA:68,(anonymous_0)
FNDA:9,(anonymous_1)
DA:1,41
DA:5,41
DA:17,68
DA:18,68
DA:19,68
DA:20,68
DA:21,68
DA:22,68
DA:23,68
DA:24,68
DA:25,68
DA:29,9
DA:30,9
DA:31,9
DA:33,8
DA:34,8
DA:35,7
DA:37,6
DA:38,0
DA:40,0
DA:41,0
DA:42,0
DA:44,0
DA:46,6
DA:47,6
DA:48,6
DA:49,5
DA:50,5
DA:51,5
DA:52,0
DA:53,0
DA:55,5
DA:56,5
DA:59,5
DA:61,6
DA:63,6
DA:67,1
LF:37
LH:30
BRDA:31,0,0,1
BRDA:35,1,0,1
BRDA:37,2,0,0
BRDA:37,2,1,6
BRDA:51,3,0,0
BRDA:51,3,1,5
BRF:6
BRH:4
end_of_record
TN:
SF:src\presentation\controller\load-menu-by-company-id\load-menu-by-company-id-controller.ts
FN:8,(anonymous_0)
FN:13,(anonymous_1)
FNF:2
FNH:2
FNDA:66,(anonymous_0)
FNDA:5,(anonymous_1)
DA:1,42
DA:4,42
DA:9,66
DA:10,66
DA:14,5
DA:15,5
DA:16,5
DA:17,4
DA:19,4
DA:20,4
DA:21,4
DA:24,4
DA:28,1
LF:13
LH:13
BRDA:17,0,0,0
BRF:1
BRH:0
end_of_record
TN:
SF:src\presentation\controller\load-recipe-by-group-id\load-recipe-by-group-id-controller.ts
FN:8,(anonymous_0)
FN:13,(anonymous_1)
FNF:2
FNH:2
FNDA:68,(anonymous_0)
FNDA:6,(anonymous_1)
DA:1,42
DA:4,42
DA:9,68
DA:10,68
DA:14,6
DA:15,6
DA:16,6
DA:17,5
DA:18,5
DA:19,4
DA:20,4
DA:24,1
LF:12
LH:12
BRDA:16,0,0,1
BRDA:19,1,0,0
BRF:2
BRH:1
end_of_record
TN:
SF:src\presentation\controller\load-recipeCmax-by-menu-id\load-recipeCmax-by-menu-id-controller.ts
FN:8,(anonymous_0)
FN:13,(anonymous_1)
FNF:2
FNH:2
FNDA:68,(anonymous_0)
FNDA:6,(anonymous_1)
DA:1,42
DA:4,42
DA:9,68
DA:10,68
DA:14,6
DA:15,6
DA:16,6
DA:17,5
DA:18,5
DA:19,4
DA:20,4
DA:24,1
LF:12
LH:12
BRDA:16,0,0,1
BRDA:19,1,0,0
BRF:2
BRH:1
end_of_record
TN:
SF:src\presentation\controller\load-step-CombiOvenCMAX\load-step-CombiOvenCMAX-controller.ts
FN:9,(anonymous_0)
FN:14,(anonymous_1)
FN:24,(anonymous_2)
FNF:3
FNH:3
FNDA:67,(anonymous_0)
FNDA:5,(anonymous_1)
FNDA:4,(anonymous_2)
DA:2,41
DA:5,41
DA:10,67
DA:11,67
DA:15,5
DA:16,5
DA:17,5
DA:18,5
DA:19,5
DA:20,4
DA:21,0
DA:24,4
DA:25,4
DA:27,4
DA:28,4
DA:30,1
LF:16
LH:15
BRDA:17,0,0,0
BRDA:20,1,0,0
BRF:2
BRH:0
end_of_record
TN:
SF:src\presentation\controller\load-step-CombiOvenTSI\load-step-CombiOvenTSI-controller.ts
FN:9,(anonymous_0)
FN:14,(anonymous_1)
FN:23,(anonymous_2)
FNF:3
FNH:3
FNDA:67,(anonymous_0)
FNDA:5,(anonymous_1)
FNDA:4,(anonymous_2)
DA:2,41
DA:5,41
DA:10,67
DA:11,67
DA:15,5
DA:16,5
DA:17,5
DA:18,5
DA:19,5
DA:20,4
DA:21,0
DA:23,4
DA:24,4
DA:26,4
DA:28,1
LF:15
LH:14
BRDA:17,0,0,0
BRDA:20,1,0,0
BRF:2
BRH:0
end_of_record
TN:
SF:src\presentation\controller\load-step-by-id\load-step-SpeedOven-by-id-controller.ts
FN:7,(anonymous_0)
FN:12,(anonymous_1)
FNF:2
FNH:2
FNDA:67,(anonymous_0)
FNDA:5,(anonymous_1)
DA:1,42
DA:4,42
DA:8,67
DA:9,67
DA:13,5
DA:14,5
DA:15,5
DA:16,0
DA:18,5
DA:19,5
DA:20,4
DA:21,3
DA:23,1
LF:13
LH:12
BRDA:15,0,0,0
BRDA:20,1,0,1
BRF:2
BRH:1
end_of_record
TN:
SF:src\presentation\controller\load-step-by-recipe-id\load-step-SpeedOven-by-recipe-id-controller.ts
FN:9,(anonymous_0)
FN:14,(anonymous_1)
FN:24,(anonymous_2)
FNF:3
FNH:3
FNDA:68,(anonymous_0)
FNDA:6,(anonymous_1)
FNDA:4,(anonymous_2)
DA:2,41
DA:5,41
DA:10,68
DA:11,68
DA:15,6
DA:16,6
DA:17,6
DA:18,6
DA:19,6
DA:20,6
DA:21,5
DA:22,1
DA:24,4
DA:25,4
DA:27,4
DA:29,1
LF:16
LH:16
BRDA:17,0,0,0
BRDA:21,1,0,1
BRF:2
BRH:1
end_of_record
TN:
SF:src\presentation\controller\load-store-by-company-id\load-store-by-company-id-controller.ts
FN:8,(anonymous_0)
FN:13,(anonymous_1)
FNF:2
FNH:2
FNDA:68,(anonymous_0)
FNDA:7,(anonymous_1)
DA:1,41
DA:4,41
DA:9,68
DA:10,68
DA:14,7
DA:15,7
DA:16,7
DA:17,7
DA:18,7
DA:19,6
DA:20,2
DA:22,4
DA:24,1
LF:13
LH:13
BRDA:16,0,0,0
BRDA:19,1,0,2
BRF:2
BRH:1
end_of_record
TN:
SF:src\presentation\controller\load-store-by-id\load-store-by-id-controller.ts
FN:7,(anonymous_0)
FN:12,(anonymous_1)
FNF:2
FNH:2
FNDA:67,(anonymous_0)
FNDA:7,(anonymous_1)
DA:1,42
DA:4,42
DA:8,67
DA:9,67
DA:13,7
DA:14,7
DA:15,7
DA:16,1
DA:18,6
DA:19,6
DA:20,5
DA:21,3
DA:23,1
LF:13
LH:13
BRDA:15,0,0,1
BRDA:20,1,0,2
BRF:2
BRH:2
end_of_record
TN:
SF:src\presentation\controller\load-user-by-company\load-user-by-company-controller.ts
FN:9,(anonymous_0)
FN:14,(anonymous_1)
FNF:2
FNH:2
FNDA:68,(anonymous_0)
FNDA:6,(anonymous_1)
DA:1,41
DA:5,41
DA:10,68
DA:11,68
DA:15,6
DA:16,6
DA:17,6
DA:18,5
DA:19,5
DA:20,4
DA:21,4
DA:25,1
LF:12
LH:12
BRDA:17,0,0,1
BRDA:20,1,0,0
BRF:2
BRH:1
end_of_record
TN:
SF:src\presentation\controller\load-user-data\load-user-data-controller.ts
FN:13,(anonymous_0)
FN:19,(anonymous_1)
FNF:2
FNH:2
FNDA:73,(anonymous_0)
FNDA:10,(anonymous_1)
DA:4,42
DA:5,42
DA:8,42
DA:14,73
DA:15,73
DA:16,73
DA:20,10
DA:21,10
DA:22,10
DA:23,9
DA:24,1
DA:26,8
DA:27,7
DA:28,1
DA:30,6
DA:31,5
DA:32,1
DA:35,4
DA:41,3
LF:19
LH:19
BRDA:23,0,0,1
BRDA:27,1,0,1
BRDA:31,2,0,1
BRF:3
BRH:3
end_of_record
TN:
SF:src\presentation\controller\login\login-controller.ts
FN:8,(anonymous_0)
FN:13,(anonymous_1)
FNF:2
FNH:2
FNDA:69,(anonymous_0)
FNDA:8,(anonymous_1)
DA:1,42
DA:4,42
DA:9,69
DA:10,69
DA:14,8
DA:15,8
DA:16,8
DA:17,1
DA:20,7
DA:21,7
DA:25,6
DA:26,2
DA:28,4
DA:30,1
LF:14
LH:14
BRDA:16,0,0,1
BRDA:25,1,0,2
BRF:2
BRH:2
end_of_record
TN:
SF:src\presentation\controller\send-email-reset-password\send-email-reset-password-controller.ts
FN:14,(anonymous_0)
FN:20,(anonymous_1)
FNF:2
FNH:2
FNDA:69,(anonymous_0)
FNDA:6,(anonymous_1)
DA:2,42
DA:4,42
DA:5,42
DA:6,42
DA:9,42
DA:15,69
DA:16,69
DA:17,69
DA:21,6
DA:22,6
DA:23,6
DA:24,1
DA:26,5
DA:27,5
DA:28,4
DA:29,3
DA:41,3
DA:42,0
DA:44,3
DA:46,1
LF:20
LH:19
BRDA:23,0,0,1
BRDA:28,1,0,1
BRDA:41,2,0,0
BRF:3
BRH:2
end_of_record
TN:
SF:src\presentation\controller\signup\singUp-controller.ts
FN:35,(anonymous_0)
FN:55,(anonymous_1)
FNF:2
FNH:2
FNDA:76,(anonymous_0)
FNDA:16,(anonymous_1)
DA:12,41
DA:18,41
DA:19,41
DA:20,41
DA:21,41
DA:22,41
DA:25,41
DA:45,76
DA:46,76
DA:47,76
DA:48,76
DA:49,76
DA:50,76
DA:51,76
DA:52,76
DA:56,16
DA:57,16
DA:60,16
DA:61,0
DA:64,16
DA:65,16
DA:66,3
DA:69,13
DA:70,13
DA:71,13
DA:72,0
DA:81,13
DA:82,13
DA:90,12
DA:91,1
DA:94,11
DA:97,11
DA:98,11
DA:109,10
DA:110,1
DA:113,9
DA:121,8
DA:133,8
DA:134,0
DA:137,8
DA:143,3
LF:41
LH:38
BRDA:60,0,0,0
BRDA:65,1,0,3
BRDA:71,2,0,0
BRDA:90,3,0,1
BRDA:109,4,0,1
BRDA:133,5,0,0
BRF:6
BRH:3
end_of_record
TN:
SF:src\presentation\controller\update-configs\update-configs-controller.ts
FN:11,(anonymous_0)
FN:16,(anonymous_1)
FNF:2
FNH:2
FNDA:68,(anonymous_0)
FNDA:5,(anonymous_1)
DA:3,42
DA:4,42
DA:7,42
DA:12,68
DA:13,68
DA:17,5
DA:18,5
DA:19,5
DA:20,1
DA:23,4
DA:24,4
DA:25,3
DA:26,0
DA:29,3
DA:33,1
LF:15
LH:14
BRDA:19,0,0,1
BRDA:25,1,0,0
BRF:2
BRH:1
end_of_record
TN:
SF:src\presentation\controller\update-cookbook\update-cookbook-controller.ts
FN:12,(anonymous_0)
FN:18,(anonymous_1)
FNF:2
FNH:2
FNDA:78,(anonymous_0)
FNDA:16,(anonymous_1)
DA:1,42
DA:5,42
DA:6,42
DA:8,42
DA:13,78
DA:14,78
DA:15,78
DA:19,16
DA:20,16
DA:21,15
DA:22,14
DA:23,14
DA:24,14
DA:25,13
DA:26,12
DA:27,11
DA:28,10
DA:30,1
LF:18
LH:18
BRDA:20,0,0,1
BRDA:21,1,0,1
BRDA:24,2,0,1
BRDA:25,3,0,1
BRDA:27,4,0,1
BRF:5
BRH:5
end_of_record
TN:
SF:src\presentation\controller\update-user\update-user-controller.ts
FN:15,(anonymous_0)
FN:22,(anonymous_1)
FNF:2
FNH:2
FNDA:78,(anonymous_0)
FNDA:18,(anonymous_1)
DA:1,42
DA:4,42
DA:5,42
DA:6,42
DA:8,42
DA:10,42
DA:16,78
DA:17,78
DA:18,78
DA:19,78
DA:23,18
DA:24,18
DA:25,16
DA:26,15
DA:27,15
DA:28,15
DA:29,13
DA:30,12
DA:31,12
DA:32,0
DA:34,12
DA:35,11
DA:36,10
DA:38,1
LF:24
LH:23
BRDA:24,0,0,2
BRDA:25,1,0,1
BRDA:28,2,0,2
BRDA:29,3,0,1
BRDA:31,4,0,0
BRDA:35,5,0,1
BRF:6
BRH:5
end_of_record
TN:
SF:src\presentation\controller\update-group\update-group-controller.ts
FN:12,(anonymous_0)
FN:17,(anonymous_1)
FNF:2
FNH:2
FNDA:68,(anonymous_0)
FNDA:6,(anonymous_1)
DA:3,42
DA:4,42
DA:5,42
DA:8,42
DA:13,68
DA:14,68
DA:18,6
DA:19,6
DA:20,6
DA:21,6
DA:22,6
DA:23,5
DA:24,5
DA:25,4
DA:26,4
DA:28,1
LF:16
LH:16
BRDA:19,0,0,0
BRDA:20,1,0,0
BRDA:22,2,0,1
BRDA:25,3,0,0
BRF:4
BRH:1
end_of_record
TN:
SF:src\presentation\controller\update-menu\update-menu-controller.ts
FN:14,(anonymous_0)
FN:21,(anonymous_1)
FNF:2
FNH:2
FNDA:68,(anonymous_0)
FNDA:7,(anonymous_1)
DA:4,42
DA:5,42
DA:8,42
DA:15,68
DA:16,68
DA:17,68
DA:18,68
DA:22,7
DA:23,7
DA:24,7
DA:25,7
DA:27,6
DA:28,6
DA:30,5
DA:31,5
DA:32,5
DA:33,5
DA:34,5
DA:35,5
DA:36,5
DA:38,5
DA:40,1
LF:22
LH:22
BRDA:23,0,0,0
BRDA:25,1,0,1
BRDA:30,2,0,5
BRDA:31,3,0,0
BRDA:35,4,0,0
BRF:5
BRH:2
end_of_record
TN:
SF:src\presentation\controller\update-recipe\update-recipe-controller.ts
FN:15,(anonymous_0)
FN:22,(anonymous_1)
FNF:2
FNH:2
FNDA:136,(anonymous_0)
FNDA:13,(anonymous_1)
DA:4,42
DA:5,42
DA:7,42
DA:9,42
DA:16,136
DA:17,136
DA:18,136
DA:19,136
DA:23,13
DA:24,13
DA:25,12
DA:26,12
DA:27,6
DA:28,6
DA:29,5
DA:30,4
DA:31,4
DA:33,6
DA:34,6
DA:35,5
DA:36,4
DA:37,4
DA:40,2
LF:23
LH:23
BRDA:24,0,0,1
BRDA:26,1,0,6
BRDA:26,1,1,6
BRDA:28,2,0,1
BRDA:30,3,0,0
BRDA:34,4,0,1
BRDA:36,5,0,0
BRF:7
BRH:5
end_of_record
TN:
SF:src\presentation\controller\update-step-CombiOvenCMAX\update-step-CombiOvenCMAX-controller.ts
FN:12,(anonymous_0)
FN:18,(anonymous_1)
FNF:2
FNH:2
FNDA:70,(anonymous_0)
FNDA:8,(anonymous_1)
DA:2,42
DA:4,42
DA:5,42
DA:7,42
DA:13,70
DA:14,70
DA:15,70
DA:19,8
DA:20,8
DA:21,8
DA:22,8
DA:23,8
DA:24,8
DA:25,7
DA:26,6
DA:27,5
DA:28,5
DA:30,1
LF:18
LH:18
BRDA:20,0,0,0
BRDA:21,1,0,0
BRDA:24,2,0,1
BRDA:25,3,0,1
BRDA:27,4,0,0
BRF:5
BRH:2
end_of_record
TN:
SF:src\presentation\controller\update-step-CombiOvenTSI\update-step-CombiOvenTSI-controller.ts
FN:12,(anonymous_0)
FN:18,(anonymous_1)
FNF:2
FNH:2
FNDA:70,(anonymous_0)
FNDA:8,(anonymous_1)
DA:2,42
DA:4,42
DA:5,42
DA:7,42
DA:13,70
DA:14,70
DA:15,70
DA:19,8
DA:20,8
DA:21,8
DA:22,8
DA:23,8
DA:24,8
DA:25,7
DA:26,6
DA:27,5
DA:28,5
DA:30,1
LF:18
LH:18
BRDA:20,0,0,0
BRDA:21,1,0,0
BRDA:24,2,0,1
BRDA:25,3,0,1
BRDA:27,4,0,0
BRF:5
BRH:2
end_of_record
TN:
SF:src\presentation\controller\update-step-SpeedOven\update-step-SpeedOven-controller.ts
FN:12,(anonymous_0)
FN:18,(anonymous_1)
FNF:2
FNH:2
FNDA:70,(anonymous_0)
FNDA:8,(anonymous_1)
DA:2,42
DA:4,42
DA:5,42
DA:7,42
DA:13,70
DA:14,70
DA:15,70
DA:19,8
DA:20,8
DA:21,8
DA:22,8
DA:23,8
DA:24,8
DA:25,7
DA:26,6
DA:27,5
DA:28,5
DA:30,1
LF:18
LH:18
BRDA:20,0,0,0
BRDA:21,1,0,0
BRDA:24,2,0,1
BRDA:25,3,0,1
BRDA:27,4,0,0
BRF:5
BRH:2
end_of_record
TN:
SF:src\presentation\controller\update-store\update-store-controller.ts
FN:12,(anonymous_0)
FN:18,(anonymous_1)
FNF:2
FNH:2
FNDA:70,(anonymous_0)
FNDA:9,(anonymous_1)
DA:2,42
DA:4,42
DA:5,42
DA:7,42
DA:13,70
DA:14,70
DA:15,70
DA:19,9
DA:20,9
DA:21,8
DA:22,8
DA:23,8
DA:24,8
DA:25,7
DA:26,6
DA:27,5
DA:28,5
DA:30,1
LF:18
LH:18
BRDA:20,0,0,1
BRDA:21,1,0,0
BRDA:24,2,0,1
BRDA:25,3,0,1
BRDA:27,4,0,0
BRF:5
BRH:3
end_of_record
TN:
SF:src\presentation\controller\update-user\update-user-controller.ts
FN:13,(anonymous_0)
FN:19,(anonymous_1)
FNF:2
FNH:2
FNDA:68,(anonymous_0)
FNDA:5,(anonymous_1)
DA:4,42
DA:5,42
DA:8,42
DA:14,68
DA:15,68
DA:16,68
DA:20,5
DA:21,5
DA:22,5
DA:23,1
DA:26,4
DA:27,4
DA:28,3
DA:29,0
DA:31,3
DA:32,3
DA:33,0
DA:35,3
DA:39,1
LF:19
LH:17
BRDA:22,0,0,1
BRDA:28,1,0,0
BRDA:32,2,0,0
BRF:3
BRH:1
end_of_record
TN:
SF:src\presentation\controller\update-user-data\update-user-data-controller.ts
FN:11,(anonymous_0)
FN:16,(anonymous_1)
FNF:2
FNH:2
FNDA:131,(anonymous_0)
FNDA:6,(anonymous_1)
DA:3,42
DA:4,42
DA:7,42
DA:12,131
DA:13,131
DA:17,6
DA:18,6
DA:19,6
DA:20,1
DA:23,5
DA:24,5
DA:25,4
DA:26,0
DA:29,4
DA:33,1
LF:15
LH:14
BRDA:19,0,0,1
BRDA:25,1,0,0
BRF:2
BRH:1
end_of_record
TN:
SF:src\presentation\errors\access-denied.ts
FN:2,(anonymous_0)
FNF:1
FNH:1
FNDA:54,(anonymous_0)
DA:1,156
DA:3,54
DA:4,54
LF:3
LH:3
BRF:0
BRH:0
end_of_record
TN:
SF:src\presentation\errors\company-already- exists-error.ts
FN:2,(anonymous_0)
FNF:1
FNH:1
FNDA:2,(anonymous_0)
DA:1,41
DA:3,2
DA:4,2
LF:3
LH:3
BRF:0
BRH:0
end_of_record
TN:
SF:src\presentation\errors\company-not-found-error.ts
FN:2,(anonymous_0)
FNF:1
FNH:1
FNDA:2,(anonymous_0)
DA:1,156
DA:3,2
DA:4,2
LF:3
LH:3
BRF:0
BRH:0
end_of_record
TN:
SF:src\presentation\errors\configs-not-found-error.ts
FN:2,(anonymous_0)
FNF:1
FNH:1
FNDA:2,(anonymous_0)
DA:1,156
DA:3,2
DA:4,2
LF:3
LH:3
BRF:0
BRH:0
end_of_record
TN:
SF:src\presentation\errors\cookbook-creation-error.ts
FN:2,(anonymous_0)
FNF:1
FNH:1
FNDA:1,(anonymous_0)
DA:1,42
DA:3,1
DA:4,1
LF:3
LH:3
BRF:0
BRH:0
end_of_record
TN:
SF:src\presentation\errors\creat-recipe-error.ts
FN:2,(anonymous_0)
FNF:1
FNH:0
FNDA:0,(anonymous_0)
DA:1,0
DA:3,0
DA:4,0
LF:3
LH:0
BRF:0
BRH:0
end_of_record
TN:
SF:src\presentation\errors\create-group-error.ts
FN:2,(anonymous_0)
FNF:1
FNH:1
FNDA:1,(anonymous_0)
DA:1,42
DA:3,1
DA:4,1
LF:3
LH:3
BRF:0
BRH:0
end_of_record
TN:
SF:src\presentation\errors\create-menu-error.ts
FN:2,(anonymous_0)
FNF:1
FNH:1
FNDA:1,(anonymous_0)
DA:1,42
DA:3,1
DA:4,1
LF:3
LH:3
BRF:0
BRH:0
end_of_record
TN:
SF:src\presentation\errors\create-step-CombiOvenCMAX-error.ts
FN:2,(anonymous_0)
FNF:1
FNH:1
FNDA:1,(anonymous_0)
DA:1,42
DA:3,1
DA:4,1
LF:3
LH:3
BRF:0
BRH:0
end_of_record
TN:
SF:src\presentation\errors\create-step-CombiOvenTSI-error.ts
FN:2,(anonymous_0)
FNF:1
FNH:1
FNDA:1,(anonymous_0)
DA:1,42
DA:3,1
DA:4,1
LF:3
LH:3
BRF:0
BRH:0
end_of_record
TN:
SF:src\presentation\errors\create-step-SpeedOven-error.ts
FN:2,(anonymous_0)
FNF:1
FNH:1
FNDA:1,(anonymous_0)
DA:1,42
DA:3,1
DA:4,1
LF:3
LH:3
BRF:0
BRH:0
end_of_record
TN:
SF:src\presentation\errors\create-store-error.ts
FN:2,(anonymous_0)
FNF:1
FNH:1
FNDA:1,(anonymous_0)
DA:1,42
DA:3,1
DA:4,1
LF:3
LH:3
BRF:0
BRH:0
end_of_record
TN:
SF:src\presentation\errors\delete-error.ts
FN:2,(anonymous_0)
FNF:1
FNH:0
FNDA:0,(anonymous_0)
DA:1,0
DA:3,0
DA:4,0
LF:3
LH:0
BRF:0
BRH:0
end_of_record
TN:
SF:src\presentation\errors\edit-user-data-error.ts
FN:2,(anonymous_0)
FNF:1
FNH:0
FNDA:0,(anonymous_0)
DA:1,43
DA:3,0
DA:4,0
LF:3
LH:1
BRF:0
BRH:0
end_of_record
TN:
SF:src\presentation\errors\email-in-use-error.ts
FN:2,(anonymous_0)
FNF:1
FNH:1
FNDA:4,(anonymous_0)
DA:1,156
DA:3,4
DA:4,4
LF:3
LH:3
BRF:0
BRH:0
end_of_record
TN:
SF:src\presentation\errors\user-creation-error.ts
FN:2,(anonymous_0)
FNF:1
FNH:1
FNDA:1,(anonymous_0)
DA:1,42
DA:3,1
DA:4,1
LF:3
LH:3
BRF:0
BRH:0
end_of_record
TN:
SF:src\presentation\errors\user-not-belong-user-error.ts
FN:2,(anonymous_0)
FNF:1
FNH:0
FNDA:0,(anonymous_0)
DA:1,0
DA:3,0
DA:4,0
LF:3
LH:0
BRF:0
BRH:0
end_of_record
TN:
SF:src\presentation\errors\user-not-found-error.ts
FN:2,(anonymous_0)
FNF:1
FNH:0
FNDA:0,(anonymous_0)
DA:1,0
DA:3,0
DA:4,0
LF:3
LH:0
BRF:0
BRH:0
end_of_record
TN:
SF:src\presentation\errors\group-params-error.ts
FN:2,(anonymous_0)
FNF:1
FNH:1
FNDA:2,(anonymous_0)
DA:1,42
DA:3,2
DA:4,2
LF:3
LH:3
BRF:0
BRH:0
end_of_record
TN:
SF:src\presentation\errors\index.ts
FNF:0
FNH:0
DA:1,156
DA:2,156
DA:3,156
DA:4,156
DA:5,156
DA:6,156
DA:7,156
DA:8,156
DA:9,156
LF:9
LH:9
BRF:0
BRH:0
end_of_record
TN:
SF:src\presentation\errors\invalid-param-error.ts
FN:2,(anonymous_0)
FNF:1
FNH:1
FNDA:19,(anonymous_0)
DA:1,156
DA:3,19
DA:4,19
LF:3
LH:3
BRF:0
BRH:0
end_of_record
TN:
SF:src\presentation\errors\load-cpfcnpj-error.ts
FN:2,(anonymous_0)
FNF:1
FNH:1
FNDA:1,(anonymous_0)
DA:1,42
DA:3,1
DA:4,1
LF:3
LH:3
BRF:0
BRH:0
end_of_record
TN:
SF:src\presentation\errors\load-group-error.ts
FN:2,(anonymous_0)
FNF:1
FNH:0
FNDA:0,(anonymous_0)
DA:1,0
DA:3,0
DA:4,0
LF:3
LH:0
BRF:0
BRH:0
end_of_record
TN:
SF:src\presentation\errors\load-menu-error.ts
FN:2,(anonymous_0)
FNF:1
FNH:0
FNDA:0,(anonymous_0)
DA:1,0
DA:3,0
DA:4,0
LF:3
LH:0
BRF:0
BRH:0
end_of_record
TN:
SF:src\presentation\errors\load-pin-error.ts
FN:2,(anonymous_0)
FNF:1
FNH:0
FNDA:0,(anonymous_0)
DA:1,44
DA:3,0
DA:4,0
LF:3
LH:1
BRF:0
BRH:0
end_of_record
TN:
SF:src\presentation\errors\load-recipe-error.ts
FN:2,(anonymous_0)
FNF:1
FNH:0
FNDA:0,(anonymous_0)
DA:1,0
DA:3,0
DA:4,0
LF:3
LH:0
BRF:0
BRH:0
end_of_record
TN:
SF:src\presentation\errors\load-step-SpeedOven-error.ts
FN:2,(anonymous_0)
FNF:1
FNH:0
FNDA:0,(anonymous_0)
DA:1,0
DA:3,0
DA:4,0
LF:3
LH:0
BRF:0
BRH:0
end_of_record
TN:
SF:src\presentation\errors\load-store-error.ts
FN:2,(anonymous_0)
FNF:1
FNH:0
FNDA:0,(anonymous_0)
DA:1,0
DA:3,0
DA:4,0
LF:3
LH:0
BRF:0
BRH:0
end_of_record
TN:
SF:src\presentation\errors\menu-config-params-error.ts
FN:2,(anonymous_0)
FNF:1
FNH:0
FNDA:0,(anonymous_0)
DA:1,42
DA:3,0
DA:4,0
LF:3
LH:1
BRF:0
BRH:0
end_of_record
TN:
SF:src\presentation\errors\menu-params-error.ts
FN:2,(anonymous_0)
FNF:1
FNH:0
FNDA:0,(anonymous_0)
DA:1,42
DA:3,0
DA:4,0
LF:3
LH:1
BRF:0
BRH:0
end_of_record
TN:
SF:src\presentation\errors\missing-param-error.ts
FN:2,(anonymous_0)
FNF:1
FNH:1
FNDA:81,(anonymous_0)
DA:1,156
DA:3,81
DA:4,81
LF:3
LH:3
BRF:0
BRH:0
end_of_record
TN:
SF:src\presentation\errors\no-rows-affected-error.ts
FN:2,(anonymous_0)
FNF:1
FNH:1
FNDA:13,(anonymous_0)
DA:1,52
DA:3,13
DA:4,13
LF:3
LH:3
BRF:0
BRH:0
end_of_record
TN:
SF:src\presentation\errors\recipe-parameters-error.ts
FN:2,(anonymous_0)
FNF:1
FNH:0
FNDA:0,(anonymous_0)
DA:1,0
DA:3,0
DA:4,0
LF:3
LH:0
BRF:0
BRH:0
end_of_record
TN:
SF:src\presentation\errors\recipe-params-error.ts
FN:2,(anonymous_0)
FNF:1
FNH:1
FNDA:1,(anonymous_0)
DA:1,42
DA:3,1
DA:4,1
LF:3
LH:3
BRF:0
BRH:0
end_of_record
TN:
SF:src\presentation\errors\send-email-error.ts
FN:2,(anonymous_0)
FNF:1
FNH:0
FNDA:0,(anonymous_0)
DA:1,42
DA:3,0
DA:4,0
LF:3
LH:1
BRF:0
BRH:0
end_of_record
TN:
SF:src\presentation\errors\server-error.ts
FN:2,(anonymous_0)
FNF:1
FNH:1
FNDA:143,(anonymous_0)
DA:1,156
DA:3,143
DA:4,143
DA:5,143
LF:4
LH:4
BRF:0
BRH:0
end_of_record
TN:
SF:src\presentation\errors\step-CombiOvenCMAX-params-error.ts
FN:2,(anonymous_0)
FNF:1
FNH:0
FNDA:0,(anonymous_0)
DA:1,42
DA:3,0
DA:4,0
LF:3
LH:1
BRF:0
BRH:0
end_of_record
TN:
SF:src\presentation\errors\step-CombiOvenTSI-params-error.ts
FN:2,(anonymous_0)
FNF:1
FNH:0
FNDA:0,(anonymous_0)
DA:1,42
DA:3,0
DA:4,0
LF:3
LH:1
BRF:0
BRH:0
end_of_record
TN:
SF:src\presentation\errors\step-SpeedOven-params-error.ts
FN:2,(anonymous_0)
FNF:1
FNH:0
FNDA:0,(anonymous_0)
DA:1,42
DA:3,0
DA:4,0
LF:3
LH:1
BRF:0
BRH:0
end_of_record
TN:
SF:src\presentation\errors\store-params-error.ts
FN:2,(anonymous_0)
FNF:1
FNH:1
FNDA:2,(anonymous_0)
DA:1,42
DA:3,2
DA:4,2
LF:3
LH:3
BRF:0
BRH:0
end_of_record
TN:
SF:src\presentation\errors\unauthorized-error.ts
FN:2,(anonymous_0)
FNF:1
FNH:1
FNDA:5,(anonymous_0)
DA:1,156
DA:3,5
DA:4,5
LF:3
LH:3
BRF:0
BRH:0
end_of_record
TN:
SF:src\presentation\errors\update-configs-error.ts
FN:2,(anonymous_0)
FNF:1
FNH:0
FNDA:0,(anonymous_0)
DA:1,42
DA:3,0
DA:4,0
LF:3
LH:1
BRF:0
BRH:0
end_of_record
TN:
SF:src\presentation\errors\update-group-error.ts
FN:2,(anonymous_0)
FNF:1
FNH:0
FNDA:0,(anonymous_0)
DA:1,0
DA:3,0
DA:4,0
LF:3
LH:0
BRF:0
BRH:0
end_of_record
TN:
SF:src\presentation\errors\update-recipe-error.ts
FN:2,(anonymous_0)
FNF:1
FNH:0
FNDA:0,(anonymous_0)
DA:1,42
DA:3,0
DA:4,0
LF:3
LH:1
BRF:0
BRH:0
end_of_record
TN:
SF:src\presentation\errors\update-step-SpeedOven-error.ts
FN:2,(anonymous_0)
FNF:1
FNH:0
FNDA:0,(anonymous_0)
DA:1,0
DA:3,0
DA:4,0
LF:3
LH:0
BRF:0
BRH:0
end_of_record
TN:
SF:src\presentation\errors\update-store-error.ts
FN:2,(anonymous_0)
FNF:1
FNH:0
FNDA:0,(anonymous_0)
DA:1,0
DA:3,0
DA:4,0
LF:3
LH:0
BRF:0
BRH:0
end_of_record
TN:
SF:src\presentation\errors\user-not-found-error.ts
FN:2,(anonymous_0)
FNF:1
FNH:1
FNDA:4,(anonymous_0)
DA:1,156
DA:3,4
DA:4,4
LF:3
LH:3
BRF:0
BRH:0
end_of_record
TN:
SF:src\presentation\helpers\http-helper.ts
FN:4,(anonymous_0)
FN:9,(anonymous_1)
FN:14,(anonymous_2)
FN:19,(anonymous_3)
FN:24,(anonymous_4)
FN:29,(anonymous_5)
FN:34,(anonymous_6)
FN:39,(anonymous_7)
FNF:8
FNH:7
FNDA:165,(anonymous_0)
FNDA:5,(anonymous_1)
FNDA:129,(anonymous_2)
FNDA:367,(anonymous_3)
FNDA:63,(anonymous_4)
FNDA:27,(anonymous_5)
FNDA:59,(anonymous_6)
FNDA:0,(anonymous_7)
DA:2,88
DA:4,165
DA:9,88
DA:14,129
DA:19,367
DA:24,88
DA:29,88
DA:34,88
DA:39,88
LF:9
LH:9
BRF:0
BRH:0
end_of_record
TN:
SF:src\presentation\helpers\validators\compare-fields-validation.ts
FN:8,(anonymous_0)
FN:13,(anonymous_1)
FNF:2
FNH:2
FNDA:67,(anonymous_0)
FNDA:4,(anonymous_1)
DA:1,43
DA:4,43
DA:9,67
DA:10,67
DA:14,4
DA:15,1
LF:6
LH:6
BRDA:14,0,0,1
BRF:1
BRH:1
end_of_record
TN:
SF:src\presentation\helpers\validators\email-valdiation.ts
FN:9,(anonymous_0)
FN:14,(anonymous_1)
FNF:2
FNH:2
FNDA:328,(anonymous_0)
FNDA:8,(anonymous_1)
DA:2,47
DA:5,47
DA:10,328
DA:11,328
DA:15,8
DA:16,7
DA:17,1
LF:7
LH:7
BRDA:16,0,0,1
BRF:1
BRH:1
end_of_record
TN:
SF:src\presentation\helpers\validators\numeric-fields-validation.ts
FN:7,(anonymous_0)
FN:11,(anonymous_1)
FNF:2
FNH:2
FNDA:1173,(anonymous_0)
FNDA:32,(anonymous_1)
DA:1,59
DA:4,59
DA:8,1173
DA:12,32
DA:13,7
LF:5
LH:5
BRDA:12,0,0,7
BRF:1
BRH:1
end_of_record
TN:
SF:src\presentation\helpers\validators\required-field-validation.ts
FN:7,(anonymous_0)
FN:11,(anonymous_1)
FNF:2
FNH:2
FNDA:23641,(anonymous_0)
FNDA:391,(anonymous_1)
DA:1,97
DA:4,97
DA:8,23641
DA:12,391
DA:13,4
LF:5
LH:5
BRDA:12,0,0,4
BRDA:12,1,0,391
BRDA:12,1,1,387
BRF:3
BRH:3
end_of_record
TN:
SF:src\presentation\helpers\validators\required-update-field-validation.ts
FN:5,(anonymous_0)
FNF:1
FNH:1
FNDA:7,(anonymous_0)
DA:1,48
DA:4,48
DA:6,7
DA:7,7
DA:8,92
DA:9,1
LF:6
LH:6
BRDA:8,0,0,1
BRDA:8,1,0,92
BRDA:8,1,1,92
BRF:3
BRH:3
end_of_record
TN:
SF:src\presentation\helpers\validators\valid-table-fields-validations.ts
FN:7,(anonymous_0)
FN:11,(anonymous_1)
FNF:2
FNH:2
FNDA:67,(anonymous_0)
FNDA:4,(anonymous_1)
DA:1,43
DA:4,43
DA:8,67
DA:12,4
DA:13,4
DA:14,2
LF:6
LH:6
BRDA:13,0,0,2
BRF:1
BRH:1
end_of_record
TN:
SF:src\presentation\helpers\validators\validator-composite.ts
FN:6,(anonymous_0)
FN:10,(anonymous_1)
FNF:2
FNH:2
FNDA:4602,(anonymous_0)
FNDA:93,(anonymous_1)
DA:3,103
DA:7,4602
DA:11,93
DA:12,437
DA:13,437
DA:14,12
LF:6
LH:6
BRDA:13,0,0,12
BRF:1
BRH:1
end_of_record
TN:
SF:src\presentation\middlewares\auth-middleware.ts
FN:10,(anonymous_0)
FN:15,(anonymous_1)
FNF:2
FNH:2
FNDA:698,(anonymous_0)
FNDA:125,(anonymous_1)
DA:2,42
DA:3,42
DA:6,42
DA:11,698
DA:12,698
DA:16,125
DA:17,125
DA:18,125
DA:19,74
DA:21,73
DA:22,72
DA:25,52
DA:27,1
LF:13
LH:13
BRDA:17,0,0,1
BRDA:17,0,1,124
BRDA:17,1,0,125
BRDA:17,1,1,125
BRDA:18,2,0,74
BRDA:21,3,0,72
BRF:6
BRH:6
end_of_record
TN:
SF:src\presentation\protocols\index.ts
FNF:0
FNH:0
DA:1,2
DA:2,2
DA:3,2
DA:4,2
DA:5,2
LF:5
LH:5
BRF:0
BRH:0
end_of_record
TN:
SF:src\utils\email-validator-adapter.ts
FN:5,(anonymous_1)
FNF:1
FNH:1
FNDA:8,(anonymous_1)
DA:2,47
DA:4,47
DA:6,8
LF:3
LH:3
BRF:0
BRH:0
end_of_record
TN:
SF:src\utils\formatUserOven.ts
FN:3,(anonymous_0)
FNF:1
FNH:1
FNDA:16,(anonymous_0)
DA:3,43
DA:4,16
LF:2
LH:2
BRF:0
BRH:0
end_of_record
TN:
SF:src\utils\send-email-adapter.ts
FN:21,(anonymous_6)
FNF:1
FNH:1
FNDA:15,(anonymous_6)
DA:3,42
DA:6,42
DA:20,42
DA:22,15
DA:23,15
LF:5
LH:5
BRF:0
BRH:0
end_of_record
TN:
SF:src\utils\exportMenu\export-menu-cmax.ts
FN:11,(anonymous_1)
FN:17,(anonymous_2)
FN:21,(anonymous_3)
FN:36,(anonymous_4)
FN:54,(anonymous_5)
FN:63,(anonymous_6)
FN:68,(anonymous_7)
FN:85,(anonymous_8)
FN:101,(anonymous_9)
FN:114,(anonymous_10)
FN:128,(anonymous_11)
FN:135,(anonymous_12)
FN:159,(anonymous_13)
FN:168,(anonymous_14)
FN:172,(anonymous_15)
FNF:15
FNH:0
FNDA:0,(anonymous_1)
FNDA:0,(anonymous_2)
FNDA:0,(anonymous_3)
FNDA:0,(anonymous_4)
FNDA:0,(anonymous_5)
FNDA:0,(anonymous_6)
FNDA:0,(anonymous_7)
FNDA:0,(anonymous_8)
FNDA:0,(anonymous_9)
FNDA:0,(anonymous_10)
FNDA:0,(anonymous_11)
FNDA:0,(anonymous_12)
FNDA:0,(anonymous_13)
FNDA:0,(anonymous_14)
FNDA:0,(anonymous_15)
DA:1,41
DA:2,41
DA:3,41
DA:8,41
DA:9,41
DA:11,41
DA:12,0
DA:13,0
DA:17,41
DA:18,0
DA:21,41
DA:22,0
DA:23,0
DA:24,0
DA:25,0
DA:26,0
DA:28,0
DA:31,0
DA:33,0
DA:36,41
DA:37,0
DA:38,0
DA:39,0
DA:40,0
DA:41,0
DA:42,0
DA:44,0
DA:46,0
DA:49,0
DA:51,0
DA:54,41
DA:55,0
DA:56,0
DA:57,0
DA:58,0
DA:59,0
DA:60,0
DA:63,41
DA:64,0
DA:65,0
DA:68,41
DA:69,0
DA:70,0
DA:71,0
DA:72,0
DA:73,0
DA:74,0
DA:75,0
DA:77,0
DA:82,0
DA:85,41
DA:86,0
DA:87,0
DA:88,0
DA:89,0
DA:90,0
DA:91,0
DA:92,0
DA:93,0
DA:95,0
DA:98,0
DA:101,41
DA:102,0
DA:103,0
DA:104,0
DA:105,0
DA:106,0
DA:107,0
DA:108,0
DA:109,0
DA:110,0
DA:111,0
DA:114,41
DA:115,0
DA:116,0
DA:117,0
DA:118,0
DA:119,0
DA:120,0
DA:121,0
DA:122,0
DA:123,0
DA:124,0
DA:125,0
DA:128,41
DA:129,0
DA:130,0
DA:131,0
DA:132,0
DA:135,41
DA:136,0
DA:137,0
DA:138,0
DA:139,0
DA:140,0
DA:141,0
DA:143,0
DA:144,0
DA:145,0
DA:146,0
DA:148,0
DA:151,0
DA:152,0
DA:153,0
DA:155,0
DA:156,0
DA:159,41
DA:160,0
DA:161,0
DA:162,0
DA:163,0
DA:164,0
DA:168,0
DA:169,0
DA:172,0
DA:173,0
DA:176,0
DA:177,0
DA:178,0
DA:180,0
DA:182,0
LF:121
LH:18
BRDA:12,0,0,0
BRDA:24,1,0,0
BRDA:25,2,0,0
BRDA:39,3,0,0
BRDA:40,4,0,0
BRDA:41,5,0,0
BRDA:56,6,0,0
BRDA:57,7,0,0
BRDA:58,8,0,0
BRDA:59,9,0,0
BRDA:73,10,0,0
BRDA:73,10,1,0
BRDA:92,11,0,0
BRDA:92,11,1,0
BRDA:92,12,0,0
BRDA:92,12,1,0
BRDA:145,13,0,0
BRDA:145,13,1,0
BRF:18
BRH:0
end_of_record
TN:
SF:src\utils\exportMenu\exportMenuForza.ts
FN:10,(anonymous_1)
FN:11,(anonymous_2)
FN:12,(anonymous_3)
FN:22,(anonymous_4)
FN:23,(anonymous_5)
FN:24,(anonymous_6)
FN:34,(anonymous_7)
FN:49,(anonymous_8)
FN:71,(anonymous_9)
FN:77,(anonymous_10)
FN:97,(anonymous_11)
FN:178,(anonymous_12)
FN:191,(anonymous_13)
FN:249,(anonymous_14)
FN:291,(anonymous_15)
FN:301,(anonymous_16)
FN:309,(anonymous_17)
FN:315,(anonymous_18)
FN:376,(anonymous_19)
FN:417,(anonymous_20)
FN:430,(anonymous_21)
FN:438,(anonymous_22)
FN:442,(anonymous_23)
FN:551,(anonymous_24)
FN:576,(anonymous_25)
FN:612,(anonymous_26)
FN:622,(anonymous_27)
FN:626,(anonymous_28)
FNF:28
FNH:0
FNDA:0,(anonymous_1)
FNDA:0,(anonymous_2)
FNDA:0,(anonymous_3)
FNDA:0,(anonymous_4)
FNDA:0,(anonymous_5)
FNDA:0,(anonymous_6)
FNDA:0,(anonymous_7)
FNDA:0,(anonymous_8)
FNDA:0,(anonymous_9)
FNDA:0,(anonymous_10)
FNDA:0,(anonymous_11)
FNDA:0,(anonymous_12)
FNDA:0,(anonymous_13)
FNDA:0,(anonymous_14)
FNDA:0,(anonymous_15)
FNDA:0,(anonymous_16)
FNDA:0,(anonymous_17)
FNDA:0,(anonymous_18)
FNDA:0,(anonymous_19)
FNDA:0,(anonymous_20)
FNDA:0,(anonymous_21)
FNDA:0,(anonymous_22)
FNDA:0,(anonymous_23)
FNDA:0,(anonymous_24)
FNDA:0,(anonymous_25)
FNDA:0,(anonymous_26)
FNDA:0,(anonymous_27)
FNDA:0,(anonymous_28)
DA:1,41
DA:2,41
DA:3,41
DA:6,41
DA:7,41
DA:10,41
DA:11,0
DA:12,0
DA:13,0
DA:14,0
DA:15,0
DA:17,0
DA:22,41
DA:23,0
DA:24,0
DA:25,0
DA:26,0
DA:27,0
DA:29,0
DA:34,41
DA:35,0
DA:36,0
DA:37,0
DA:38,0
DA:39,0
DA:41,0
DA:44,0
DA:46,0
DA:49,41
DA:50,0
DA:51,0
DA:52,0
DA:53,0
DA:54,0
DA:56,0
DA:57,0
DA:58,0
DA:59,0
DA:61,0
DA:63,0
DA:64,0
DA:65,0
DA:67,0
DA:68,0
DA:70,0
DA:71,0
DA:72,0
DA:73,0
DA:74,0
DA:77,0
DA:78,0
DA:80,0
DA:82,0
DA:85,0
DA:87,0
DA:89,0
DA:92,0
DA:94,0
DA:97,41
DA:98,0
DA:99,0
DA:101,0
DA:103,0
DA:106,0
DA:107,0
DA:108,0
DA:111,0
DA:112,0
DA:115,0
DA:116,0
DA:117,0
DA:118,0
DA:120,0
DA:121,0
DA:122,0
DA:124,0
DA:125,0
DA:128,0
DA:129,0
DA:132,0
DA:134,0
DA:135,0
DA:137,0
DA:138,0
DA:140,0
DA:141,0
DA:143,0
DA:144,0
DA:146,0
DA:147,0
DA:149,0
DA:151,0
DA:152,0
DA:153,0
DA:154,0
DA:155,0
DA:157,0
DA:158,0
DA:160,0
DA:161,0
DA:162,0
DA:163,0
DA:164,0
DA:166,0
DA:167,0
DA:168,0
DA:169,0
DA:170,0
DA:171,0
DA:172,0
DA:174,0
DA:178,41
DA:179,0
DA:181,0
DA:184,0
DA:185,0
DA:186,0
DA:187,0
DA:189,0
DA:191,0
DA:193,0
DA:194,0
DA:195,0
DA:196,0
DA:197,0
DA:198,0
DA:199,0
DA:200,0
DA:201,0
DA:202,0
DA:203,0
DA:204,0
DA:205,0
DA:206,0
DA:207,0
DA:208,0
DA:209,0
DA:210,0
DA:211,0
DA:212,0
DA:213,0
DA:214,0
DA:215,0
DA:216,0
DA:217,0
DA:218,0
DA:219,0
DA:220,0
DA:221,0
DA:222,0
DA:223,0
DA:224,0
DA:225,0
DA:226,0
DA:227,0
DA:228,0
DA:229,0
DA:230,0
DA:231,0
DA:232,0
DA:233,0
DA:234,0
DA:235,0
DA:236,0
DA:237,0
DA:238,0
DA:239,0
DA:240,0
DA:241,0
DA:242,0
DA:243,0
DA:244,0
DA:245,0
DA:246,0
DA:247,0
DA:249,0
DA:251,0
DA:253,0
DA:255,0
DA:257,0
DA:258,0
DA:259,0
DA:261,0
DA:262,0
DA:265,0
DA:266,0
DA:267,0
DA:268,0
DA:269,0
DA:270,0
DA:271,0
DA:275,0
DA:276,0
DA:277,0
DA:278,0
DA:279,0
DA:280,0
DA:281,0
DA:282,0
DA:283,0
DA:284,0
DA:285,0
DA:287,0
DA:289,0
DA:291,0
DA:292,0
DA:293,0
DA:295,0
DA:297,0
DA:301,41
DA:302,0
DA:305,0
DA:306,0
DA:307,0
DA:309,0
DA:310,0
DA:311,0
DA:313,0
DA:315,0
DA:317,0
DA:318,0
DA:319,0
DA:320,0
DA:321,0
DA:322,0
DA:323,0
DA:324,0
DA:325,0
DA:326,0
DA:327,0
DA:328,0
DA:329,0
DA:330,0
DA:331,0
DA:332,0
DA:333,0
DA:334,0
DA:335,0
DA:336,0
DA:337,0
DA:338,0
DA:339,0
DA:340,0
DA:341,0
DA:342,0
DA:343,0
DA:344,0
DA:345,0
DA:346,0
DA:347,0
DA:348,0
DA:349,0
DA:350,0
DA:351,0
DA:352,0
DA:353,0
DA:354,0
DA:355,0
DA:356,0
DA:357,0
DA:358,0
DA:359,0
DA:360,0
DA:361,0
DA:362,0
DA:363,0
DA:364,0
DA:365,0
DA:366,0
DA:367,0
DA:368,0
DA:369,0
DA:370,0
DA:371,0
DA:372,0
DA:373,0
DA:374,0
DA:376,0
DA:377,0
DA:379,0
DA:381,0
DA:383,0
DA:384,0
DA:387,0
DA:388,0
DA:391,0
DA:392,0
DA:393,0
DA:394,0
DA:395,0
DA:396,0
DA:397,0
DA:401,0
DA:402,0
DA:403,0
DA:404,0
DA:405,0
DA:406,0
DA:407,0
DA:408,0
DA:409,0
DA:410,0
DA:411,0
DA:413,0
DA:415,0
DA:417,0
DA:418,0
DA:419,0
DA:421,0
DA:424,0
DA:427,0
DA:430,41
DA:431,0
DA:432,0
DA:433,0
DA:436,0
DA:437,0
DA:438,0
DA:439,0
DA:440,0
DA:441,0
DA:442,0
DA:443,0
DA:444,0
DA:446,0
DA:447,0
DA:448,0
DA:449,0
DA:450,0
DA:451,0
DA:452,0
DA:453,0
DA:454,0
DA:455,0
DA:456,0
DA:457,0
DA:458,0
DA:459,0
DA:460,0
DA:461,0
DA:462,0
DA:463,0
DA:464,0
DA:465,0
DA:466,0
DA:467,0
DA:468,0
DA:469,0
DA:470,0
DA:471,0
DA:472,0
DA:473,0
DA:474,0
DA:475,0
DA:476,0
DA:477,0
DA:478,0
DA:479,0
DA:480,0
DA:481,0
DA:482,0
DA:483,0
DA:484,0
DA:485,0
DA:486,0
DA:487,0
DA:488,0
DA:489,0
DA:490,0
DA:491,0
DA:492,0
DA:493,0
DA:494,0
DA:495,0
DA:496,0
DA:497,0
DA:498,0
DA:499,0
DA:500,0
DA:501,0
DA:502,0
DA:503,0
DA:504,0
DA:505,0
DA:506,0
DA:507,0
DA:508,0
DA:509,0
DA:512,0
DA:513,0
DA:516,0
DA:517,0
DA:520,0
DA:521,0
DA:522,0
DA:523,0
DA:524,0
DA:525,0
DA:526,0
DA:528,0
DA:529,0
DA:530,0
DA:531,0
DA:532,0
DA:533,0
DA:534,0
DA:535,0
DA:536,0
DA:537,0
DA:538,0
DA:541,0
DA:542,0
DA:543,0
DA:544,0
DA:545,0
DA:547,0
DA:548,0
DA:550,0
DA:551,0
DA:554,0
DA:555,0
DA:556,0
DA:557,0
DA:559,0
DA:576,0
DA:577,0
DA:578,0
DA:579,0
DA:580,0
DA:581,0
DA:583,0
DA:584,0
DA:585,0
DA:586,0
DA:587,0
DA:588,0
DA:589,0
DA:590,0
DA:591,0
DA:592,0
DA:595,0
DA:599,0
DA:603,0
DA:606,0
DA:608,0
DA:612,41
DA:613,0
DA:615,0
DA:616,0
DA:617,0
DA:618,0
DA:622,0
DA:623,0
DA:626,0
DA:627,0
DA:630,0
DA:631,0
DA:632,0
DA:634,0
DA:636,0
LF:460
LH:14
BRDA:13,0,0,0
BRDA:13,0,1,0
BRDA:25,1,0,0
BRDA:25,1,1,0
BRDA:37,2,0,0
BRDA:38,3,0,0
BRDA:52,4,0,0
BRDA:53,5,0,0
BRDA:56,6,0,0
BRDA:57,7,0,0
BRDA:58,8,0,0
BRDA:63,9,0,0
BRDA:64,10,0,0
BRDA:67,11,0,0
BRDA:73,12,0,0
BRDA:73,12,1,0
BRDA:115,13,0,0
BRDA:115,13,1,0
BRDA:132,14,0,0
BRDA:132,14,1,0
BRDA:132,14,2,0
BRDA:132,14,3,0
BRDA:132,14,4,0
BRDA:168,15,0,0
BRDA:168,15,1,0
BRDA:189,16,0,0
BRDA:287,17,0,0
BRDA:287,17,1,0
BRDA:306,18,0,0
BRDA:313,19,0,0
BRDA:313,20,0,0
BRDA:313,20,1,0
BRDA:437,21,0,0
BRDA:441,22,0,0
BRDA:550,23,0,0
BRDA:555,24,0,0
BRDA:555,24,1,0
BRDA:555,25,0,0
BRDA:555,25,1,0
BRDA:578,26,0,0
BRDA:578,26,1,0
BRF:41
BRH:0
end_of_record
TN:
SF:src\utils\exportMenu\exportMenuLegacy.ts
FN:11,(anonymous_1)
FN:12,(anonymous_2)
FN:13,(anonymous_3)
FN:23,(anonymous_4)
FN:24,(anonymous_5)
FN:25,(anonymous_6)
FN:35,(anonymous_7)
FN:50,(anonymous_8)
FN:72,(anonymous_9)
FN:78,(anonymous_10)
FN:98,(anonymous_11)
FN:162,(anonymous_12)
FN:175,(anonymous_13)
FN:182,(anonymous_14)
FN:210,(anonymous_15)
FN:220,(anonymous_16)
FN:228,(anonymous_17)
FN:234,(anonymous_18)
FN:242,(anonymous_19)
FN:269,(anonymous_20)
FN:282,(anonymous_21)
FN:290,(anonymous_22)
FN:294,(anonymous_23)
FN:325,(anonymous_24)
FN:350,(anonymous_25)
FN:385,(anonymous_26)
FN:395,(anonymous_27)
FN:399,(anonymous_28)
FNF:28
FNH:0
FNDA:0,(anonymous_1)
FNDA:0,(anonymous_2)
FNDA:0,(anonymous_3)
FNDA:0,(anonymous_4)
FNDA:0,(anonymous_5)
FNDA:0,(anonymous_6)
FNDA:0,(anonymous_7)
FNDA:0,(anonymous_8)
FNDA:0,(anonymous_9)
FNDA:0,(anonymous_10)
FNDA:0,(anonymous_11)
FNDA:0,(anonymous_12)
FNDA:0,(anonymous_13)
FNDA:0,(anonymous_14)
FNDA:0,(anonymous_15)
FNDA:0,(anonymous_16)
FNDA:0,(anonymous_17)
FNDA:0,(anonymous_18)
FNDA:0,(anonymous_19)
FNDA:0,(anonymous_20)
FNDA:0,(anonymous_21)
FNDA:0,(anonymous_22)
FNDA:0,(anonymous_23)
FNDA:0,(anonymous_24)
FNDA:0,(anonymous_25)
FNDA:0,(anonymous_26)
FNDA:0,(anonymous_27)
FNDA:0,(anonymous_28)
DA:2,41
DA:3,41
DA:4,41
DA:7,41
DA:8,41
DA:11,41
DA:12,0
DA:13,0
DA:14,0
DA:15,0
DA:16,0
DA:18,0
DA:23,41
DA:24,0
DA:25,0
DA:26,0
DA:27,0
DA:28,0
DA:30,0
DA:35,41
DA:36,0
DA:37,0
DA:38,0
DA:39,0
DA:40,0
DA:42,0
DA:45,0
DA:47,0
DA:50,41
DA:51,0
DA:52,0
DA:53,0
DA:54,0
DA:55,0
DA:57,0
DA:58,0
DA:59,0
DA:60,0
DA:62,0
DA:64,0
DA:65,0
DA:66,0
DA:68,0
DA:69,0
DA:71,0
DA:72,0
DA:73,0
DA:74,0
DA:75,0
DA:78,0
DA:79,0
DA:81,0
DA:83,0
DA:86,0
DA:88,0
DA:90,0
DA:93,0
DA:95,0
DA:98,41
DA:99,0
DA:100,0
DA:102,0
DA:104,0
DA:108,0
DA:109,0
DA:110,0
DA:113,0
DA:114,0
DA:117,0
DA:118,0
DA:119,0
DA:120,0
DA:122,0
DA:123,0
DA:125,0
DA:126,0
DA:129,0
DA:130,0
DA:133,0
DA:135,0
DA:136,0
DA:138,0
DA:139,0
DA:141,0
DA:142,0
DA:144,0
DA:145,0
DA:147,0
DA:148,0
DA:152,0
DA:153,0
DA:155,0
DA:156,0
DA:158,0
DA:162,41
DA:163,0
DA:165,0
DA:168,0
DA:169,0
DA:170,0
DA:171,0
DA:173,0
DA:175,0
DA:177,0
DA:178,0
DA:179,0
DA:180,0
DA:182,0
DA:184,0
DA:186,0
DA:188,0
DA:190,0
DA:191,0
DA:192,0
DA:194,0
DA:195,0
DA:198,0
DA:199,0
DA:200,0
DA:201,0
DA:202,0
DA:205,0
DA:206,0
DA:208,0
DA:210,0
DA:211,0
DA:212,0
DA:214,0
DA:216,0
DA:220,41
DA:221,0
DA:224,0
DA:225,0
DA:226,0
DA:228,0
DA:229,0
DA:230,0
DA:232,0
DA:234,0
DA:236,0
DA:237,0
DA:238,0
DA:239,0
DA:240,0
DA:242,0
DA:243,0
DA:245,0
DA:247,0
DA:249,0
DA:250,0
DA:253,0
DA:254,0
DA:257,0
DA:258,0
DA:259,0
DA:260,0
DA:261,0
DA:264,0
DA:265,0
DA:267,0
DA:269,0
DA:270,0
DA:271,0
DA:273,0
DA:276,0
DA:279,0
DA:282,41
DA:283,0
DA:284,0
DA:285,0
DA:288,0
DA:289,0
DA:290,0
DA:291,0
DA:292,0
DA:293,0
DA:294,0
DA:295,0
DA:296,0
DA:298,0
DA:299,0
DA:302,0
DA:303,0
DA:306,0
DA:307,0
DA:310,0
DA:311,0
DA:312,0
DA:313,0
DA:314,0
DA:316,0
DA:317,0
DA:318,0
DA:319,0
DA:320,0
DA:322,0
DA:323,0
DA:324,0
DA:325,0
DA:328,0
DA:329,0
DA:330,0
DA:331,0
DA:333,0
DA:350,0
DA:351,0
DA:352,0
DA:353,0
DA:354,0
DA:355,0
DA:357,0
DA:358,0
DA:359,0
DA:360,0
DA:361,0
DA:362,0
DA:363,0
DA:364,0
DA:365,0
DA:366,0
DA:369,0
DA:373,0
DA:376,0
DA:379,0
DA:381,0
DA:385,41
DA:386,0
DA:388,0
DA:389,0
DA:390,0
DA:391,0
DA:395,0
DA:396,0
DA:399,0
DA:400,0
DA:403,0
DA:404,0
DA:405,0
DA:407,0
DA:409,0
LF:240
LH:14
BRDA:14,0,0,0
BRDA:14,0,1,0
BRDA:26,1,0,0
BRDA:26,1,1,0
BRDA:38,2,0,0
BRDA:39,3,0,0
BRDA:53,4,0,0
BRDA:54,5,0,0
BRDA:57,6,0,0
BRDA:58,7,0,0
BRDA:59,8,0,0
BRDA:64,9,0,0
BRDA:65,10,0,0
BRDA:68,11,0,0
BRDA:74,12,0,0
BRDA:74,12,1,0
BRDA:108,13,0,0
BRDA:108,13,1,0
BRDA:109,14,0,0
BRDA:109,14,1,0
BRDA:110,15,0,0
BRDA:110,15,1,0
BRDA:117,16,0,0
BRDA:117,16,1,0
BRDA:123,17,0,0
BRDA:123,17,1,0
BRDA:133,18,0,0
BRDA:133,18,1,0
BRDA:133,18,2,0
BRDA:133,18,3,0
BRDA:133,18,4,0
BRDA:152,19,0,0
BRDA:152,19,1,0
BRDA:153,20,0,0
BRDA:153,20,1,0
BRDA:173,21,0,0
BRDA:184,22,0,0
BRDA:184,22,1,0
BRDA:186,23,0,0
BRDA:186,23,1,0
BRDA:188,24,0,0
BRDA:188,24,1,0
BRDA:190,25,0,0
BRDA:190,25,1,0
BRDA:192,26,0,0
BRDA:192,26,1,0
BRDA:195,27,0,0
BRDA:195,27,1,0
BRDA:200,28,0,0
BRDA:200,28,1,0
BRDA:201,29,0,0
BRDA:201,29,1,0
BRDA:202,30,0,0
BRDA:202,30,1,0
BRDA:205,31,0,0
BRDA:206,32,0,0
BRDA:206,32,1,0
BRDA:212,33,0,0
BRDA:212,33,1,0
BRDA:225,34,0,0
BRDA:232,35,0,0
BRDA:232,36,0,0
BRDA:232,36,1,0
BRDA:243,37,0,0
BRDA:243,37,1,0
BRDA:245,38,0,0
BRDA:245,38,1,0
BRDA:247,39,0,0
BRDA:247,39,1,0
BRDA:250,40,0,0
BRDA:250,40,1,0
BRDA:254,41,0,0
BRDA:254,41,1,0
BRDA:259,42,0,0
BRDA:259,42,1,0
BRDA:260,43,0,0
BRDA:260,43,1,0
BRDA:261,44,0,0
BRDA:261,44,1,0
BRDA:264,45,0,0
BRDA:264,45,1,0
BRDA:265,46,0,0
BRDA:265,46,1,0
BRDA:271,47,0,0
BRDA:271,47,1,0
BRDA:289,48,0,0
BRDA:293,49,0,0
BRDA:298,50,0,0
BRDA:298,50,1,0
BRDA:299,51,0,0
BRDA:299,51,1,0
BRDA:324,52,0,0
BRDA:329,53,0,0
BRDA:329,53,1,0
BRDA:329,54,0,0
BRDA:329,54,1,0
BRDA:352,55,0,0
BRDA:352,55,1,0
BRDA:353,56,0,0
BRDA:353,56,1,0
BRF:100
BRH:0
end_of_record
TN:
SF:src\utils\factors\creat-randomString-factor.ts
FN:4,(anonymous_0)
FNF:1
FNH:1
FNDA:4,(anonymous_0)
DA:3,41
DA:5,4
DA:6,4
DA:7,4
DA:8,4
DA:9,24
DA:10,24
DA:12,4
LF:8
LH:8
BRF:0
BRH:0
end_of_record
TN:
SF:src\utils\factors\emailTemplate\baseTemplate.ts
FN:35,get
FN:47,createBody
FN:76,getHeader
FN:95,getFooter
FNF:4
FNH:4
FNDA:15,get
FNDA:15,createBody
FNDA:15,getHeader
FNDA:15,getFooter
DA:3,42
DA:8,42
DA:13,42
DA:18,42
DA:23,42
DA:36,15
DA:37,15
DA:38,15
DA:40,15
DA:48,15
DA:77,15
DA:96,15
DA:97,15
DA:114,42
LF:14
LH:14
BRF:0
BRH:0
end_of_record
TN:
SF:src\utils\factors\emailTemplate\runner.ts
FN:7,runner
FNF:1
FNH:0
FNDA:0,runner
DA:3,0
DA:5,0
DA:8,0
LF:3
LH:0
BRF:0
BRH:0
end_of_record
TN:
SF:src\utils\factors\emailTemplate\templates.ts
FN:12,getAccountActivationTemplate
FN:30,getRecoverPasswordTemplate
FN:48,getUserConviteTemplate
FNF:3
FNH:3
FNDA:8,getAccountActivationTemplate
FNDA:3,getRecoverPasswordTemplate
FNDA:4,getUserConviteTemplate
DA:3,42
DA:4,42
DA:5,42
DA:12,42
DA:14,8
DA:22,8
DA:30,42
DA:32,3
DA:40,3
DA:48,42
DA:50,4
DA:58,4
LF:12
LH:12
BRF:0
BRH:0
end_of_record
